INFO - 2025-03-18 08:15:51 --> Session: Class initialized using 'CodeIgniter\Session\Handlers\FileHandler' driver.
INFO - 2025-03-18 08:15:52 --> Session: Class initialized using 'CodeIgniter\Session\Handlers\FileHandler' driver.
INFO - 2025-03-18 08:15:54 --> Session: Class initialized using 'CodeIgniter\Session\Handlers\FileHandler' driver.
INFO - 2025-03-18 08:15:59 --> Session: Class initialized using 'CodeIgniter\Session\Handlers\FileHandler' driver.
INFO - 2025-03-18 08:16:10 --> Session: Class initialized using 'CodeIgniter\Session\Handlers\FileHandler' driver.
INFO - 2025-03-18 08:16:24 --> CSRF token verified.
INFO - 2025-03-18 08:16:24 --> Session: Class initialized using 'CodeIgniter\Session\Handlers\FileHandler' driver.
INFO - 2025-03-18 08:16:26 --> Session: Class initialized using 'CodeIgniter\Session\Handlers\FileHandler' driver.
INFO - 2025-03-18 08:16:39 --> CSRF token verified.
INFO - 2025-03-18 08:16:39 --> Session: Class initialized using 'CodeIgniter\Session\Handlers\FileHandler' driver.
INFO - 2025-03-18 08:16:39 --> Session: Class initialized using 'CodeIgniter\Session\Handlers\FileHandler' driver.
INFO - 2025-03-18 08:16:44 --> Session: Class initialized using 'CodeIgniter\Session\Handlers\FileHandler' driver.
INFO - 2025-03-18 08:17:19 --> Session: Class initialized using 'CodeIgniter\Session\Handlers\FileHandler' driver.
INFO - 2025-03-18 08:17:19 --> CSRF token verified.
INFO - 2025-03-18 08:17:20 --> Session: Class initialized using 'CodeIgniter\Session\Handlers\FileHandler' driver.
INFO - 2025-03-18 08:17:43 --> Session: Class initialized using 'CodeIgniter\Session\Handlers\FileHandler' driver.
INFO - 2025-03-18 08:18:44 --> Session: Class initialized using 'CodeIgniter\Session\Handlers\FileHandler' driver.
INFO - 2025-03-18 08:19:18 --> Session: Class initialized using 'CodeIgniter\Session\Handlers\FileHandler' driver.
INFO - 2025-03-18 08:19:18 --> CSRF token verified.
INFO - 2025-03-18 08:19:18 --> Session: Class initialized using 'CodeIgniter\Session\Handlers\FileHandler' driver.
INFO - 2025-03-18 08:20:03 --> Session: Class initialized using 'CodeIgniter\Session\Handlers\FileHandler' driver.
INFO - 2025-03-18 08:25:13 --> Session: Class initialized using 'CodeIgniter\Session\Handlers\FileHandler' driver.
INFO - 2025-03-18 08:26:45 --> Session: Class initialized using 'CodeIgniter\Session\Handlers\FileHandler' driver.
INFO - 2025-03-18 08:26:45 --> Session: Class initialized using 'CodeIgniter\Session\Handlers\FileHandler' driver.
INFO - 2025-03-18 08:26:58 --> CSRF token verified.
INFO - 2025-03-18 08:26:58 --> Session: Class initialized using 'CodeIgniter\Session\Handlers\FileHandler' driver.
INFO - 2025-03-18 08:26:58 --> Session: Class initialized using 'CodeIgniter\Session\Handlers\FileHandler' driver.
INFO - 2025-03-18 08:27:02 --> Session: Class initialized using 'CodeIgniter\Session\Handlers\FileHandler' driver.
INFO - 2025-03-18 08:27:28 --> Session: Class initialized using 'CodeIgniter\Session\Handlers\FileHandler' driver.
INFO - 2025-03-18 08:30:15 --> Session: Class initialized using 'CodeIgniter\Session\Handlers\FileHandler' driver.
INFO - 2025-03-18 08:30:32 --> Session: Class initialized using 'CodeIgniter\Session\Handlers\FileHandler' driver.
INFO - 2025-03-18 08:30:32 --> Session: Class initialized using 'CodeIgniter\Session\Handlers\FileHandler' driver.
INFO - 2025-03-18 08:30:57 --> CSRF token verified.
INFO - 2025-03-18 08:30:57 --> Session: Class initialized using 'CodeIgniter\Session\Handlers\FileHandler' driver.
INFO - 2025-03-18 08:30:58 --> Session: Class initialized using 'CodeIgniter\Session\Handlers\FileHandler' driver.
INFO - 2025-03-18 08:31:01 --> Session: Class initialized using 'CodeIgniter\Session\Handlers\FileHandler' driver.
INFO - 2025-03-18 08:34:25 --> Session: Class initialized using 'CodeIgniter\Session\Handlers\FileHandler' driver.
INFO - 2025-03-18 08:34:25 --> Session: Class initialized using 'CodeIgniter\Session\Handlers\FileHandler' driver.
INFO - 2025-03-18 08:34:38 --> CSRF token verified.
INFO - 2025-03-18 08:34:38 --> Session: Class initialized using 'CodeIgniter\Session\Handlers\FileHandler' driver.
INFO - 2025-03-18 08:34:39 --> Session: Class initialized using 'CodeIgniter\Session\Handlers\FileHandler' driver.
INFO - 2025-03-18 08:34:42 --> Session: Class initialized using 'CodeIgniter\Session\Handlers\FileHandler' driver.
INFO - 2025-03-18 08:34:59 --> Session: Class initialized using 'CodeIgniter\Session\Handlers\FileHandler' driver.
INFO - 2025-03-18 08:34:59 --> Session: Class initialized using 'CodeIgniter\Session\Handlers\FileHandler' driver.
INFO - 2025-03-18 08:35:13 --> CSRF token verified.
INFO - 2025-03-18 08:35:13 --> Session: Class initialized using 'CodeIgniter\Session\Handlers\FileHandler' driver.
INFO - 2025-03-18 08:35:14 --> Session: Class initialized using 'CodeIgniter\Session\Handlers\FileHandler' driver.
INFO - 2025-03-18 08:35:16 --> Session: Class initialized using 'CodeIgniter\Session\Handlers\FileHandler' driver.
INFO - 2025-03-18 08:40:49 --> Session: Class initialized using 'CodeIgniter\Session\Handlers\FileHandler' driver.
INFO - 2025-03-18 08:41:12 --> Session: Class initialized using 'CodeIgniter\Session\Handlers\FileHandler' driver.
INFO - 2025-03-18 08:45:48 --> Session: Class initialized using 'CodeIgniter\Session\Handlers\FileHandler' driver.
INFO - 2025-03-18 08:45:48 --> Session: Class initialized using 'CodeIgniter\Session\Handlers\FileHandler' driver.
INFO - 2025-03-18 08:46:02 --> CSRF token verified.
INFO - 2025-03-18 08:46:02 --> Session: Class initialized using 'CodeIgniter\Session\Handlers\FileHandler' driver.
INFO - 2025-03-18 08:46:02 --> Session: Class initialized using 'CodeIgniter\Session\Handlers\FileHandler' driver.
INFO - 2025-03-18 08:46:05 --> Session: Class initialized using 'CodeIgniter\Session\Handlers\FileHandler' driver.
INFO - 2025-03-18 08:46:44 --> Session: Class initialized using 'CodeIgniter\Session\Handlers\FileHandler' driver.
INFO - 2025-03-18 08:46:44 --> Session: Class initialized using 'CodeIgniter\Session\Handlers\FileHandler' driver.
INFO - 2025-03-18 08:46:58 --> CSRF token verified.
INFO - 2025-03-18 08:46:58 --> Session: Class initialized using 'CodeIgniter\Session\Handlers\FileHandler' driver.
INFO - 2025-03-18 08:46:58 --> Session: Class initialized using 'CodeIgniter\Session\Handlers\FileHandler' driver.
INFO - 2025-03-18 08:47:02 --> Session: Class initialized using 'CodeIgniter\Session\Handlers\FileHandler' driver.
INFO - 2025-03-18 08:50:58 --> Session: Class initialized using 'CodeIgniter\Session\Handlers\FileHandler' driver.
INFO - 2025-03-18 08:51:15 --> Session: Class initialized using 'CodeIgniter\Session\Handlers\FileHandler' driver.
INFO - 2025-03-18 08:51:15 --> Session: Class initialized using 'CodeIgniter\Session\Handlers\FileHandler' driver.
INFO - 2025-03-18 08:51:27 --> CSRF token verified.
INFO - 2025-03-18 08:51:27 --> Session: Class initialized using 'CodeIgniter\Session\Handlers\FileHandler' driver.
INFO - 2025-03-18 08:51:28 --> Session: Class initialized using 'CodeIgniter\Session\Handlers\FileHandler' driver.
INFO - 2025-03-18 08:51:31 --> Session: Class initialized using 'CodeIgniter\Session\Handlers\FileHandler' driver.
INFO - 2025-03-18 08:56:49 --> Session: Class initialized using 'CodeIgniter\Session\Handlers\FileHandler' driver.
INFO - 2025-03-18 08:57:33 --> Session: Class initialized using 'CodeIgniter\Session\Handlers\FileHandler' driver.
INFO - 2025-03-18 09:01:56 --> Session: Class initialized using 'CodeIgniter\Session\Handlers\FileHandler' driver.
INFO - 2025-03-18 09:02:02 --> Session: Class initialized using 'CodeIgniter\Session\Handlers\FileHandler' driver.
INFO - 2025-03-18 09:04:15 --> Session: Class initialized using 'CodeIgniter\Session\Handlers\FileHandler' driver.
INFO - 2025-03-18 09:05:45 --> Session: Class initialized using 'CodeIgniter\Session\Handlers\FileHandler' driver.
CRITICAL - 2025-03-18 09:05:45 --> Call to undefined method CodeIgniter\Database\MySQLi\Builder::gorupby()
in APPPATH\Controllers\Kegiatan_Csr.php on line 28.
 1 SYSTEMPATH\CodeIgniter.php(919): App\Controllers\Kegiatan_Csr->index()
 2 SYSTEMPATH\CodeIgniter.php(494): CodeIgniter\CodeIgniter->runController(Object(App\Controllers\Kegiatan_Csr))
 3 SYSTEMPATH\CodeIgniter.php(353): CodeIgniter\CodeIgniter->handleRequest(null, Object(Config\Cache), false)
 4 FCPATH\index.php(79): CodeIgniter\CodeIgniter->run()
INFO - 2025-03-18 09:06:09 --> Session: Class initialized using 'CodeIgniter\Session\Handlers\FileHandler' driver.
INFO - 2025-03-18 09:08:35 --> Session: Class initialized using 'CodeIgniter\Session\Handlers\FileHandler' driver.
INFO - 2025-03-18 09:11:33 --> Session: Class initialized using 'CodeIgniter\Session\Handlers\FileHandler' driver.
INFO - 2025-03-18 09:12:39 --> Session: Class initialized using 'CodeIgniter\Session\Handlers\FileHandler' driver.
ERROR - 2025-03-18 09:12:39 --> mysqli_sql_exception: Expression #15 of SELECT list is not in GROUP BY clause and contains nonaggregated column 'csr.detail_kegiatan_csr.nominal' which is not functionally dependent on columns in GROUP BY clause; this is incompatible with sql_mode=only_full_group_by in C:\laragon\www\csr\system\Database\MySQLi\Connection.php:306
Stack trace:
#0 C:\laragon\www\csr\system\Database\MySQLi\Connection.php(306): mysqli->query('SELECT `volume`...', 0)
#1 C:\laragon\www\csr\system\Database\BaseConnection.php(692): CodeIgniter\Database\MySQLi\Connection->execute('SELECT `volume`...')
#2 C:\laragon\www\csr\system\Database\BaseConnection.php(606): CodeIgniter\Database\BaseConnection->simpleQuery('SELECT `volume`...')
#3 C:\laragon\www\csr\system\Database\BaseBuilder.php(1615): CodeIgniter\Database\BaseConnection->query('SELECT `volume`...', Array, false)
#4 C:\laragon\www\csr\app\Controllers\Kegiatan_Csr.php(35): CodeIgniter\Database\BaseBuilder->get()
#5 C:\laragon\www\csr\system\CodeIgniter.php(919): App\Controllers\Kegiatan_Csr->index()
#6 C:\laragon\www\csr\system\CodeIgniter.php(494): CodeIgniter\CodeIgniter->runController(Object(App\Controllers\Kegiatan_Csr))
#7 C:\laragon\www\csr\system\CodeIgniter.php(353): CodeIgniter\CodeIgniter->handleRequest(NULL, Object(Config\Cache), false)
#8 C:\laragon\www\csr\public\index.php(79): CodeIgniter\CodeIgniter->run()
#9 {main}
CRITICAL - 2025-03-18 09:12:39 --> Expression #15 of SELECT list is not in GROUP BY clause and contains nonaggregated column 'csr.detail_kegiatan_csr.nominal' which is not functionally dependent on columns in GROUP BY clause; this is incompatible with sql_mode=only_full_group_by
in SYSTEMPATH\Database\BaseConnection.php on line 646.
 1 SYSTEMPATH\Database\BaseBuilder.php(1615): CodeIgniter\Database\BaseConnection->query('SELECT `volume`, `kegiatan_csr`.`id`, `kegiatan_csr`.`tahun`, `ruang_lingkup`.`ket` as `ruang_lingkup`, `urusan_bidang`.`ket` as `urusan_bidang`, `kegiatan_csr`.`program_kegiatan`, `aktifitas`, `kegiatan_csr`.`alamat`, `kalurahan`.`nm_kapanewon` as `kapanewon`, `kalurahan`.`nm_kalurahan` as `kalurahan`, `kegiatan_csr`.`biaya`, `kegiatan_csr`.`volume`, `kegiatan_csr`.`satuan`, `kegiatan_csr`.`opd`, `nominal`
FROM `kegiatan_csr`
JOIN `ruang_lingkup` ON `kegiatan_csr`.`ruang_lingkup`=`ruang_lingkup`.`id`
JOIN `urusan_bidang` ON `kegiatan_csr`.`urusan_bidang`=`urusan_bidang`.`id`
JOIN `kalurahan` ON `kegiatan_csr`.`kalurahan`=`kalurahan`.`id_kalurahan`
LEFT JOIN `detail_kegiatan_csr` ON `kegiatan_csr`.`id`=`detail_kegiatan_csr`.`id_kegiatan_csr`
GROUP BY `kegiatan_csr`.`id`', [], false)
 2 APPPATH\Controllers\Kegiatan_Csr.php(35): CodeIgniter\Database\BaseBuilder->get()
 3 SYSTEMPATH\CodeIgniter.php(919): App\Controllers\Kegiatan_Csr->index()
 4 SYSTEMPATH\CodeIgniter.php(494): CodeIgniter\CodeIgniter->runController(Object(App\Controllers\Kegiatan_Csr))
 5 SYSTEMPATH\CodeIgniter.php(353): CodeIgniter\CodeIgniter->handleRequest(null, Object(Config\Cache), false)
 6 FCPATH\index.php(79): CodeIgniter\CodeIgniter->run()
INFO - 2025-03-18 09:13:22 --> Session: Class initialized using 'CodeIgniter\Session\Handlers\FileHandler' driver.
ERROR - 2025-03-18 09:13:22 --> mysqli_sql_exception: You have an error in your SQL syntax; check the manual that corresponds to your MySQL server version for the right syntax to use near 'as `ruang_lingkup`, `urusan_bidang`.`ket` as `urusan_bidang`, `kegiatan_csr`.`pr' at line 7 in C:\laragon\www\csr\system\Database\MySQLi\Connection.php:306
Stack trace:
#0 C:\laragon\www\csr\system\Database\MySQLi\Connection.php(306): mysqli->query('SELECT `volume`...', 0)
#1 C:\laragon\www\csr\system\Database\BaseConnection.php(692): CodeIgniter\Database\MySQLi\Connection->execute('SELECT `volume`...')
#2 C:\laragon\www\csr\system\Database\BaseConnection.php(606): CodeIgniter\Database\BaseConnection->simpleQuery('SELECT `volume`...')
#3 C:\laragon\www\csr\system\Database\BaseBuilder.php(1615): CodeIgniter\Database\BaseConnection->query('SELECT `volume`...', Array, false)
#4 C:\laragon\www\csr\app\Controllers\Kegiatan_Csr.php(35): CodeIgniter\Database\BaseBuilder->get()
#5 C:\laragon\www\csr\system\CodeIgniter.php(919): App\Controllers\Kegiatan_Csr->index()
#6 C:\laragon\www\csr\system\CodeIgniter.php(494): CodeIgniter\CodeIgniter->runController(Object(App\Controllers\Kegiatan_Csr))
#7 C:\laragon\www\csr\system\CodeIgniter.php(353): CodeIgniter\CodeIgniter->handleRequest(NULL, Object(Config\Cache), false)
#8 C:\laragon\www\csr\public\index.php(79): CodeIgniter\CodeIgniter->run()
#9 {main}
CRITICAL - 2025-03-18 09:13:22 --> You have an error in your SQL syntax; check the manual that corresponds to your MySQL server version for the right syntax to use near 'as `ruang_lingkup`, `urusan_bidang`.`ket` as `urusan_bidang`, `kegiatan_csr`.`pr' at line 7
in SYSTEMPATH\Database\BaseConnection.php on line 646.
 1 SYSTEMPATH\Database\BaseBuilder.php(1615): CodeIgniter\Database\BaseConnection->query('SELECT `volume`, `kegiatan_csr`.`id`, `kegiatan_csr`.`tahun`, `ruang_lingkup`.`ket` as `ruang_lingkup`, `urusan_bidang`.`ket` as `urusan_bidang`, `kegiatan_csr`.`program_kegiatan`, `aktifitas`, `kegiatan_csr`.`alamat`, `kalurahan`.`nm_kapanewon` as `kapanewon`, `kalurahan`.`nm_kalurahan` as `kalurahan`, `kegiatan_csr`.`biaya`, `kegiatan_csr`.`volume`, `kegiatan_csr`.`satuan`, `kegiatan_csr`.`opd`, `nominal`
FROM `kegiatan_csr`
JOIN `ruang_lingkup` ON `kegiatan_csr`.`ruang_lingkup`=`ruang_lingkup`.`id`
JOIN `urusan_bidang` ON `kegiatan_csr`.`urusan_bidang`=`urusan_bidang`.`id`
JOIN `kalurahan` ON `kegiatan_csr`.`kalurahan`=`kalurahan`.`id_kalurahan`
LEFT JOIN `detail_kegiatan_csr` ON `kegiatan_csr`.`id`=`detail_kegiatan_csr`.`id_kegiatan_csr`
GROUP BY `volume`, `kegiatan_csr`.`id`, `kegiatan_csr`.`tahun`, `ruang_lingkup`.`ket` as `ruang_lingkup`, `urusan_bidang`.`ket` as `urusan_bidang`, `kegiatan_csr`.`program_kegiatan`, `aktifitas`, `kegiatan_csr`.`alamat`, `kalurahan`.`nm_kapanewon` as `kapanewon`, `kalurahan`.`nm_kalurahan` as `kalurahan`, `kegiatan_csr`.`biaya`, `kegiatan_csr`.`volume`, `kegiatan_csr`.`satuan`, `kegiatan_csr`.`opd`, `nominal`', [], false)
 2 APPPATH\Controllers\Kegiatan_Csr.php(35): CodeIgniter\Database\BaseBuilder->get()
 3 SYSTEMPATH\CodeIgniter.php(919): App\Controllers\Kegiatan_Csr->index()
 4 SYSTEMPATH\CodeIgniter.php(494): CodeIgniter\CodeIgniter->runController(Object(App\Controllers\Kegiatan_Csr))
 5 SYSTEMPATH\CodeIgniter.php(353): CodeIgniter\CodeIgniter->handleRequest(null, Object(Config\Cache), false)
 6 FCPATH\index.php(79): CodeIgniter\CodeIgniter->run()
INFO - 2025-03-18 09:14:25 --> Session: Class initialized using 'CodeIgniter\Session\Handlers\FileHandler' driver.
INFO - 2025-03-18 09:16:22 --> Session: Class initialized using 'CodeIgniter\Session\Handlers\FileHandler' driver.
INFO - 2025-03-18 09:17:53 --> Session: Class initialized using 'CodeIgniter\Session\Handlers\FileHandler' driver.
INFO - 2025-03-18 09:19:16 --> Session: Class initialized using 'CodeIgniter\Session\Handlers\FileHandler' driver.
ERROR - 2025-03-18 09:19:16 --> mysqli_sql_exception: You have an error in your SQL syntax; check the manual that corresponds to your MySQL server version for the right syntax to use near ' 0) as nominal
FROM `kegiatan_csr`
JOIN `ruang_lingkup` ON `kegiatan_csr`.`ruang' at line 1 in C:\laragon\www\csr\system\Database\MySQLi\Connection.php:306
Stack trace:
#0 C:\laragon\www\csr\system\Database\MySQLi\Connection.php(306): mysqli->query('SELECT `volume`...', 0)
#1 C:\laragon\www\csr\system\Database\BaseConnection.php(692): CodeIgniter\Database\MySQLi\Connection->execute('SELECT `volume`...')
#2 C:\laragon\www\csr\system\Database\BaseConnection.php(606): CodeIgniter\Database\BaseConnection->simpleQuery('SELECT `volume`...')
#3 C:\laragon\www\csr\system\Database\BaseBuilder.php(1615): CodeIgniter\Database\BaseConnection->query('SELECT `volume`...', Array, false)
#4 C:\laragon\www\csr\app\Controllers\Kegiatan_Csr.php(35): CodeIgniter\Database\BaseBuilder->get()
#5 C:\laragon\www\csr\system\CodeIgniter.php(919): App\Controllers\Kegiatan_Csr->index()
#6 C:\laragon\www\csr\system\CodeIgniter.php(494): CodeIgniter\CodeIgniter->runController(Object(App\Controllers\Kegiatan_Csr))
#7 C:\laragon\www\csr\system\CodeIgniter.php(353): CodeIgniter\CodeIgniter->handleRequest(NULL, Object(Config\Cache), false)
#8 C:\laragon\www\csr\public\index.php(79): CodeIgniter\CodeIgniter->run()
#9 {main}
CRITICAL - 2025-03-18 09:19:16 --> You have an error in your SQL syntax; check the manual that corresponds to your MySQL server version for the right syntax to use near ' 0) as nominal
FROM `kegiatan_csr`
JOIN `ruang_lingkup` ON `kegiatan_csr`.`ruang' at line 1
in SYSTEMPATH\Database\BaseConnection.php on line 646.
 1 SYSTEMPATH\Database\BaseBuilder.php(1615): CodeIgniter\Database\BaseConnection->query('SELECT `volume`, `kegiatan_csr`.`id`, `kegiatan_csr`.`tahun`, `ruang_lingkup`.`ket` as `ruang_lingkup`, `urusan_bidang`.`ket` as `urusan_bidang`, `kegiatan_csr`.`program_kegiatan`, `aktifitas`, `kegiatan_csr`.`alamat`, `kalurahan`.`nm_kapanewon` as `kapanewon`, `kalurahan`.`nm_kalurahan` as `kalurahan`, `kegiatan_csr`.`biaya`, `kegiatan_csr`.`volume`, `kegiatan_csr`.`satuan`, `kegiatan_csr`.`opd`, sum(nominal, 0) as nominal
FROM `kegiatan_csr`
JOIN `ruang_lingkup` ON `kegiatan_csr`.`ruang_lingkup`=`ruang_lingkup`.`id`
JOIN `urusan_bidang` ON `kegiatan_csr`.`urusan_bidang`=`urusan_bidang`.`id`
JOIN `kalurahan` ON `kegiatan_csr`.`kalurahan`=`kalurahan`.`id_kalurahan`
LEFT JOIN `detail_kegiatan_csr` ON `kegiatan_csr`.`id`=`detail_kegiatan_csr`.`id_kegiatan_csr`
GROUP BY `volume`, `kegiatan_csr`.`id`, `kegiatan_csr`.`tahun`, `ruang_lingkup`.`ket`, `urusan_bidang`.`ket`, `kegiatan_csr`.`program_kegiatan`, `aktifitas`, `kegiatan_csr`.`alamat`, `kalurahan`.`nm_kapanewon`, `kalurahan`.`nm_kalurahan`, `kegiatan_csr`.`biaya`, `kegiatan_csr`.`volume`, `kegiatan_csr`.`satuan`, `kegiatan_csr`.`opd`, `nominal`', [], false)
 2 APPPATH\Controllers\Kegiatan_Csr.php(35): CodeIgniter\Database\BaseBuilder->get()
 3 SYSTEMPATH\CodeIgniter.php(919): App\Controllers\Kegiatan_Csr->index()
 4 SYSTEMPATH\CodeIgniter.php(494): CodeIgniter\CodeIgniter->runController(Object(App\Controllers\Kegiatan_Csr))
 5 SYSTEMPATH\CodeIgniter.php(353): CodeIgniter\CodeIgniter->handleRequest(null, Object(Config\Cache), false)
 6 FCPATH\index.php(79): CodeIgniter\CodeIgniter->run()
INFO - 2025-03-18 09:19:32 --> Session: Class initialized using 'CodeIgniter\Session\Handlers\FileHandler' driver.
INFO - 2025-03-18 09:21:39 --> Session: Class initialized using 'CodeIgniter\Session\Handlers\FileHandler' driver.
INFO - 2025-03-18 09:21:40 --> Session: Class initialized using 'CodeIgniter\Session\Handlers\FileHandler' driver.
INFO - 2025-03-18 09:21:41 --> Session: Class initialized using 'CodeIgniter\Session\Handlers\FileHandler' driver.
INFO - 2025-03-18 09:21:43 --> Session: Class initialized using 'CodeIgniter\Session\Handlers\FileHandler' driver.
INFO - 2025-03-18 09:21:44 --> Session: Class initialized using 'CodeIgniter\Session\Handlers\FileHandler' driver.
INFO - 2025-03-18 09:21:47 --> Session: Class initialized using 'CodeIgniter\Session\Handlers\FileHandler' driver.
INFO - 2025-03-18 09:21:57 --> Session: Class initialized using 'CodeIgniter\Session\Handlers\FileHandler' driver.
INFO - 2025-03-18 09:21:57 --> Session: Class initialized using 'CodeIgniter\Session\Handlers\FileHandler' driver.
INFO - 2025-03-18 09:23:24 --> Session: Class initialized using 'CodeIgniter\Session\Handlers\FileHandler' driver.
INFO - 2025-03-18 09:23:24 --> Session: Class initialized using 'CodeIgniter\Session\Handlers\FileHandler' driver.
INFO - 2025-03-18 09:27:07 --> Session: Class initialized using 'CodeIgniter\Session\Handlers\FileHandler' driver.
INFO - 2025-03-18 09:27:15 --> Session: Class initialized using 'CodeIgniter\Session\Handlers\FileHandler' driver.
INFO - 2025-03-18 09:27:15 --> CSRF token verified.
INFO - 2025-03-18 09:27:15 --> Session: Class initialized using 'CodeIgniter\Session\Handlers\FileHandler' driver.
INFO - 2025-03-18 09:28:04 --> Session: Class initialized using 'CodeIgniter\Session\Handlers\FileHandler' driver.
INFO - 2025-03-18 09:28:04 --> Session: Class initialized using 'CodeIgniter\Session\Handlers\FileHandler' driver.
INFO - 2025-03-18 09:28:20 --> CSRF token verified.
INFO - 2025-03-18 09:28:20 --> Session: Class initialized using 'CodeIgniter\Session\Handlers\FileHandler' driver.
INFO - 2025-03-18 09:28:21 --> Session: Class initialized using 'CodeIgniter\Session\Handlers\FileHandler' driver.
INFO - 2025-03-18 09:28:24 --> Session: Class initialized using 'CodeIgniter\Session\Handlers\FileHandler' driver.
INFO - 2025-03-18 09:31:11 --> Session: Class initialized using 'CodeIgniter\Session\Handlers\FileHandler' driver.
INFO - 2025-03-18 09:41:35 --> Session: Class initialized using 'CodeIgniter\Session\Handlers\FileHandler' driver.
INFO - 2025-03-18 09:42:34 --> Session: Class initialized using 'CodeIgniter\Session\Handlers\FileHandler' driver.
INFO - 2025-03-18 09:42:34 --> CSRF token verified.
INFO - 2025-03-18 09:42:36 --> Session: Class initialized using 'CodeIgniter\Session\Handlers\FileHandler' driver.
INFO - 2025-03-18 09:42:59 --> Session: Class initialized using 'CodeIgniter\Session\Handlers\FileHandler' driver.
INFO - 2025-03-18 09:43:17 --> Session: Class initialized using 'CodeIgniter\Session\Handlers\FileHandler' driver.
INFO - 2025-03-18 09:43:17 --> CSRF token verified.
INFO - 2025-03-18 09:43:17 --> Session: Class initialized using 'CodeIgniter\Session\Handlers\FileHandler' driver.
INFO - 2025-03-18 09:43:21 --> Session: Class initialized using 'CodeIgniter\Session\Handlers\FileHandler' driver.
INFO - 2025-03-18 09:44:47 --> Session: Class initialized using 'CodeIgniter\Session\Handlers\FileHandler' driver.
INFO - 2025-03-18 09:45:40 --> Session: Class initialized using 'CodeIgniter\Session\Handlers\FileHandler' driver.
INFO - 2025-03-18 09:46:28 --> Session: Class initialized using 'CodeIgniter\Session\Handlers\FileHandler' driver.
INFO - 2025-03-18 09:47:10 --> Session: Class initialized using 'CodeIgniter\Session\Handlers\FileHandler' driver.
INFO - 2025-03-18 09:51:05 --> Session: Class initialized using 'CodeIgniter\Session\Handlers\FileHandler' driver.
INFO - 2025-03-18 09:51:27 --> Session: Class initialized using 'CodeIgniter\Session\Handlers\FileHandler' driver.
INFO - 2025-03-18 09:51:49 --> Session: Class initialized using 'CodeIgniter\Session\Handlers\FileHandler' driver.
INFO - 2025-03-18 09:51:49 --> CSRF token verified.
INFO - 2025-03-18 09:51:49 --> Session: Class initialized using 'CodeIgniter\Session\Handlers\FileHandler' driver.
INFO - 2025-03-18 09:52:07 --> Session: Class initialized using 'CodeIgniter\Session\Handlers\FileHandler' driver.
INFO - 2025-03-18 09:52:35 --> Session: Class initialized using 'CodeIgniter\Session\Handlers\FileHandler' driver.
INFO - 2025-03-18 09:52:35 --> Session: Class initialized using 'CodeIgniter\Session\Handlers\FileHandler' driver.
INFO - 2025-03-18 09:52:48 --> CSRF token verified.
INFO - 2025-03-18 09:52:48 --> Session: Class initialized using 'CodeIgniter\Session\Handlers\FileHandler' driver.
INFO - 2025-03-18 09:52:49 --> Session: Class initialized using 'CodeIgniter\Session\Handlers\FileHandler' driver.
INFO - 2025-03-18 09:52:52 --> Session: Class initialized using 'CodeIgniter\Session\Handlers\FileHandler' driver.
INFO - 2025-03-18 09:53:34 --> Session: Class initialized using 'CodeIgniter\Session\Handlers\FileHandler' driver.
INFO - 2025-03-18 09:55:19 --> Session: Class initialized using 'CodeIgniter\Session\Handlers\FileHandler' driver.
CRITICAL - 2025-03-18 09:55:19 --> Call to undefined function 1()
in APPPATH\Views\admin\kegiatan_csr\kegiatan_csr.php on line 275.
 1 SYSTEMPATH\View\View.php(226): include()
 2 SYSTEMPATH\View\View.php(229): CodeIgniter\View\View->CodeIgniter\View\{closure}()
 3 SYSTEMPATH\Common.php(1188): CodeIgniter\View\View->render('admin/kegiatan_csr/kegiatan_csr', [], true)
 4 APPPATH\Controllers\Kegiatan_Csr.php(48): view('admin/kegiatan_csr/kegiatan_csr', [...])
 5 SYSTEMPATH\CodeIgniter.php(919): App\Controllers\Kegiatan_Csr->index()
 6 SYSTEMPATH\CodeIgniter.php(494): CodeIgniter\CodeIgniter->runController(Object(App\Controllers\Kegiatan_Csr))
 7 SYSTEMPATH\CodeIgniter.php(353): CodeIgniter\CodeIgniter->handleRequest(null, Object(Config\Cache), false)
 8 FCPATH\index.php(79): CodeIgniter\CodeIgniter->run()
INFO - 2025-03-18 09:56:36 --> Session: Class initialized using 'CodeIgniter\Session\Handlers\FileHandler' driver.
INFO - 2025-03-18 09:57:05 --> Session: Class initialized using 'CodeIgniter\Session\Handlers\FileHandler' driver.
INFO - 2025-03-18 09:57:10 --> Session: Class initialized using 'CodeIgniter\Session\Handlers\FileHandler' driver.
