CRITICAL - 2023-09-21 06:40:01 --> Class 'App\Controllers\Services' not found
in APPPATH\Controllers\Perusahaan.php on line 39.
 1 SYSTEMPATH\CodeIgniter.php(919): App\Controllers\Perusahaan->perusahaan_save()
 2 SYSTEMPATH\CodeIgniter.php(494): CodeIgniter\CodeIgniter->runController(Object(App\Controllers\Perusahaan))
 3 SYSTEMPATH\CodeIgniter.php(353): CodeIgniter\CodeIgniter->handleRequest(null, Object(Config\Cache), false)
 4 FCPATH\index.php(79): CodeIgniter\CodeIgniter->run()
CRITICAL - 2023-09-21 06:42:21 --> Undefined variable: hasher
in APPPATH\Controllers\Perusahaan.php on line 41.
 1 APPPATH\Controllers\Perusahaan.php(41): CodeIgniter\Debug\Exceptions->errorHandler(8, 'Undefined variable: hasher', 'D:\\laragon\\www\\csr\\app\\Controllers\\Perusahaan.php', 41, [...])
 2 SYSTEMPATH\CodeIgniter.php(919): App\Controllers\Perusahaan->perusahaan_save()
 3 SYSTEMPATH\CodeIgniter.php(494): CodeIgniter\CodeIgniter->runController(Object(App\Controllers\Perusahaan))
 4 SYSTEMPATH\CodeIgniter.php(353): CodeIgniter\CodeIgniter->handleRequest(null, Object(Config\Cache), false)
 5 FCPATH\index.php(79): CodeIgniter\CodeIgniter->run()
CRITICAL - 2023-09-21 06:43:08 --> Call to a member function hash() on null
in APPPATH\Controllers\Perusahaan.php on line 41.
 1 SYSTEMPATH\CodeIgniter.php(919): App\Controllers\Perusahaan->perusahaan_save()
 2 SYSTEMPATH\CodeIgniter.php(494): CodeIgniter\CodeIgniter->runController(Object(App\Controllers\Perusahaan))
 3 SYSTEMPATH\CodeIgniter.php(353): CodeIgniter\CodeIgniter->handleRequest(null, Object(Config\Cache), false)
 4 FCPATH\index.php(79): CodeIgniter\CodeIgniter->run()
CRITICAL - 2023-09-21 06:43:44 --> Call to a member function hash() on null
in APPPATH\Controllers\Perusahaan.php on line 41.
 1 SYSTEMPATH\CodeIgniter.php(919): App\Controllers\Perusahaan->perusahaan_save()
 2 SYSTEMPATH\CodeIgniter.php(494): CodeIgniter\CodeIgniter->runController(Object(App\Controllers\Perusahaan))
 3 SYSTEMPATH\CodeIgniter.php(353): CodeIgniter\CodeIgniter->handleRequest(null, Object(Config\Cache), false)
 4 FCPATH\index.php(79): CodeIgniter\CodeIgniter->run()
CRITICAL - 2023-09-21 06:45:23 --> Call to a member function hash() on null
in APPPATH\Controllers\Perusahaan.php on line 42.
 1 SYSTEMPATH\CodeIgniter.php(919): App\Controllers\Perusahaan->perusahaan_save()
 2 SYSTEMPATH\CodeIgniter.php(494): CodeIgniter\CodeIgniter->runController(Object(App\Controllers\Perusahaan))
 3 SYSTEMPATH\CodeIgniter.php(353): CodeIgniter\CodeIgniter->handleRequest(null, Object(Config\Cache), false)
 4 FCPATH\index.php(79): CodeIgniter\CodeIgniter->run()
CRITICAL - 2023-09-21 06:57:54 --> Call to a member function hash() on null
in APPPATH\Controllers\Perusahaan.php on line 42.
 1 SYSTEMPATH\CodeIgniter.php(919): App\Controllers\Perusahaan->perusahaan_save()
 2 SYSTEMPATH\CodeIgniter.php(494): CodeIgniter\CodeIgniter->runController(Object(App\Controllers\Perusahaan))
 3 SYSTEMPATH\CodeIgniter.php(353): CodeIgniter\CodeIgniter->handleRequest(null, Object(Config\Cache), false)
 4 FCPATH\index.php(79): CodeIgniter\CodeIgniter->run()
CRITICAL - 2023-09-21 06:58:09 --> Call to a member function hash() on null
in APPPATH\Controllers\Perusahaan.php on line 43.
 1 SYSTEMPATH\CodeIgniter.php(919): App\Controllers\Perusahaan->perusahaan_save()
 2 SYSTEMPATH\CodeIgniter.php(494): CodeIgniter\CodeIgniter->runController(Object(App\Controllers\Perusahaan))
 3 SYSTEMPATH\CodeIgniter.php(353): CodeIgniter\CodeIgniter->handleRequest(null, Object(Config\Cache), false)
 4 FCPATH\index.php(79): CodeIgniter\CodeIgniter->run()
CRITICAL - 2023-09-21 07:00:04 --> Call to a member function hash() on null
in APPPATH\Controllers\Perusahaan.php on line 43.
 1 SYSTEMPATH\CodeIgniter.php(919): App\Controllers\Perusahaan->perusahaan_save()
 2 SYSTEMPATH\CodeIgniter.php(494): CodeIgniter\CodeIgniter->runController(Object(App\Controllers\Perusahaan))
 3 SYSTEMPATH\CodeIgniter.php(353): CodeIgniter\CodeIgniter->handleRequest(null, Object(Config\Cache), false)
 4 FCPATH\index.php(79): CodeIgniter\CodeIgniter->run()
CRITICAL - 2023-09-21 07:01:00 --> Encrypter needs a starter key.
in SYSTEMPATH\Encryption\Encryption.php on line 124.
 1 SYSTEMPATH\Encryption\Encryption.php(124): CodeIgniter\Encryption\Exceptions\EncryptionException::forNeedsStarterKey()
 2 SYSTEMPATH\Config\Services.php(251): CodeIgniter\Encryption\Encryption->initialize(Object(Config\Encryption))
 3 SYSTEMPATH\Config\BaseService.php(258): CodeIgniter\Config\Services::encrypter()
 4 APPPATH\Controllers\Perusahaan.php(40): CodeIgniter\Config\BaseService::__callStatic('encrypter', [])
 5 SYSTEMPATH\CodeIgniter.php(919): App\Controllers\Perusahaan->perusahaan_save()
 6 SYSTEMPATH\CodeIgniter.php(494): CodeIgniter\CodeIgniter->runController(Object(App\Controllers\Perusahaan))
 7 SYSTEMPATH\CodeIgniter.php(353): CodeIgniter\CodeIgniter->handleRequest(null, Object(Config\Cache), false)
 8 FCPATH\index.php(79): CodeIgniter\CodeIgniter->run()
