INFO - 2024-06-11 08:00:58 --> Session: Class initialized using 'CodeIgniter\Session\Handlers\FileHandler' driver.
INFO - 2024-06-11 08:00:59 --> Session: Class initialized using 'CodeIgniter\Session\Handlers\FileHandler' driver.
INFO - 2024-06-11 08:01:02 --> Session: Class initialized using 'CodeIgniter\Session\Handlers\FileHandler' driver.
INFO - 2024-06-11 08:01:08 --> Session: Class initialized using 'CodeIgniter\Session\Handlers\FileHandler' driver.
INFO - 2024-06-11 08:01:13 --> Session: Class initialized using 'CodeIgniter\Session\Handlers\FileHandler' driver.
INFO - 2024-06-11 08:08:44 --> Session: Class initialized using 'CodeIgniter\Session\Handlers\FileHandler' driver.
INFO - 2024-06-11 08:08:48 --> Session: Class initialized using 'CodeIgniter\Session\Handlers\FileHandler' driver.
INFO - 2024-06-11 08:08:50 --> Session: Class initialized using 'CodeIgniter\Session\Handlers\FileHandler' driver.
ERROR - 2024-06-11 08:08:50 --> mysqli_sql_exception: Unknown column 'kegiatan_csr.permasalahan' in 'field list' in C:\laragon\www\csr\system\Database\MySQLi\Connection.php:306
Stack trace:
#0 C:\laragon\www\csr\system\Database\MySQLi\Connection.php(306): mysqli->query('SELECT `kegiata...', 0)
#1 C:\laragon\www\csr\system\Database\BaseConnection.php(692): CodeIgniter\Database\MySQLi\Connection->execute('SELECT `kegiata...')
#2 C:\laragon\www\csr\system\Database\BaseConnection.php(606): CodeIgniter\Database\BaseConnection->simpleQuery('SELECT `kegiata...')
#3 C:\laragon\www\csr\system\Database\BaseBuilder.php(1615): CodeIgniter\Database\BaseConnection->query('SELECT `kegiata...', Array, false)
#4 C:\laragon\www\csr\app\Controllers\Kegiatan_Csr.php(21): CodeIgniter\Database\BaseBuilder->get()
#5 C:\laragon\www\csr\system\CodeIgniter.php(919): App\Controllers\Kegiatan_Csr->index()
#6 C:\laragon\www\csr\system\CodeIgniter.php(494): CodeIgniter\CodeIgniter->runController(Object(App\Controllers\Kegiatan_Csr))
#7 C:\laragon\www\csr\system\CodeIgniter.php(353): CodeIgniter\CodeIgniter->handleRequest(NULL, Object(Config\Cache), false)
#8 C:\laragon\www\csr\public\index.php(79): CodeIgniter\CodeIgniter->run()
#9 {main}
CRITICAL - 2024-06-11 08:08:50 --> Unknown column 'kegiatan_csr.permasalahan' in 'field list'
in SYSTEMPATH\Database\BaseConnection.php on line 646.
 1 SYSTEMPATH\Database\BaseBuilder.php(1615): CodeIgniter\Database\BaseConnection->query('SELECT `kegiatan_csr`.`id`, `kegiatan_csr`.`tahun`, `ruang_lingkup`.`ket` as `ruang_lingkup`, `urusan_bidang`.`ket` as `urusan_bidang`, `kegiatan_csr`.`program_kegiatan`, `kegiatan_csr`.`permasalahan`, `kegiatan_csr`.`alamat`, `kalurahan`.`nm_kapanewon` as `kapanewon`, `kalurahan`.`nm_kalurahan` as `kalurahan`, `kegiatan_csr`.`biaya`, `kegiatan_csr`.`biaya2`, `kegiatan_csr`.`keterangan`, `kegiatan_csr`.`sumber_usulan`, `kegiatan_csr`.`opd`
FROM `kegiatan_csr`
JOIN `ruang_lingkup` ON `kegiatan_csr`.`ruang_lingkup`=`ruang_lingkup`.`id`
JOIN `urusan_bidang` ON `kegiatan_csr`.`urusan_bidang`=`urusan_bidang`.`id`
JOIN `kalurahan` ON `kegiatan_csr`.`kalurahan`=`kalurahan`.`id_kalurahan`', [], false)
 2 APPPATH\Controllers\Kegiatan_Csr.php(21): CodeIgniter\Database\BaseBuilder->get()
 3 SYSTEMPATH\CodeIgniter.php(919): App\Controllers\Kegiatan_Csr->index()
 4 SYSTEMPATH\CodeIgniter.php(494): CodeIgniter\CodeIgniter->runController(Object(App\Controllers\Kegiatan_Csr))
 5 SYSTEMPATH\CodeIgniter.php(353): CodeIgniter\CodeIgniter->handleRequest(null, Object(Config\Cache), false)
 6 FCPATH\index.php(79): CodeIgniter\CodeIgniter->run()
INFO - 2024-06-11 08:13:53 --> Session: Class initialized using 'CodeIgniter\Session\Handlers\FileHandler' driver.
INFO - 2024-06-11 08:31:14 --> Session: Class initialized using 'CodeIgniter\Session\Handlers\FileHandler' driver.
ERROR - 2024-06-11 08:31:52 --> mysqli_sql_exception: Unknown column 'volume' in 'field list' in C:\laragon\www\csr\system\Database\MySQLi\Connection.php:306
Stack trace:
#0 C:\laragon\www\csr\system\Database\MySQLi\Connection.php(306): mysqli->query('INSERT INTO `ke...', 0)
#1 C:\laragon\www\csr\system\Database\BaseConnection.php(692): CodeIgniter\Database\MySQLi\Connection->execute('INSERT INTO `ke...')
#2 C:\laragon\www\csr\system\Database\BaseConnection.php(606): CodeIgniter\Database\BaseConnection->simpleQuery('INSERT INTO `ke...')
#3 C:\laragon\www\csr\system\Database\BaseBuilder.php(2308): CodeIgniter\Database\BaseConnection->query('INSERT INTO `ke...', Array, false)
#4 C:\laragon\www\csr\app\Controllers\Kegiatan_Csr.php(273): CodeIgniter\Database\BaseBuilder->insert(Array)
#5 C:\laragon\www\csr\system\CodeIgniter.php(919): App\Controllers\Kegiatan_Csr->kegiatan_upload()
#6 C:\laragon\www\csr\system\CodeIgniter.php(494): CodeIgniter\CodeIgniter->runController(Object(App\Controllers\Kegiatan_Csr))
#7 C:\laragon\www\csr\system\CodeIgniter.php(353): CodeIgniter\CodeIgniter->handleRequest(NULL, Object(Config\Cache), false)
#8 C:\laragon\www\csr\public\index.php(79): CodeIgniter\CodeIgniter->run()
#9 {main}
CRITICAL - 2024-06-11 08:31:52 --> Unknown column 'volume' in 'field list'
in SYSTEMPATH\Database\BaseConnection.php on line 646.
 1 SYSTEMPATH\Database\BaseBuilder.php(2308): CodeIgniter\Database\BaseConnection->query('INSERT INTO `kegiatan_upload` (`tahun`, `id_ruang`, `ruang_lingkup`, `id_urusan`, `urusan_bidang`, `program_kegiatan`, `alamat`, `id_kalurahan`, `kalurahan`, `id_kapanewon`, `kapanewon`, `biaya`, `volume`, `satuan`, `opd`) VALUES (:tahun:, :id_ruang:, :ruang_lingkup:, :id_urusan:, :urusan_bidang:, :program_kegiatan:, :alamat:, :id_kalurahan:, :kalurahan:, :id_kapanewon:, :kapanewon:, :biaya:, :volume:, :satuan:, :opd:)', [...], false)
 2 APPPATH\Controllers\Kegiatan_Csr.php(273): CodeIgniter\Database\BaseBuilder->insert([...])
 3 SYSTEMPATH\CodeIgniter.php(919): App\Controllers\Kegiatan_Csr->kegiatan_upload()
 4 SYSTEMPATH\CodeIgniter.php(494): CodeIgniter\CodeIgniter->runController(Object(App\Controllers\Kegiatan_Csr))
 5 SYSTEMPATH\CodeIgniter.php(353): CodeIgniter\CodeIgniter->handleRequest(null, Object(Config\Cache), false)
 6 FCPATH\index.php(79): CodeIgniter\CodeIgniter->run()
INFO - 2024-06-11 08:34:31 --> Session: Class initialized using 'CodeIgniter\Session\Handlers\FileHandler' driver.
CRITICAL - 2024-06-11 08:34:31 --> Undefined index: permasalahan
in APPPATH\Views\admin\kegiatan_csr\kegiatan_upload_all.php on line 80.
 1 APPPATH\Views\admin\kegiatan_csr\kegiatan_upload_all.php(80): CodeIgniter\Debug\Exceptions->errorHandler(8, 'Undefined index: permasalahan', 'C:\\laragon\\www\\csr\\app\\Views\\admin\\kegiatan_csr\\kegiatan_upload_all.php', 80, [...])
 2 SYSTEMPATH\View\View.php(226): include('C:\\laragon\\www\\csr\\app\\Views\\admin\\kegiatan_csr\\kegiatan_upload_all.php')
 3 SYSTEMPATH\View\View.php(229): CodeIgniter\View\View->CodeIgniter\View\{closure}()
 4 SYSTEMPATH\Common.php(1188): CodeIgniter\View\View->render('admin/kegiatan_csr/kegiatan_upload_all', [], true)
 5 APPPATH\Controllers\Kegiatan_Csr.php(292): view('admin/kegiatan_csr/kegiatan_upload_all', [...])
 6 SYSTEMPATH\CodeIgniter.php(919): App\Controllers\Kegiatan_Csr->kegiatan_upload_all()
 7 SYSTEMPATH\CodeIgniter.php(494): CodeIgniter\CodeIgniter->runController(Object(App\Controllers\Kegiatan_Csr))
 8 SYSTEMPATH\CodeIgniter.php(353): CodeIgniter\CodeIgniter->handleRequest(null, Object(Config\Cache), false)
 9 FCPATH\index.php(79): CodeIgniter\CodeIgniter->run()
INFO - 2024-06-11 08:36:10 --> Session: Class initialized using 'CodeIgniter\Session\Handlers\FileHandler' driver.
INFO - 2024-06-11 08:37:46 --> Session: Class initialized using 'CodeIgniter\Session\Handlers\FileHandler' driver.
INFO - 2024-06-11 08:37:50 --> Session: Class initialized using 'CodeIgniter\Session\Handlers\FileHandler' driver.
INFO - 2024-06-11 08:37:52 --> Session: Class initialized using 'CodeIgniter\Session\Handlers\FileHandler' driver.
INFO - 2024-06-11 08:37:54 --> Session: Class initialized using 'CodeIgniter\Session\Handlers\FileHandler' driver.
INFO - 2024-06-11 08:38:04 --> Session: Class initialized using 'CodeIgniter\Session\Handlers\FileHandler' driver.
INFO - 2024-06-11 08:38:09 --> Session: Class initialized using 'CodeIgniter\Session\Handlers\FileHandler' driver.
INFO - 2024-06-11 08:38:21 --> Session: Class initialized using 'CodeIgniter\Session\Handlers\FileHandler' driver.
INFO - 2024-06-11 08:38:27 --> Session: Class initialized using 'CodeIgniter\Session\Handlers\FileHandler' driver.
INFO - 2024-06-11 08:38:32 --> Session: Class initialized using 'CodeIgniter\Session\Handlers\FileHandler' driver.
INFO - 2024-06-11 08:38:34 --> Session: Class initialized using 'CodeIgniter\Session\Handlers\FileHandler' driver.
ERROR - 2024-06-11 08:39:33 --> mysqli_sql_exception: Unknown column 'kegiatan_csr.permasalahan' in 'field list' in C:\laragon\www\csr\system\Database\MySQLi\Connection.php:306
Stack trace:
#0 C:\laragon\www\csr\system\Database\MySQLi\Connection.php(306): mysqli->query('SELECT `kegiata...', 0)
#1 C:\laragon\www\csr\system\Database\BaseConnection.php(692): CodeIgniter\Database\MySQLi\Connection->execute('SELECT `kegiata...')
#2 C:\laragon\www\csr\system\Database\BaseConnection.php(606): CodeIgniter\Database\BaseConnection->simpleQuery('SELECT `kegiata...')
#3 C:\laragon\www\csr\system\Database\BaseBuilder.php(1615): CodeIgniter\Database\BaseConnection->query('SELECT `kegiata...', Array, false)
#4 C:\laragon\www\csr\app\Controllers\Laporan.php(20): CodeIgniter\Database\BaseBuilder->get()
#5 C:\laragon\www\csr\system\CodeIgniter.php(919): App\Controllers\Laporan->index()
#6 C:\laragon\www\csr\system\CodeIgniter.php(494): CodeIgniter\CodeIgniter->runController(Object(App\Controllers\Laporan))
#7 C:\laragon\www\csr\system\CodeIgniter.php(353): CodeIgniter\CodeIgniter->handleRequest(NULL, Object(Config\Cache), false)
#8 C:\laragon\www\csr\public\index.php(79): CodeIgniter\CodeIgniter->run()
#9 {main}
CRITICAL - 2024-06-11 08:39:33 --> Unknown column 'kegiatan_csr.permasalahan' in 'field list'
in SYSTEMPATH\Database\BaseConnection.php on line 646.
 1 SYSTEMPATH\Database\BaseBuilder.php(1615): CodeIgniter\Database\BaseConnection->query('SELECT `kegiatan_csr`.`id`, `kegiatan_csr`.`tahun`, `ruang_lingkup`.`ket` as `ruang_lingkup`, `urusan_bidang`.`ket` as `urusan_bidang`, `urusan_bidang`.`id` as `id_urusan`, `kegiatan_csr`.`program_kegiatan`, `kegiatan_csr`.`permasalahan`, `kegiatan_csr`.`alamat`, `kalurahan`.`nm_kapanewon` as `kapanewon`, `kalurahan`.`id_kapanewon` as `id_kapanewon`, `kalurahan`.`nm_kalurahan` as `kalurahan`, `kalurahan`.`id_kalurahan` as `id_kalurahan`, `kegiatan_csr`.`biaya`, `kegiatan_csr`.`biaya2`, `kegiatan_csr`.`keterangan`, `kegiatan_csr`.`sumber_usulan`, `kegiatan_csr`.`opd`, `nama_perusahaan`, `waktu`
FROM `kegiatan_csr`
JOIN `detail_kegiatan_csr` ON `kegiatan_csr`.`id`=`detail_kegiatan_csr`.`id_kegiatan_csr`
JOIN `user` ON `detail_kegiatan_csr`.`id_user`=`user`.`id`
JOIN `perusahaan` ON `user`.`id`=`perusahaan`.`id_user`
JOIN `ruang_lingkup` ON `kegiatan_csr`.`ruang_lingkup`=`ruang_lingkup`.`id`
JOIN `urusan_bidang` ON `kegiatan_csr`.`urusan_bidang`=`urusan_bidang`.`id`
JOIN `kalurahan` ON `kegiatan_csr`.`kalurahan`=`kalurahan`.`id_kalurahan`
WHERE `file` is NOT NULL', [], false)
 2 APPPATH\Controllers\Laporan.php(20): CodeIgniter\Database\BaseBuilder->get()
 3 SYSTEMPATH\CodeIgniter.php(919): App\Controllers\Laporan->index()
 4 SYSTEMPATH\CodeIgniter.php(494): CodeIgniter\CodeIgniter->runController(Object(App\Controllers\Laporan))
 5 SYSTEMPATH\CodeIgniter.php(353): CodeIgniter\CodeIgniter->handleRequest(null, Object(Config\Cache), false)
 6 FCPATH\index.php(79): CodeIgniter\CodeIgniter->run()
INFO - 2024-06-11 08:39:35 --> Session: Class initialized using 'CodeIgniter\Session\Handlers\FileHandler' driver.
CRITICAL - 2024-06-11 08:39:55 --> Undefined index: permasalahan
in APPPATH\Views\admin\kegiatan_csr\print_allkegiatan.php on line 62.
 1 APPPATH\Views\admin\kegiatan_csr\print_allkegiatan.php(62): CodeIgniter\Debug\Exceptions->errorHandler(8, 'Undefined index: permasalahan', 'C:\\laragon\\www\\csr\\app\\Views\\admin\\kegiatan_csr\\print_allkegiatan.php', 62, [...])
 2 SYSTEMPATH\View\View.php(226): include('C:\\laragon\\www\\csr\\app\\Views\\admin\\kegiatan_csr\\print_allkegiatan.php')
 3 SYSTEMPATH\View\View.php(229): CodeIgniter\View\View->CodeIgniter\View\{closure}()
 4 SYSTEMPATH\Common.php(1188): CodeIgniter\View\View->render('admin/kegiatan_csr/print_allkegiatan', [], true)
 5 APPPATH\Controllers\Kegiatan_Csr.php(430): view('admin/kegiatan_csr/print_allkegiatan', [...])
 6 SYSTEMPATH\CodeIgniter.php(919): App\Controllers\Kegiatan_Csr->print_allkegiatan()
 7 SYSTEMPATH\CodeIgniter.php(494): CodeIgniter\CodeIgniter->runController(Object(App\Controllers\Kegiatan_Csr))
 8 SYSTEMPATH\CodeIgniter.php(353): CodeIgniter\CodeIgniter->handleRequest(null, Object(Config\Cache), false)
 9 FCPATH\index.php(79): CodeIgniter\CodeIgniter->run()
CRITICAL - 2024-06-11 08:43:00 --> Undefined index: keterangan
in APPPATH\Views\admin\kegiatan_csr\print_allkegiatan.php on line 69.
 1 APPPATH\Views\admin\kegiatan_csr\print_allkegiatan.php(69): CodeIgniter\Debug\Exceptions->errorHandler(8, 'Undefined index: keterangan', 'C:\\laragon\\www\\csr\\app\\Views\\admin\\kegiatan_csr\\print_allkegiatan.php', 69, [...])
 2 SYSTEMPATH\View\View.php(226): include('C:\\laragon\\www\\csr\\app\\Views\\admin\\kegiatan_csr\\print_allkegiatan.php')
 3 SYSTEMPATH\View\View.php(229): CodeIgniter\View\View->CodeIgniter\View\{closure}()
 4 SYSTEMPATH\Common.php(1188): CodeIgniter\View\View->render('admin/kegiatan_csr/print_allkegiatan', [], true)
 5 APPPATH\Controllers\Kegiatan_Csr.php(430): view('admin/kegiatan_csr/print_allkegiatan', [...])
 6 SYSTEMPATH\CodeIgniter.php(919): App\Controllers\Kegiatan_Csr->print_allkegiatan()
 7 SYSTEMPATH\CodeIgniter.php(494): CodeIgniter\CodeIgniter->runController(Object(App\Controllers\Kegiatan_Csr))
 8 SYSTEMPATH\CodeIgniter.php(353): CodeIgniter\CodeIgniter->handleRequest(null, Object(Config\Cache), false)
 9 FCPATH\index.php(79): CodeIgniter\CodeIgniter->run()
CRITICAL - 2024-06-11 08:43:02 --> Undefined index: keterangan
in APPPATH\Views\admin\kegiatan_csr\print_allkegiatan.php on line 69.
 1 APPPATH\Views\admin\kegiatan_csr\print_allkegiatan.php(69): CodeIgniter\Debug\Exceptions->errorHandler(8, 'Undefined index: keterangan', 'C:\\laragon\\www\\csr\\app\\Views\\admin\\kegiatan_csr\\print_allkegiatan.php', 69, [...])
 2 SYSTEMPATH\View\View.php(226): include('C:\\laragon\\www\\csr\\app\\Views\\admin\\kegiatan_csr\\print_allkegiatan.php')
 3 SYSTEMPATH\View\View.php(229): CodeIgniter\View\View->CodeIgniter\View\{closure}()
 4 SYSTEMPATH\Common.php(1188): CodeIgniter\View\View->render('admin/kegiatan_csr/print_allkegiatan', [], true)
 5 APPPATH\Controllers\Kegiatan_Csr.php(430): view('admin/kegiatan_csr/print_allkegiatan', [...])
 6 SYSTEMPATH\CodeIgniter.php(919): App\Controllers\Kegiatan_Csr->print_allkegiatan()
 7 SYSTEMPATH\CodeIgniter.php(494): CodeIgniter\CodeIgniter->runController(Object(App\Controllers\Kegiatan_Csr))
 8 SYSTEMPATH\CodeIgniter.php(353): CodeIgniter\CodeIgniter->handleRequest(null, Object(Config\Cache), false)
 9 FCPATH\index.php(79): CodeIgniter\CodeIgniter->run()
INFO - 2024-06-11 08:43:56 --> Session: Class initialized using 'CodeIgniter\Session\Handlers\FileHandler' driver.
INFO - 2024-06-11 08:43:59 --> Session: Class initialized using 'CodeIgniter\Session\Handlers\FileHandler' driver.
INFO - 2024-06-11 08:50:00 --> Session: Class initialized using 'CodeIgniter\Session\Handlers\FileHandler' driver.
INFO - 2024-06-11 08:51:16 --> Session: Class initialized using 'CodeIgniter\Session\Handlers\FileHandler' driver.
INFO - 2024-06-11 08:52:16 --> Session: Class initialized using 'CodeIgniter\Session\Handlers\FileHandler' driver.
INFO - 2024-06-11 08:52:28 --> Session: Class initialized using 'CodeIgniter\Session\Handlers\FileHandler' driver.
INFO - 2024-06-11 08:52:33 --> Session: Class initialized using 'CodeIgniter\Session\Handlers\FileHandler' driver.
CRITICAL - 2024-06-11 08:52:35 --> Undefined index: permasalahan
in APPPATH\Views\admin\kegiatan_csr\kegiatan_csr_edit.php on line 68.
 1 APPPATH\Views\admin\kegiatan_csr\kegiatan_csr_edit.php(68): CodeIgniter\Debug\Exceptions->errorHandler(8, 'Undefined index: permasalahan', 'C:\\laragon\\www\\csr\\app\\Views\\admin\\kegiatan_csr\\kegiatan_csr_edit.php', 68, [...])
 2 SYSTEMPATH\View\View.php(226): include('C:\\laragon\\www\\csr\\app\\Views\\admin\\kegiatan_csr\\kegiatan_csr_edit.php')
 3 SYSTEMPATH\View\View.php(229): CodeIgniter\View\View->CodeIgniter\View\{closure}()
 4 SYSTEMPATH\Common.php(1188): CodeIgniter\View\View->render('admin/kegiatan_csr/kegiatan_csr_edit', [], true)
 5 APPPATH\Controllers\Kegiatan_Csr.php(92): view('admin/kegiatan_csr/kegiatan_csr_edit', [...])
 6 SYSTEMPATH\CodeIgniter.php(919): App\Controllers\Kegiatan_Csr->edit('1')
 7 SYSTEMPATH\CodeIgniter.php(494): CodeIgniter\CodeIgniter->runController(Object(App\Controllers\Kegiatan_Csr))
 8 SYSTEMPATH\CodeIgniter.php(353): CodeIgniter\CodeIgniter->handleRequest(null, Object(Config\Cache), false)
 9 FCPATH\index.php(79): CodeIgniter\CodeIgniter->run()
INFO - 2024-06-11 08:52:37 --> Session: Class initialized using 'CodeIgniter\Session\Handlers\FileHandler' driver.
CRITICAL - 2024-06-11 08:52:45 --> Undefined index: permasalahan
in APPPATH\Views\admin\kegiatan_csr\kegiatan_csr_edit.php on line 68.
 1 APPPATH\Views\admin\kegiatan_csr\kegiatan_csr_edit.php(68): CodeIgniter\Debug\Exceptions->errorHandler(8, 'Undefined index: permasalahan', 'C:\\laragon\\www\\csr\\app\\Views\\admin\\kegiatan_csr\\kegiatan_csr_edit.php', 68, [...])
 2 SYSTEMPATH\View\View.php(226): include('C:\\laragon\\www\\csr\\app\\Views\\admin\\kegiatan_csr\\kegiatan_csr_edit.php')
 3 SYSTEMPATH\View\View.php(229): CodeIgniter\View\View->CodeIgniter\View\{closure}()
 4 SYSTEMPATH\Common.php(1188): CodeIgniter\View\View->render('admin/kegiatan_csr/kegiatan_csr_edit', [], true)
 5 APPPATH\Controllers\Kegiatan_Csr.php(92): view('admin/kegiatan_csr/kegiatan_csr_edit', [...])
 6 SYSTEMPATH\CodeIgniter.php(919): App\Controllers\Kegiatan_Csr->edit('172')
 7 SYSTEMPATH\CodeIgniter.php(494): CodeIgniter\CodeIgniter->runController(Object(App\Controllers\Kegiatan_Csr))
 8 SYSTEMPATH\CodeIgniter.php(353): CodeIgniter\CodeIgniter->handleRequest(null, Object(Config\Cache), false)
 9 FCPATH\index.php(79): CodeIgniter\CodeIgniter->run()
INFO - 2024-06-11 08:54:57 --> Session: Class initialized using 'CodeIgniter\Session\Handlers\FileHandler' driver.
INFO - 2024-06-11 08:55:57 --> Session: Class initialized using 'CodeIgniter\Session\Handlers\FileHandler' driver.
INFO - 2024-06-11 08:56:07 --> Session: Class initialized using 'CodeIgniter\Session\Handlers\FileHandler' driver.
INFO - 2024-06-11 08:56:14 --> Session: Class initialized using 'CodeIgniter\Session\Handlers\FileHandler' driver.
INFO - 2024-06-11 08:56:29 --> Session: Class initialized using 'CodeIgniter\Session\Handlers\FileHandler' driver.
INFO - 2024-06-11 08:58:16 --> Session: Class initialized using 'CodeIgniter\Session\Handlers\FileHandler' driver.
ERROR - 2024-06-11 08:58:18 --> mysqli_sql_exception: Unknown column 'kegiatan_csr.permasalahan' in 'field list' in C:\laragon\www\csr\system\Database\MySQLi\Connection.php:306
Stack trace:
#0 C:\laragon\www\csr\system\Database\MySQLi\Connection.php(306): mysqli->query('SELECT `kegiata...', 0)
#1 C:\laragon\www\csr\system\Database\BaseConnection.php(692): CodeIgniter\Database\MySQLi\Connection->execute('SELECT `kegiata...')
#2 C:\laragon\www\csr\system\Database\BaseConnection.php(606): CodeIgniter\Database\BaseConnection->simpleQuery('SELECT `kegiata...')
#3 C:\laragon\www\csr\system\Database\BaseBuilder.php(1615): CodeIgniter\Database\BaseConnection->query('SELECT `kegiata...', Array, false)
#4 C:\laragon\www\csr\app\Controllers\Laporan.php(20): CodeIgniter\Database\BaseBuilder->get()
#5 C:\laragon\www\csr\system\CodeIgniter.php(919): App\Controllers\Laporan->index()
#6 C:\laragon\www\csr\system\CodeIgniter.php(494): CodeIgniter\CodeIgniter->runController(Object(App\Controllers\Laporan))
#7 C:\laragon\www\csr\system\CodeIgniter.php(353): CodeIgniter\CodeIgniter->handleRequest(NULL, Object(Config\Cache), false)
#8 C:\laragon\www\csr\public\index.php(79): CodeIgniter\CodeIgniter->run()
#9 {main}
CRITICAL - 2024-06-11 08:58:18 --> Unknown column 'kegiatan_csr.permasalahan' in 'field list'
in SYSTEMPATH\Database\BaseConnection.php on line 646.
 1 SYSTEMPATH\Database\BaseBuilder.php(1615): CodeIgniter\Database\BaseConnection->query('SELECT `kegiatan_csr`.`id`, `kegiatan_csr`.`tahun`, `ruang_lingkup`.`ket` as `ruang_lingkup`, `urusan_bidang`.`ket` as `urusan_bidang`, `urusan_bidang`.`id` as `id_urusan`, `kegiatan_csr`.`program_kegiatan`, `kegiatan_csr`.`permasalahan`, `kegiatan_csr`.`alamat`, `kalurahan`.`nm_kapanewon` as `kapanewon`, `kalurahan`.`id_kapanewon` as `id_kapanewon`, `kalurahan`.`nm_kalurahan` as `kalurahan`, `kalurahan`.`id_kalurahan` as `id_kalurahan`, `kegiatan_csr`.`biaya`, `kegiatan_csr`.`biaya2`, `kegiatan_csr`.`keterangan`, `kegiatan_csr`.`sumber_usulan`, `kegiatan_csr`.`opd`, `nama_perusahaan`, `waktu`
FROM `kegiatan_csr`
JOIN `detail_kegiatan_csr` ON `kegiatan_csr`.`id`=`detail_kegiatan_csr`.`id_kegiatan_csr`
JOIN `user` ON `detail_kegiatan_csr`.`id_user`=`user`.`id`
JOIN `perusahaan` ON `user`.`id`=`perusahaan`.`id_user`
JOIN `ruang_lingkup` ON `kegiatan_csr`.`ruang_lingkup`=`ruang_lingkup`.`id`
JOIN `urusan_bidang` ON `kegiatan_csr`.`urusan_bidang`=`urusan_bidang`.`id`
JOIN `kalurahan` ON `kegiatan_csr`.`kalurahan`=`kalurahan`.`id_kalurahan`
WHERE `file` is NOT NULL', [], false)
 2 APPPATH\Controllers\Laporan.php(20): CodeIgniter\Database\BaseBuilder->get()
 3 SYSTEMPATH\CodeIgniter.php(919): App\Controllers\Laporan->index()
 4 SYSTEMPATH\CodeIgniter.php(494): CodeIgniter\CodeIgniter->runController(Object(App\Controllers\Laporan))
 5 SYSTEMPATH\CodeIgniter.php(353): CodeIgniter\CodeIgniter->handleRequest(null, Object(Config\Cache), false)
 6 FCPATH\index.php(79): CodeIgniter\CodeIgniter->run()
INFO - 2024-06-11 09:00:33 --> Session: Class initialized using 'CodeIgniter\Session\Handlers\FileHandler' driver.
INFO - 2024-06-11 09:01:07 --> Session: Class initialized using 'CodeIgniter\Session\Handlers\FileHandler' driver.
INFO - 2024-06-11 09:01:10 --> Session: Class initialized using 'CodeIgniter\Session\Handlers\FileHandler' driver.
INFO - 2024-06-11 09:01:21 --> Session: Class initialized using 'CodeIgniter\Session\Handlers\FileHandler' driver.
INFO - 2024-06-11 09:01:25 --> Session: Class initialized using 'CodeIgniter\Session\Handlers\FileHandler' driver.
INFO - 2024-06-11 09:01:25 --> Session: Class initialized using 'CodeIgniter\Session\Handlers\FileHandler' driver.
INFO - 2024-06-11 09:01:28 --> Session: Class initialized using 'CodeIgniter\Session\Handlers\FileHandler' driver.
INFO - 2024-06-11 09:01:33 --> Session: Class initialized using 'CodeIgniter\Session\Handlers\FileHandler' driver.
CRITICAL - 2024-06-11 09:01:33 --> Undefined index: permasalahan
in APPPATH\Views\admin\kegiatan_csr\my_kegiatan_csr.php on line 83.
 1 APPPATH\Views\admin\kegiatan_csr\my_kegiatan_csr.php(83): CodeIgniter\Debug\Exceptions->errorHandler(8, 'Undefined index: permasalahan', 'C:\\laragon\\www\\csr\\app\\Views\\admin\\kegiatan_csr\\my_kegiatan_csr.php', 83, [...])
 2 SYSTEMPATH\View\View.php(226): include('C:\\laragon\\www\\csr\\app\\Views\\admin\\kegiatan_csr\\my_kegiatan_csr.php')
 3 SYSTEMPATH\View\View.php(229): CodeIgniter\View\View->CodeIgniter\View\{closure}()
 4 SYSTEMPATH\Common.php(1188): CodeIgniter\View\View->render('admin/kegiatan_csr/my_kegiatan_csr', [], true)
 5 APPPATH\Controllers\Kegiatan_Csr.php(152): view('admin/kegiatan_csr/my_kegiatan_csr', [...])
 6 SYSTEMPATH\CodeIgniter.php(919): App\Controllers\Kegiatan_Csr->my_kegiatan_csr()
 7 SYSTEMPATH\CodeIgniter.php(494): CodeIgniter\CodeIgniter->runController(Object(App\Controllers\Kegiatan_Csr))
 8 SYSTEMPATH\CodeIgniter.php(353): CodeIgniter\CodeIgniter->handleRequest(null, Object(Config\Cache), false)
 9 FCPATH\index.php(79): CodeIgniter\CodeIgniter->run()
INFO - 2024-06-11 09:04:04 --> Session: Class initialized using 'CodeIgniter\Session\Handlers\FileHandler' driver.
INFO - 2024-06-11 09:04:13 --> Session: Class initialized using 'CodeIgniter\Session\Handlers\FileHandler' driver.
INFO - 2024-06-11 09:04:17 --> Session: Class initialized using 'CodeIgniter\Session\Handlers\FileHandler' driver.
INFO - 2024-06-11 09:04:19 --> Session: Class initialized using 'CodeIgniter\Session\Handlers\FileHandler' driver.
INFO - 2024-06-11 09:04:31 --> Session: Class initialized using 'CodeIgniter\Session\Handlers\FileHandler' driver.
INFO - 2024-06-11 09:04:32 --> Session: Class initialized using 'CodeIgniter\Session\Handlers\FileHandler' driver.
INFO - 2024-06-11 09:05:05 --> Session: Class initialized using 'CodeIgniter\Session\Handlers\FileHandler' driver.
INFO - 2024-06-11 09:05:10 --> Session: Class initialized using 'CodeIgniter\Session\Handlers\FileHandler' driver.
INFO - 2024-06-11 09:05:15 --> Session: Class initialized using 'CodeIgniter\Session\Handlers\FileHandler' driver.
ERROR - 2024-06-11 09:05:22 --> mysqli_sql_exception: Unknown column 'kegiatan_csr.permasalahan' in 'field list' in C:\laragon\www\csr\system\Database\MySQLi\Connection.php:306
Stack trace:
#0 C:\laragon\www\csr\system\Database\MySQLi\Connection.php(306): mysqli->query('SELECT `kegiata...', 0)
#1 C:\laragon\www\csr\system\Database\BaseConnection.php(692): CodeIgniter\Database\MySQLi\Connection->execute('SELECT `kegiata...')
#2 C:\laragon\www\csr\system\Database\BaseConnection.php(606): CodeIgniter\Database\BaseConnection->simpleQuery('SELECT `kegiata...')
#3 C:\laragon\www\csr\system\Database\BaseBuilder.php(1615): CodeIgniter\Database\BaseConnection->query('SELECT `kegiata...', Array, false)
#4 C:\laragon\www\csr\app\Controllers\Depan.php(35): CodeIgniter\Database\BaseBuilder->get()
#5 C:\laragon\www\csr\system\CodeIgniter.php(919): App\Controllers\Depan->kegiatan()
#6 C:\laragon\www\csr\system\CodeIgniter.php(494): CodeIgniter\CodeIgniter->runController(Object(App\Controllers\Depan))
#7 C:\laragon\www\csr\system\CodeIgniter.php(353): CodeIgniter\CodeIgniter->handleRequest(NULL, Object(Config\Cache), false)
#8 C:\laragon\www\csr\public\index.php(79): CodeIgniter\CodeIgniter->run()
#9 {main}
CRITICAL - 2024-06-11 09:05:22 --> Unknown column 'kegiatan_csr.permasalahan' in 'field list'
in SYSTEMPATH\Database\BaseConnection.php on line 646.
 1 SYSTEMPATH\Database\BaseBuilder.php(1615): CodeIgniter\Database\BaseConnection->query('SELECT `kegiatan_csr`.`id`, `kegiatan_csr`.`tahun`, `ruang_lingkup`.`ket` as `ruang_lingkup`, `urusan_bidang`.`ket` as `urusan_bidang`, `urusan_bidang`.`id` as `id_urusan`, `kegiatan_csr`.`program_kegiatan`, `kegiatan_csr`.`permasalahan`, `kegiatan_csr`.`alamat`, `kalurahan`.`nm_kapanewon` as `kapanewon`, `kalurahan`.`id_kapanewon` as `id_kapanewon`, `kalurahan`.`nm_kalurahan` as `kalurahan`, `kalurahan`.`id_kalurahan` as `id_kalurahan`, `kegiatan_csr`.`biaya`, `kegiatan_csr`.`biaya2`, `kegiatan_csr`.`keterangan`, `kegiatan_csr`.`sumber_usulan`, `kegiatan_csr`.`opd`
FROM `kegiatan_csr`
JOIN `ruang_lingkup` ON `kegiatan_csr`.`ruang_lingkup`=`ruang_lingkup`.`id`
JOIN `urusan_bidang` ON `kegiatan_csr`.`urusan_bidang`=`urusan_bidang`.`id`
JOIN `kalurahan` ON `kegiatan_csr`.`kalurahan`=`kalurahan`.`id_kalurahan`', [], false)
 2 APPPATH\Controllers\Depan.php(35): CodeIgniter\Database\BaseBuilder->get()
 3 SYSTEMPATH\CodeIgniter.php(919): App\Controllers\Depan->kegiatan()
 4 SYSTEMPATH\CodeIgniter.php(494): CodeIgniter\CodeIgniter->runController(Object(App\Controllers\Depan))
 5 SYSTEMPATH\CodeIgniter.php(353): CodeIgniter\CodeIgniter->handleRequest(null, Object(Config\Cache), false)
 6 FCPATH\index.php(79): CodeIgniter\CodeIgniter->run()
CRITICAL - 2024-06-11 09:07:46 --> Undefined index: sumber_usulan
in APPPATH\Views\depan\kegiatan.php on line 110.
 1 APPPATH\Views\depan\kegiatan.php(110): CodeIgniter\Debug\Exceptions->errorHandler(8, 'Undefined index: sumber_usulan', 'C:\\laragon\\www\\csr\\app\\Views\\depan\\kegiatan.php', 110, [...])
 2 SYSTEMPATH\View\View.php(226): include('C:\\laragon\\www\\csr\\app\\Views\\depan\\kegiatan.php')
 3 SYSTEMPATH\View\View.php(229): CodeIgniter\View\View->CodeIgniter\View\{closure}()
 4 SYSTEMPATH\Common.php(1188): CodeIgniter\View\View->render('depan/kegiatan', [], true)
 5 APPPATH\Controllers\Depan.php(50): view('depan/kegiatan', [...])
 6 SYSTEMPATH\CodeIgniter.php(919): App\Controllers\Depan->kegiatan()
 7 SYSTEMPATH\CodeIgniter.php(494): CodeIgniter\CodeIgniter->runController(Object(App\Controllers\Depan))
 8 SYSTEMPATH\CodeIgniter.php(353): CodeIgniter\CodeIgniter->handleRequest(null, Object(Config\Cache), false)
 9 FCPATH\index.php(79): CodeIgniter\CodeIgniter->run()
CRITICAL - 2024-06-11 09:10:00 --> Undefined index: sumber_usulan
in APPPATH\Views\depan\kegiatan_search.php on line 27.
 1 APPPATH\Views\depan\kegiatan_search.php(27): CodeIgniter\Debug\Exceptions->errorHandler(8, 'Undefined index: sumber_usulan', 'C:\\laragon\\www\\csr\\app\\Views\\depan\\kegiatan_search.php', 27, [...])
 2 SYSTEMPATH\View\View.php(226): include('C:\\laragon\\www\\csr\\app\\Views\\depan\\kegiatan_search.php')
 3 SYSTEMPATH\View\View.php(229): CodeIgniter\View\View->CodeIgniter\View\{closure}()
 4 SYSTEMPATH\Common.php(1188): CodeIgniter\View\View->render('depan/kegiatan_search', [], true)
 5 APPPATH\Controllers\Depan.php(80): view('depan/kegiatan_search', [...])
 6 SYSTEMPATH\CodeIgniter.php(919): App\Controllers\Depan->kegiatan_search()
 7 SYSTEMPATH\CodeIgniter.php(494): CodeIgniter\CodeIgniter->runController(Object(App\Controllers\Depan))
 8 SYSTEMPATH\CodeIgniter.php(353): CodeIgniter\CodeIgniter->handleRequest(null, Object(Config\Cache), false)
 9 FCPATH\index.php(79): CodeIgniter\CodeIgniter->run()
CRITICAL - 2024-06-11 09:10:02 --> Undefined index: sumber_usulan
in APPPATH\Views\depan\kegiatan_search.php on line 27.
 1 APPPATH\Views\depan\kegiatan_search.php(27): CodeIgniter\Debug\Exceptions->errorHandler(8, 'Undefined index: sumber_usulan', 'C:\\laragon\\www\\csr\\app\\Views\\depan\\kegiatan_search.php', 27, [...])
 2 SYSTEMPATH\View\View.php(226): include('C:\\laragon\\www\\csr\\app\\Views\\depan\\kegiatan_search.php')
 3 SYSTEMPATH\View\View.php(229): CodeIgniter\View\View->CodeIgniter\View\{closure}()
 4 SYSTEMPATH\Common.php(1188): CodeIgniter\View\View->render('depan/kegiatan_search', [], true)
 5 APPPATH\Controllers\Depan.php(80): view('depan/kegiatan_search', [...])
 6 SYSTEMPATH\CodeIgniter.php(919): App\Controllers\Depan->kegiatan_search()
 7 SYSTEMPATH\CodeIgniter.php(494): CodeIgniter\CodeIgniter->runController(Object(App\Controllers\Depan))
 8 SYSTEMPATH\CodeIgniter.php(353): CodeIgniter\CodeIgniter->handleRequest(null, Object(Config\Cache), false)
 9 FCPATH\index.php(79): CodeIgniter\CodeIgniter->run()
CRITICAL - 2024-06-11 09:10:03 --> Undefined index: sumber_usulan
in APPPATH\Views\depan\kegiatan_search.php on line 27.
 1 APPPATH\Views\depan\kegiatan_search.php(27): CodeIgniter\Debug\Exceptions->errorHandler(8, 'Undefined index: sumber_usulan', 'C:\\laragon\\www\\csr\\app\\Views\\depan\\kegiatan_search.php', 27, [...])
 2 SYSTEMPATH\View\View.php(226): include('C:\\laragon\\www\\csr\\app\\Views\\depan\\kegiatan_search.php')
 3 SYSTEMPATH\View\View.php(229): CodeIgniter\View\View->CodeIgniter\View\{closure}()
 4 SYSTEMPATH\Common.php(1188): CodeIgniter\View\View->render('depan/kegiatan_search', [], true)
 5 APPPATH\Controllers\Depan.php(80): view('depan/kegiatan_search', [...])
 6 SYSTEMPATH\CodeIgniter.php(919): App\Controllers\Depan->kegiatan_search()
 7 SYSTEMPATH\CodeIgniter.php(494): CodeIgniter\CodeIgniter->runController(Object(App\Controllers\Depan))
 8 SYSTEMPATH\CodeIgniter.php(353): CodeIgniter\CodeIgniter->handleRequest(null, Object(Config\Cache), false)
 9 FCPATH\index.php(79): CodeIgniter\CodeIgniter->run()
CRITICAL - 2024-06-11 09:10:03 --> Undefined index: sumber_usulan
in APPPATH\Views\depan\kegiatan_search.php on line 27.
 1 APPPATH\Views\depan\kegiatan_search.php(27): CodeIgniter\Debug\Exceptions->errorHandler(8, 'Undefined index: sumber_usulan', 'C:\\laragon\\www\\csr\\app\\Views\\depan\\kegiatan_search.php', 27, [...])
 2 SYSTEMPATH\View\View.php(226): include('C:\\laragon\\www\\csr\\app\\Views\\depan\\kegiatan_search.php')
 3 SYSTEMPATH\View\View.php(229): CodeIgniter\View\View->CodeIgniter\View\{closure}()
 4 SYSTEMPATH\Common.php(1188): CodeIgniter\View\View->render('depan/kegiatan_search', [], true)
 5 APPPATH\Controllers\Depan.php(80): view('depan/kegiatan_search', [...])
 6 SYSTEMPATH\CodeIgniter.php(919): App\Controllers\Depan->kegiatan_search()
 7 SYSTEMPATH\CodeIgniter.php(494): CodeIgniter\CodeIgniter->runController(Object(App\Controllers\Depan))
 8 SYSTEMPATH\CodeIgniter.php(353): CodeIgniter\CodeIgniter->handleRequest(null, Object(Config\Cache), false)
 9 FCPATH\index.php(79): CodeIgniter\CodeIgniter->run()
CRITICAL - 2024-06-11 09:10:03 --> Undefined index: sumber_usulan
in APPPATH\Views\depan\kegiatan_search.php on line 27.
 1 APPPATH\Views\depan\kegiatan_search.php(27): CodeIgniter\Debug\Exceptions->errorHandler(8, 'Undefined index: sumber_usulan', 'C:\\laragon\\www\\csr\\app\\Views\\depan\\kegiatan_search.php', 27, [...])
 2 SYSTEMPATH\View\View.php(226): include('C:\\laragon\\www\\csr\\app\\Views\\depan\\kegiatan_search.php')
 3 SYSTEMPATH\View\View.php(229): CodeIgniter\View\View->CodeIgniter\View\{closure}()
 4 SYSTEMPATH\Common.php(1188): CodeIgniter\View\View->render('depan/kegiatan_search', [], true)
 5 APPPATH\Controllers\Depan.php(80): view('depan/kegiatan_search', [...])
 6 SYSTEMPATH\CodeIgniter.php(919): App\Controllers\Depan->kegiatan_search()
 7 SYSTEMPATH\CodeIgniter.php(494): CodeIgniter\CodeIgniter->runController(Object(App\Controllers\Depan))
 8 SYSTEMPATH\CodeIgniter.php(353): CodeIgniter\CodeIgniter->handleRequest(null, Object(Config\Cache), false)
 9 FCPATH\index.php(79): CodeIgniter\CodeIgniter->run()
INFO - 2024-06-11 10:26:21 --> Session: Class initialized using 'CodeIgniter\Session\Handlers\FileHandler' driver.
INFO - 2024-06-11 10:26:21 --> Session: Class initialized using 'CodeIgniter\Session\Handlers\FileHandler' driver.
INFO - 2024-06-11 10:26:24 --> Session: Class initialized using 'CodeIgniter\Session\Handlers\FileHandler' driver.
INFO - 2024-06-11 10:26:26 --> Session: Class initialized using 'CodeIgniter\Session\Handlers\FileHandler' driver.
INFO - 2024-06-11 10:26:34 --> Session: Class initialized using 'CodeIgniter\Session\Handlers\FileHandler' driver.
INFO - 2024-06-11 10:27:52 --> Session: Class initialized using 'CodeIgniter\Session\Handlers\FileHandler' driver.
INFO - 2024-06-11 10:28:00 --> Session: Class initialized using 'CodeIgniter\Session\Handlers\FileHandler' driver.
INFO - 2024-06-11 10:28:00 --> Session: Class initialized using 'CodeIgniter\Session\Handlers\FileHandler' driver.
INFO - 2024-06-11 10:28:03 --> Session: Class initialized using 'CodeIgniter\Session\Handlers\FileHandler' driver.
INFO - 2024-06-11 10:28:08 --> Session: Class initialized using 'CodeIgniter\Session\Handlers\FileHandler' driver.
INFO - 2024-06-11 10:28:12 --> Session: Class initialized using 'CodeIgniter\Session\Handlers\FileHandler' driver.
INFO - 2024-06-11 10:30:26 --> Session: Class initialized using 'CodeIgniter\Session\Handlers\FileHandler' driver.
INFO - 2024-06-11 10:30:27 --> Session: Class initialized using 'CodeIgniter\Session\Handlers\FileHandler' driver.
INFO - 2024-06-11 10:30:33 --> Session: Class initialized using 'CodeIgniter\Session\Handlers\FileHandler' driver.
INFO - 2024-06-11 10:30:57 --> Session: Class initialized using 'CodeIgniter\Session\Handlers\FileHandler' driver.
INFO - 2024-06-11 10:31:00 --> Session: Class initialized using 'CodeIgniter\Session\Handlers\FileHandler' driver.
INFO - 2024-06-11 10:32:23 --> Session: Class initialized using 'CodeIgniter\Session\Handlers\FileHandler' driver.
INFO - 2024-06-11 10:35:09 --> Session: Class initialized using 'CodeIgniter\Session\Handlers\FileHandler' driver.
INFO - 2024-06-11 10:39:27 --> Session: Class initialized using 'CodeIgniter\Session\Handlers\FileHandler' driver.
INFO - 2024-06-11 10:40:28 --> Session: Class initialized using 'CodeIgniter\Session\Handlers\FileHandler' driver.
INFO - 2024-06-11 10:40:33 --> Session: Class initialized using 'CodeIgniter\Session\Handlers\FileHandler' driver.
INFO - 2024-06-11 10:40:57 --> Session: Class initialized using 'CodeIgniter\Session\Handlers\FileHandler' driver.
INFO - 2024-06-11 10:41:14 --> Session: Class initialized using 'CodeIgniter\Session\Handlers\FileHandler' driver.
INFO - 2024-06-11 10:42:32 --> Session: Class initialized using 'CodeIgniter\Session\Handlers\FileHandler' driver.
INFO - 2024-06-11 10:43:45 --> Session: Class initialized using 'CodeIgniter\Session\Handlers\FileHandler' driver.
INFO - 2024-06-11 10:45:29 --> Session: Class initialized using 'CodeIgniter\Session\Handlers\FileHandler' driver.
INFO - 2024-06-11 10:46:24 --> Session: Class initialized using 'CodeIgniter\Session\Handlers\FileHandler' driver.
INFO - 2024-06-11 10:46:51 --> Session: Class initialized using 'CodeIgniter\Session\Handlers\FileHandler' driver.
INFO - 2024-06-11 10:48:34 --> Session: Class initialized using 'CodeIgniter\Session\Handlers\FileHandler' driver.
INFO - 2024-06-11 10:49:03 --> Session: Class initialized using 'CodeIgniter\Session\Handlers\FileHandler' driver.
INFO - 2024-06-11 10:54:15 --> Session: Class initialized using 'CodeIgniter\Session\Handlers\FileHandler' driver.
INFO - 2024-06-11 10:55:35 --> Session: Class initialized using 'CodeIgniter\Session\Handlers\FileHandler' driver.
INFO - 2024-06-11 10:57:06 --> Session: Class initialized using 'CodeIgniter\Session\Handlers\FileHandler' driver.
INFO - 2024-06-11 10:59:21 --> Session: Class initialized using 'CodeIgniter\Session\Handlers\FileHandler' driver.
INFO - 2024-06-11 10:59:38 --> Session: Class initialized using 'CodeIgniter\Session\Handlers\FileHandler' driver.
INFO - 2024-06-11 11:00:25 --> Session: Class initialized using 'CodeIgniter\Session\Handlers\FileHandler' driver.
INFO - 2024-06-11 11:16:41 --> Session: Class initialized using 'CodeIgniter\Session\Handlers\FileHandler' driver.
INFO - 2024-06-11 11:27:50 --> Session: Class initialized using 'CodeIgniter\Session\Handlers\FileHandler' driver.
INFO - 2024-06-11 11:27:51 --> Session: Class initialized using 'CodeIgniter\Session\Handlers\FileHandler' driver.
INFO - 2024-06-11 11:28:29 --> Session: Class initialized using 'CodeIgniter\Session\Handlers\FileHandler' driver.
INFO - 2024-06-11 11:29:24 --> Session: Class initialized using 'CodeIgniter\Session\Handlers\FileHandler' driver.
INFO - 2024-06-11 11:29:26 --> Session: Class initialized using 'CodeIgniter\Session\Handlers\FileHandler' driver.
INFO - 2024-06-11 11:29:28 --> Session: Class initialized using 'CodeIgniter\Session\Handlers\FileHandler' driver.
INFO - 2024-06-11 11:37:21 --> Session: Class initialized using 'CodeIgniter\Session\Handlers\FileHandler' driver.
INFO - 2024-06-11 11:38:53 --> Session: Class initialized using 'CodeIgniter\Session\Handlers\FileHandler' driver.
CRITICAL - 2024-06-11 11:39:02 --> Invalid file: "laporan/report_search.php"
in SYSTEMPATH\Exceptions\FrameworkException.php on line 39.
 1 SYSTEMPATH\View\View.php(214): CodeIgniter\Exceptions\FrameworkException::forInvalidFile('laporan/report_search.php')
 2 SYSTEMPATH\Common.php(1188): CodeIgniter\View\View->render('laporan/report_search', [], true)
 3 APPPATH\Controllers\Laporan.php(93): view('laporan/report_search', [...])
 4 SYSTEMPATH\CodeIgniter.php(919): App\Controllers\Laporan->report_search()
 5 SYSTEMPATH\CodeIgniter.php(494): CodeIgniter\CodeIgniter->runController(Object(App\Controllers\Laporan))
 6 SYSTEMPATH\CodeIgniter.php(353): CodeIgniter\CodeIgniter->handleRequest(null, Object(Config\Cache), false)
 7 FCPATH\index.php(79): CodeIgniter\CodeIgniter->run()
CRITICAL - 2024-06-11 11:39:03 --> Invalid file: "laporan/report_search.php"
in SYSTEMPATH\Exceptions\FrameworkException.php on line 39.
 1 SYSTEMPATH\View\View.php(214): CodeIgniter\Exceptions\FrameworkException::forInvalidFile('laporan/report_search.php')
 2 SYSTEMPATH\Common.php(1188): CodeIgniter\View\View->render('laporan/report_search', [], true)
 3 APPPATH\Controllers\Laporan.php(93): view('laporan/report_search', [...])
 4 SYSTEMPATH\CodeIgniter.php(919): App\Controllers\Laporan->report_search()
 5 SYSTEMPATH\CodeIgniter.php(494): CodeIgniter\CodeIgniter->runController(Object(App\Controllers\Laporan))
 6 SYSTEMPATH\CodeIgniter.php(353): CodeIgniter\CodeIgniter->handleRequest(null, Object(Config\Cache), false)
 7 FCPATH\index.php(79): CodeIgniter\CodeIgniter->run()
CRITICAL - 2024-06-11 11:39:03 --> Invalid file: "laporan/report_search.php"
in SYSTEMPATH\Exceptions\FrameworkException.php on line 39.
 1 SYSTEMPATH\View\View.php(214): CodeIgniter\Exceptions\FrameworkException::forInvalidFile('laporan/report_search.php')
 2 SYSTEMPATH\Common.php(1188): CodeIgniter\View\View->render('laporan/report_search', [], true)
 3 APPPATH\Controllers\Laporan.php(93): view('laporan/report_search', [...])
 4 SYSTEMPATH\CodeIgniter.php(919): App\Controllers\Laporan->report_search()
 5 SYSTEMPATH\CodeIgniter.php(494): CodeIgniter\CodeIgniter->runController(Object(App\Controllers\Laporan))
 6 SYSTEMPATH\CodeIgniter.php(353): CodeIgniter\CodeIgniter->handleRequest(null, Object(Config\Cache), false)
 7 FCPATH\index.php(79): CodeIgniter\CodeIgniter->run()
CRITICAL - 2024-06-11 11:39:03 --> Invalid file: "laporan/report_search.php"
in SYSTEMPATH\Exceptions\FrameworkException.php on line 39.
 1 SYSTEMPATH\View\View.php(214): CodeIgniter\Exceptions\FrameworkException::forInvalidFile('laporan/report_search.php')
 2 SYSTEMPATH\Common.php(1188): CodeIgniter\View\View->render('laporan/report_search', [], true)
 3 APPPATH\Controllers\Laporan.php(93): view('laporan/report_search', [...])
 4 SYSTEMPATH\CodeIgniter.php(919): App\Controllers\Laporan->report_search()
 5 SYSTEMPATH\CodeIgniter.php(494): CodeIgniter\CodeIgniter->runController(Object(App\Controllers\Laporan))
 6 SYSTEMPATH\CodeIgniter.php(353): CodeIgniter\CodeIgniter->handleRequest(null, Object(Config\Cache), false)
 7 FCPATH\index.php(79): CodeIgniter\CodeIgniter->run()
CRITICAL - 2024-06-11 11:39:03 --> Invalid file: "laporan/report_search.php"
in SYSTEMPATH\Exceptions\FrameworkException.php on line 39.
 1 SYSTEMPATH\View\View.php(214): CodeIgniter\Exceptions\FrameworkException::forInvalidFile('laporan/report_search.php')
 2 SYSTEMPATH\Common.php(1188): CodeIgniter\View\View->render('laporan/report_search', [], true)
 3 APPPATH\Controllers\Laporan.php(93): view('laporan/report_search', [...])
 4 SYSTEMPATH\CodeIgniter.php(919): App\Controllers\Laporan->report_search()
 5 SYSTEMPATH\CodeIgniter.php(494): CodeIgniter\CodeIgniter->runController(Object(App\Controllers\Laporan))
 6 SYSTEMPATH\CodeIgniter.php(353): CodeIgniter\CodeIgniter->handleRequest(null, Object(Config\Cache), false)
 7 FCPATH\index.php(79): CodeIgniter\CodeIgniter->run()
CRITICAL - 2024-06-11 11:39:04 --> Invalid file: "laporan/report_search.php"
in SYSTEMPATH\Exceptions\FrameworkException.php on line 39.
 1 SYSTEMPATH\View\View.php(214): CodeIgniter\Exceptions\FrameworkException::forInvalidFile('laporan/report_search.php')
 2 SYSTEMPATH\Common.php(1188): CodeIgniter\View\View->render('laporan/report_search', [], true)
 3 APPPATH\Controllers\Laporan.php(93): view('laporan/report_search', [...])
 4 SYSTEMPATH\CodeIgniter.php(919): App\Controllers\Laporan->report_search()
 5 SYSTEMPATH\CodeIgniter.php(494): CodeIgniter\CodeIgniter->runController(Object(App\Controllers\Laporan))
 6 SYSTEMPATH\CodeIgniter.php(353): CodeIgniter\CodeIgniter->handleRequest(null, Object(Config\Cache), false)
 7 FCPATH\index.php(79): CodeIgniter\CodeIgniter->run()
CRITICAL - 2024-06-11 11:39:04 --> Invalid file: "laporan/report_search.php"
in SYSTEMPATH\Exceptions\FrameworkException.php on line 39.
 1 SYSTEMPATH\View\View.php(214): CodeIgniter\Exceptions\FrameworkException::forInvalidFile('laporan/report_search.php')
 2 SYSTEMPATH\Common.php(1188): CodeIgniter\View\View->render('laporan/report_search', [], true)
 3 APPPATH\Controllers\Laporan.php(93): view('laporan/report_search', [...])
 4 SYSTEMPATH\CodeIgniter.php(919): App\Controllers\Laporan->report_search()
 5 SYSTEMPATH\CodeIgniter.php(494): CodeIgniter\CodeIgniter->runController(Object(App\Controllers\Laporan))
 6 SYSTEMPATH\CodeIgniter.php(353): CodeIgniter\CodeIgniter->handleRequest(null, Object(Config\Cache), false)
 7 FCPATH\index.php(79): CodeIgniter\CodeIgniter->run()
CRITICAL - 2024-06-11 11:39:04 --> Invalid file: "laporan/report_search.php"
in SYSTEMPATH\Exceptions\FrameworkException.php on line 39.
 1 SYSTEMPATH\View\View.php(214): CodeIgniter\Exceptions\FrameworkException::forInvalidFile('laporan/report_search.php')
 2 SYSTEMPATH\Common.php(1188): CodeIgniter\View\View->render('laporan/report_search', [], true)
 3 APPPATH\Controllers\Laporan.php(93): view('laporan/report_search', [...])
 4 SYSTEMPATH\CodeIgniter.php(919): App\Controllers\Laporan->report_search()
 5 SYSTEMPATH\CodeIgniter.php(494): CodeIgniter\CodeIgniter->runController(Object(App\Controllers\Laporan))
 6 SYSTEMPATH\CodeIgniter.php(353): CodeIgniter\CodeIgniter->handleRequest(null, Object(Config\Cache), false)
 7 FCPATH\index.php(79): CodeIgniter\CodeIgniter->run()
INFO - 2024-06-11 11:39:33 --> Session: Class initialized using 'CodeIgniter\Session\Handlers\FileHandler' driver.
CRITICAL - 2024-06-11 11:39:43 --> Invalid file: "laporan/report_search.php"
in SYSTEMPATH\Exceptions\FrameworkException.php on line 39.
 1 SYSTEMPATH\View\View.php(214): CodeIgniter\Exceptions\FrameworkException::forInvalidFile('laporan/report_search.php')
 2 SYSTEMPATH\Common.php(1188): CodeIgniter\View\View->render('laporan/report_search', [], true)
 3 APPPATH\Controllers\Laporan.php(93): view('laporan/report_search', [...])
 4 SYSTEMPATH\CodeIgniter.php(919): App\Controllers\Laporan->report_search()
 5 SYSTEMPATH\CodeIgniter.php(494): CodeIgniter\CodeIgniter->runController(Object(App\Controllers\Laporan))
 6 SYSTEMPATH\CodeIgniter.php(353): CodeIgniter\CodeIgniter->handleRequest(null, Object(Config\Cache), false)
 7 FCPATH\index.php(79): CodeIgniter\CodeIgniter->run()
CRITICAL - 2024-06-11 11:39:43 --> Invalid file: "laporan/report_search.php"
in SYSTEMPATH\Exceptions\FrameworkException.php on line 39.
 1 SYSTEMPATH\View\View.php(214): CodeIgniter\Exceptions\FrameworkException::forInvalidFile('laporan/report_search.php')
 2 SYSTEMPATH\Common.php(1188): CodeIgniter\View\View->render('laporan/report_search', [], true)
 3 APPPATH\Controllers\Laporan.php(93): view('laporan/report_search', [...])
 4 SYSTEMPATH\CodeIgniter.php(919): App\Controllers\Laporan->report_search()
 5 SYSTEMPATH\CodeIgniter.php(494): CodeIgniter\CodeIgniter->runController(Object(App\Controllers\Laporan))
 6 SYSTEMPATH\CodeIgniter.php(353): CodeIgniter\CodeIgniter->handleRequest(null, Object(Config\Cache), false)
 7 FCPATH\index.php(79): CodeIgniter\CodeIgniter->run()
CRITICAL - 2024-06-11 11:39:43 --> Invalid file: "laporan/report_search.php"
in SYSTEMPATH\Exceptions\FrameworkException.php on line 39.
 1 SYSTEMPATH\View\View.php(214): CodeIgniter\Exceptions\FrameworkException::forInvalidFile('laporan/report_search.php')
 2 SYSTEMPATH\Common.php(1188): CodeIgniter\View\View->render('laporan/report_search', [], true)
 3 APPPATH\Controllers\Laporan.php(93): view('laporan/report_search', [...])
 4 SYSTEMPATH\CodeIgniter.php(919): App\Controllers\Laporan->report_search()
 5 SYSTEMPATH\CodeIgniter.php(494): CodeIgniter\CodeIgniter->runController(Object(App\Controllers\Laporan))
 6 SYSTEMPATH\CodeIgniter.php(353): CodeIgniter\CodeIgniter->handleRequest(null, Object(Config\Cache), false)
 7 FCPATH\index.php(79): CodeIgniter\CodeIgniter->run()
CRITICAL - 2024-06-11 11:39:44 --> Invalid file: "laporan/report_search.php"
in SYSTEMPATH\Exceptions\FrameworkException.php on line 39.
 1 SYSTEMPATH\View\View.php(214): CodeIgniter\Exceptions\FrameworkException::forInvalidFile('laporan/report_search.php')
 2 SYSTEMPATH\Common.php(1188): CodeIgniter\View\View->render('laporan/report_search', [], true)
 3 APPPATH\Controllers\Laporan.php(93): view('laporan/report_search', [...])
 4 SYSTEMPATH\CodeIgniter.php(919): App\Controllers\Laporan->report_search()
 5 SYSTEMPATH\CodeIgniter.php(494): CodeIgniter\CodeIgniter->runController(Object(App\Controllers\Laporan))
 6 SYSTEMPATH\CodeIgniter.php(353): CodeIgniter\CodeIgniter->handleRequest(null, Object(Config\Cache), false)
 7 FCPATH\index.php(79): CodeIgniter\CodeIgniter->run()
INFO - 2024-06-11 11:40:03 --> Session: Class initialized using 'CodeIgniter\Session\Handlers\FileHandler' driver.
INFO - 2024-06-11 11:41:17 --> Session: Class initialized using 'CodeIgniter\Session\Handlers\FileHandler' driver.
INFO - 2024-06-11 11:44:51 --> Session: Class initialized using 'CodeIgniter\Session\Handlers\FileHandler' driver.
INFO - 2024-06-11 11:44:53 --> Session: Class initialized using 'CodeIgniter\Session\Handlers\FileHandler' driver.
INFO - 2024-06-11 11:46:28 --> Session: Class initialized using 'CodeIgniter\Session\Handlers\FileHandler' driver.
INFO - 2024-06-11 12:19:29 --> Session: Class initialized using 'CodeIgniter\Session\Handlers\FileHandler' driver.
INFO - 2024-06-11 12:24:02 --> Session: Class initialized using 'CodeIgniter\Session\Handlers\FileHandler' driver.
INFO - 2024-06-11 12:24:28 --> Session: Class initialized using 'CodeIgniter\Session\Handlers\FileHandler' driver.
INFO - 2024-06-11 12:25:22 --> Session: Class initialized using 'CodeIgniter\Session\Handlers\FileHandler' driver.
INFO - 2024-06-11 12:25:42 --> Session: Class initialized using 'CodeIgniter\Session\Handlers\FileHandler' driver.
INFO - 2024-06-11 14:51:43 --> Session: Class initialized using 'CodeIgniter\Session\Handlers\FileHandler' driver.
INFO - 2024-06-11 14:51:50 --> Session: Class initialized using 'CodeIgniter\Session\Handlers\FileHandler' driver.
INFO - 2024-06-11 14:51:55 --> Session: Class initialized using 'CodeIgniter\Session\Handlers\FileHandler' driver.
