ERROR - 2024-01-22 13:20:39 --> mysqli_sql_exception: Unknown column 'id_urusan' in 'where clause' in /var/www/html/csr/system/Database/MySQLi/Connection.php:306
Stack trace:
#0 /var/www/html/csr/system/Database/MySQLi/Connection.php(306): mysqli->query()
#1 /var/www/html/csr/system/Database/BaseConnection.php(692): CodeIgniter\Database\MySQLi\Connection->execute()
#2 /var/www/html/csr/system/Database/BaseConnection.php(606): CodeIgniter\Database\BaseConnection->simpleQuery()
#3 /var/www/html/csr/system/Database/BaseBuilder.php(1615): CodeIgniter\Database\BaseConnection->query()
#4 /var/www/html/csr/app/Controllers/Depan.php(73): CodeIgniter\Database\BaseBuilder->get()
#5 /var/www/html/csr/system/CodeIgniter.php(919): App\Controllers\Depan->kegiatan_search()
#6 /var/www/html/csr/system/CodeIgniter.php(494): CodeIgniter\CodeIgniter->runController()
#7 /var/www/html/csr/system/CodeIgniter.php(353): CodeIgniter\CodeIgniter->handleRequest()
#8 /var/www/html/csr/public/index.php(79): CodeIgniter\CodeIgniter->run()
#9 {main}
CRITICAL - 2024-01-22 13:20:39 --> Unknown column 'id_urusan' in 'where clause'
in SYSTEMPATH/Database/BaseConnection.php on line 646.
 1 SYSTEMPATH/Database/BaseBuilder.php(1615): CodeIgniter\Database\BaseConnection->query()
 2 APPPATH/Controllers/Depan.php(73): CodeIgniter\Database\BaseBuilder->get()
 3 SYSTEMPATH/CodeIgniter.php(919): App\Controllers\Depan->kegiatan_search()
 4 SYSTEMPATH/CodeIgniter.php(494): CodeIgniter\CodeIgniter->runController()
 5 SYSTEMPATH/CodeIgniter.php(353): CodeIgniter\CodeIgniter->handleRequest()
 6 FCPATH/index.php(79): CodeIgniter\CodeIgniter->run()
ERROR - 2024-01-22 13:20:50 --> mysqli_sql_exception: Unknown column 'id_urusan' in 'where clause' in /var/www/html/csr/system/Database/MySQLi/Connection.php:306
Stack trace:
#0 /var/www/html/csr/system/Database/MySQLi/Connection.php(306): mysqli->query()
#1 /var/www/html/csr/system/Database/BaseConnection.php(692): CodeIgniter\Database\MySQLi\Connection->execute()
#2 /var/www/html/csr/system/Database/BaseConnection.php(606): CodeIgniter\Database\BaseConnection->simpleQuery()
#3 /var/www/html/csr/system/Database/BaseBuilder.php(1615): CodeIgniter\Database\BaseConnection->query()
#4 /var/www/html/csr/app/Controllers/Depan.php(73): CodeIgniter\Database\BaseBuilder->get()
#5 /var/www/html/csr/system/CodeIgniter.php(919): App\Controllers\Depan->kegiatan_search()
#6 /var/www/html/csr/system/CodeIgniter.php(494): CodeIgniter\CodeIgniter->runController()
#7 /var/www/html/csr/system/CodeIgniter.php(353): CodeIgniter\CodeIgniter->handleRequest()
#8 /var/www/html/csr/public/index.php(79): CodeIgniter\CodeIgniter->run()
#9 {main}
CRITICAL - 2024-01-22 13:20:50 --> Unknown column 'id_urusan' in 'where clause'
in SYSTEMPATH/Database/BaseConnection.php on line 646.
 1 SYSTEMPATH/Database/BaseBuilder.php(1615): CodeIgniter\Database\BaseConnection->query()
 2 APPPATH/Controllers/Depan.php(73): CodeIgniter\Database\BaseBuilder->get()
 3 SYSTEMPATH/CodeIgniter.php(919): App\Controllers\Depan->kegiatan_search()
 4 SYSTEMPATH/CodeIgniter.php(494): CodeIgniter\CodeIgniter->runController()
 5 SYSTEMPATH/CodeIgniter.php(353): CodeIgniter\CodeIgniter->handleRequest()
 6 FCPATH/index.php(79): CodeIgniter\CodeIgniter->run()
ERROR - 2024-01-22 13:20:52 --> mysqli_sql_exception: Unknown column 'id_urusan' in 'where clause' in /var/www/html/csr/system/Database/MySQLi/Connection.php:306
Stack trace:
#0 /var/www/html/csr/system/Database/MySQLi/Connection.php(306): mysqli->query()
#1 /var/www/html/csr/system/Database/BaseConnection.php(692): CodeIgniter\Database\MySQLi\Connection->execute()
#2 /var/www/html/csr/system/Database/BaseConnection.php(606): CodeIgniter\Database\BaseConnection->simpleQuery()
#3 /var/www/html/csr/system/Database/BaseBuilder.php(1615): CodeIgniter\Database\BaseConnection->query()
#4 /var/www/html/csr/app/Controllers/Depan.php(73): CodeIgniter\Database\BaseBuilder->get()
#5 /var/www/html/csr/system/CodeIgniter.php(919): App\Controllers\Depan->kegiatan_search()
#6 /var/www/html/csr/system/CodeIgniter.php(494): CodeIgniter\CodeIgniter->runController()
#7 /var/www/html/csr/system/CodeIgniter.php(353): CodeIgniter\CodeIgniter->handleRequest()
#8 /var/www/html/csr/public/index.php(79): CodeIgniter\CodeIgniter->run()
#9 {main}
CRITICAL - 2024-01-22 13:20:52 --> Unknown column 'id_urusan' in 'where clause'
in SYSTEMPATH/Database/BaseConnection.php on line 646.
 1 SYSTEMPATH/Database/BaseBuilder.php(1615): CodeIgniter\Database\BaseConnection->query()
 2 APPPATH/Controllers/Depan.php(73): CodeIgniter\Database\BaseBuilder->get()
 3 SYSTEMPATH/CodeIgniter.php(919): App\Controllers\Depan->kegiatan_search()
 4 SYSTEMPATH/CodeIgniter.php(494): CodeIgniter\CodeIgniter->runController()
 5 SYSTEMPATH/CodeIgniter.php(353): CodeIgniter\CodeIgniter->handleRequest()
 6 FCPATH/index.php(79): CodeIgniter\CodeIgniter->run()
ERROR - 2024-01-22 13:21:04 --> mysqli_sql_exception: Unknown column 'id_urusan' in 'where clause' in /var/www/html/csr/system/Database/MySQLi/Connection.php:306
Stack trace:
#0 /var/www/html/csr/system/Database/MySQLi/Connection.php(306): mysqli->query()
#1 /var/www/html/csr/system/Database/BaseConnection.php(692): CodeIgniter\Database\MySQLi\Connection->execute()
#2 /var/www/html/csr/system/Database/BaseConnection.php(606): CodeIgniter\Database\BaseConnection->simpleQuery()
#3 /var/www/html/csr/system/Database/BaseBuilder.php(1615): CodeIgniter\Database\BaseConnection->query()
#4 /var/www/html/csr/app/Controllers/Depan.php(73): CodeIgniter\Database\BaseBuilder->get()
#5 /var/www/html/csr/system/CodeIgniter.php(919): App\Controllers\Depan->kegiatan_search()
#6 /var/www/html/csr/system/CodeIgniter.php(494): CodeIgniter\CodeIgniter->runController()
#7 /var/www/html/csr/system/CodeIgniter.php(353): CodeIgniter\CodeIgniter->handleRequest()
#8 /var/www/html/csr/public/index.php(79): CodeIgniter\CodeIgniter->run()
#9 {main}
CRITICAL - 2024-01-22 13:21:04 --> Unknown column 'id_urusan' in 'where clause'
in SYSTEMPATH/Database/BaseConnection.php on line 646.
 1 SYSTEMPATH/Database/BaseBuilder.php(1615): CodeIgniter\Database\BaseConnection->query()
 2 APPPATH/Controllers/Depan.php(73): CodeIgniter\Database\BaseBuilder->get()
 3 SYSTEMPATH/CodeIgniter.php(919): App\Controllers\Depan->kegiatan_search()
 4 SYSTEMPATH/CodeIgniter.php(494): CodeIgniter\CodeIgniter->runController()
 5 SYSTEMPATH/CodeIgniter.php(353): CodeIgniter\CodeIgniter->handleRequest()
 6 FCPATH/index.php(79): CodeIgniter\CodeIgniter->run()
ERROR - 2024-01-22 13:21:10 --> mysqli_sql_exception: Unknown column 'id_urusan' in 'where clause' in /var/www/html/csr/system/Database/MySQLi/Connection.php:306
Stack trace:
#0 /var/www/html/csr/system/Database/MySQLi/Connection.php(306): mysqli->query()
#1 /var/www/html/csr/system/Database/BaseConnection.php(692): CodeIgniter\Database\MySQLi\Connection->execute()
#2 /var/www/html/csr/system/Database/BaseConnection.php(606): CodeIgniter\Database\BaseConnection->simpleQuery()
#3 /var/www/html/csr/system/Database/BaseBuilder.php(1615): CodeIgniter\Database\BaseConnection->query()
#4 /var/www/html/csr/app/Controllers/Depan.php(73): CodeIgniter\Database\BaseBuilder->get()
#5 /var/www/html/csr/system/CodeIgniter.php(919): App\Controllers\Depan->kegiatan_search()
#6 /var/www/html/csr/system/CodeIgniter.php(494): CodeIgniter\CodeIgniter->runController()
#7 /var/www/html/csr/system/CodeIgniter.php(353): CodeIgniter\CodeIgniter->handleRequest()
#8 /var/www/html/csr/public/index.php(79): CodeIgniter\CodeIgniter->run()
#9 {main}
CRITICAL - 2024-01-22 13:21:10 --> Unknown column 'id_urusan' in 'where clause'
in SYSTEMPATH/Database/BaseConnection.php on line 646.
 1 SYSTEMPATH/Database/BaseBuilder.php(1615): CodeIgniter\Database\BaseConnection->query()
 2 APPPATH/Controllers/Depan.php(73): CodeIgniter\Database\BaseBuilder->get()
 3 SYSTEMPATH/CodeIgniter.php(919): App\Controllers\Depan->kegiatan_search()
 4 SYSTEMPATH/CodeIgniter.php(494): CodeIgniter\CodeIgniter->runController()
 5 SYSTEMPATH/CodeIgniter.php(353): CodeIgniter\CodeIgniter->handleRequest()
 6 FCPATH/index.php(79): CodeIgniter\CodeIgniter->run()
ERROR - 2024-01-22 13:21:10 --> mysqli_sql_exception: Unknown column 'id_urusan' in 'where clause' in /var/www/html/csr/system/Database/MySQLi/Connection.php:306
Stack trace:
#0 /var/www/html/csr/system/Database/MySQLi/Connection.php(306): mysqli->query()
#1 /var/www/html/csr/system/Database/BaseConnection.php(692): CodeIgniter\Database\MySQLi\Connection->execute()
#2 /var/www/html/csr/system/Database/BaseConnection.php(606): CodeIgniter\Database\BaseConnection->simpleQuery()
#3 /var/www/html/csr/system/Database/BaseBuilder.php(1615): CodeIgniter\Database\BaseConnection->query()
#4 /var/www/html/csr/app/Controllers/Depan.php(73): CodeIgniter\Database\BaseBuilder->get()
#5 /var/www/html/csr/system/CodeIgniter.php(919): App\Controllers\Depan->kegiatan_search()
#6 /var/www/html/csr/system/CodeIgniter.php(494): CodeIgniter\CodeIgniter->runController()
#7 /var/www/html/csr/system/CodeIgniter.php(353): CodeIgniter\CodeIgniter->handleRequest()
#8 /var/www/html/csr/public/index.php(79): CodeIgniter\CodeIgniter->run()
#9 {main}
CRITICAL - 2024-01-22 13:21:10 --> Unknown column 'id_urusan' in 'where clause'
in SYSTEMPATH/Database/BaseConnection.php on line 646.
 1 SYSTEMPATH/Database/BaseBuilder.php(1615): CodeIgniter\Database\BaseConnection->query()
 2 APPPATH/Controllers/Depan.php(73): CodeIgniter\Database\BaseBuilder->get()
 3 SYSTEMPATH/CodeIgniter.php(919): App\Controllers\Depan->kegiatan_search()
 4 SYSTEMPATH/CodeIgniter.php(494): CodeIgniter\CodeIgniter->runController()
 5 SYSTEMPATH/CodeIgniter.php(353): CodeIgniter\CodeIgniter->handleRequest()
 6 FCPATH/index.php(79): CodeIgniter\CodeIgniter->run()
ERROR - 2024-01-22 13:21:11 --> mysqli_sql_exception: Unknown column 'id_urusan' in 'where clause' in /var/www/html/csr/system/Database/MySQLi/Connection.php:306
Stack trace:
#0 /var/www/html/csr/system/Database/MySQLi/Connection.php(306): mysqli->query()
#1 /var/www/html/csr/system/Database/BaseConnection.php(692): CodeIgniter\Database\MySQLi\Connection->execute()
#2 /var/www/html/csr/system/Database/BaseConnection.php(606): CodeIgniter\Database\BaseConnection->simpleQuery()
#3 /var/www/html/csr/system/Database/BaseBuilder.php(1615): CodeIgniter\Database\BaseConnection->query()
#4 /var/www/html/csr/app/Controllers/Depan.php(73): CodeIgniter\Database\BaseBuilder->get()
#5 /var/www/html/csr/system/CodeIgniter.php(919): App\Controllers\Depan->kegiatan_search()
#6 /var/www/html/csr/system/CodeIgniter.php(494): CodeIgniter\CodeIgniter->runController()
#7 /var/www/html/csr/system/CodeIgniter.php(353): CodeIgniter\CodeIgniter->handleRequest()
#8 /var/www/html/csr/public/index.php(79): CodeIgniter\CodeIgniter->run()
#9 {main}
CRITICAL - 2024-01-22 13:21:11 --> Unknown column 'id_urusan' in 'where clause'
in SYSTEMPATH/Database/BaseConnection.php on line 646.
 1 SYSTEMPATH/Database/BaseBuilder.php(1615): CodeIgniter\Database\BaseConnection->query()
 2 APPPATH/Controllers/Depan.php(73): CodeIgniter\Database\BaseBuilder->get()
 3 SYSTEMPATH/CodeIgniter.php(919): App\Controllers\Depan->kegiatan_search()
 4 SYSTEMPATH/CodeIgniter.php(494): CodeIgniter\CodeIgniter->runController()
 5 SYSTEMPATH/CodeIgniter.php(353): CodeIgniter\CodeIgniter->handleRequest()
 6 FCPATH/index.php(79): CodeIgniter\CodeIgniter->run()
ERROR - 2024-01-22 13:21:11 --> mysqli_sql_exception: Unknown column 'id_urusan' in 'where clause' in /var/www/html/csr/system/Database/MySQLi/Connection.php:306
Stack trace:
#0 /var/www/html/csr/system/Database/MySQLi/Connection.php(306): mysqli->query()
#1 /var/www/html/csr/system/Database/BaseConnection.php(692): CodeIgniter\Database\MySQLi\Connection->execute()
#2 /var/www/html/csr/system/Database/BaseConnection.php(606): CodeIgniter\Database\BaseConnection->simpleQuery()
#3 /var/www/html/csr/system/Database/BaseBuilder.php(1615): CodeIgniter\Database\BaseConnection->query()
#4 /var/www/html/csr/app/Controllers/Depan.php(73): CodeIgniter\Database\BaseBuilder->get()
#5 /var/www/html/csr/system/CodeIgniter.php(919): App\Controllers\Depan->kegiatan_search()
#6 /var/www/html/csr/system/CodeIgniter.php(494): CodeIgniter\CodeIgniter->runController()
#7 /var/www/html/csr/system/CodeIgniter.php(353): CodeIgniter\CodeIgniter->handleRequest()
#8 /var/www/html/csr/public/index.php(79): CodeIgniter\CodeIgniter->run()
#9 {main}
CRITICAL - 2024-01-22 13:21:11 --> Unknown column 'id_urusan' in 'where clause'
in SYSTEMPATH/Database/BaseConnection.php on line 646.
 1 SYSTEMPATH/Database/BaseBuilder.php(1615): CodeIgniter\Database\BaseConnection->query()
 2 APPPATH/Controllers/Depan.php(73): CodeIgniter\Database\BaseBuilder->get()
 3 SYSTEMPATH/CodeIgniter.php(919): App\Controllers\Depan->kegiatan_search()
 4 SYSTEMPATH/CodeIgniter.php(494): CodeIgniter\CodeIgniter->runController()
 5 SYSTEMPATH/CodeIgniter.php(353): CodeIgniter\CodeIgniter->handleRequest()
 6 FCPATH/index.php(79): CodeIgniter\CodeIgniter->run()
ERROR - 2024-01-22 13:22:40 --> mysqli_sql_exception: Unknown column 'id_urusan' in 'where clause' in /var/www/html/csr/system/Database/MySQLi/Connection.php:306
Stack trace:
#0 /var/www/html/csr/system/Database/MySQLi/Connection.php(306): mysqli->query()
#1 /var/www/html/csr/system/Database/BaseConnection.php(692): CodeIgniter\Database\MySQLi\Connection->execute()
#2 /var/www/html/csr/system/Database/BaseConnection.php(606): CodeIgniter\Database\BaseConnection->simpleQuery()
#3 /var/www/html/csr/system/Database/BaseBuilder.php(1615): CodeIgniter\Database\BaseConnection->query()
#4 /var/www/html/csr/app/Controllers/Depan.php(73): CodeIgniter\Database\BaseBuilder->get()
#5 /var/www/html/csr/system/CodeIgniter.php(919): App\Controllers\Depan->kegiatan_search()
#6 /var/www/html/csr/system/CodeIgniter.php(494): CodeIgniter\CodeIgniter->runController()
#7 /var/www/html/csr/system/CodeIgniter.php(353): CodeIgniter\CodeIgniter->handleRequest()
#8 /var/www/html/csr/public/index.php(79): CodeIgniter\CodeIgniter->run()
#9 {main}
CRITICAL - 2024-01-22 13:22:40 --> Unknown column 'id_urusan' in 'where clause'
in SYSTEMPATH/Database/BaseConnection.php on line 646.
 1 SYSTEMPATH/Database/BaseBuilder.php(1615): CodeIgniter\Database\BaseConnection->query()
 2 APPPATH/Controllers/Depan.php(73): CodeIgniter\Database\BaseBuilder->get()
 3 SYSTEMPATH/CodeIgniter.php(919): App\Controllers\Depan->kegiatan_search()
 4 SYSTEMPATH/CodeIgniter.php(494): CodeIgniter\CodeIgniter->runController()
 5 SYSTEMPATH/CodeIgniter.php(353): CodeIgniter\CodeIgniter->handleRequest()
 6 FCPATH/index.php(79): CodeIgniter\CodeIgniter->run()
ERROR - 2024-01-22 13:23:00 --> mysqli_sql_exception: Unknown column 'id_urusan' in 'where clause' in /var/www/html/csr/system/Database/MySQLi/Connection.php:306
Stack trace:
#0 /var/www/html/csr/system/Database/MySQLi/Connection.php(306): mysqli->query()
#1 /var/www/html/csr/system/Database/BaseConnection.php(692): CodeIgniter\Database\MySQLi\Connection->execute()
#2 /var/www/html/csr/system/Database/BaseConnection.php(606): CodeIgniter\Database\BaseConnection->simpleQuery()
#3 /var/www/html/csr/system/Database/BaseBuilder.php(1615): CodeIgniter\Database\BaseConnection->query()
#4 /var/www/html/csr/app/Controllers/Depan.php(73): CodeIgniter\Database\BaseBuilder->get()
#5 /var/www/html/csr/system/CodeIgniter.php(919): App\Controllers\Depan->kegiatan_search()
#6 /var/www/html/csr/system/CodeIgniter.php(494): CodeIgniter\CodeIgniter->runController()
#7 /var/www/html/csr/system/CodeIgniter.php(353): CodeIgniter\CodeIgniter->handleRequest()
#8 /var/www/html/csr/public/index.php(79): CodeIgniter\CodeIgniter->run()
#9 {main}
CRITICAL - 2024-01-22 13:23:00 --> Unknown column 'id_urusan' in 'where clause'
in SYSTEMPATH/Database/BaseConnection.php on line 646.
 1 SYSTEMPATH/Database/BaseBuilder.php(1615): CodeIgniter\Database\BaseConnection->query()
 2 APPPATH/Controllers/Depan.php(73): CodeIgniter\Database\BaseBuilder->get()
 3 SYSTEMPATH/CodeIgniter.php(919): App\Controllers\Depan->kegiatan_search()
 4 SYSTEMPATH/CodeIgniter.php(494): CodeIgniter\CodeIgniter->runController()
 5 SYSTEMPATH/CodeIgniter.php(353): CodeIgniter\CodeIgniter->handleRequest()
 6 FCPATH/index.php(79): CodeIgniter\CodeIgniter->run()
ERROR - 2024-01-22 13:26:52 --> mysqli_sql_exception: Unknown column 'id_urusan' in 'where clause' in /var/www/html/csr/system/Database/MySQLi/Connection.php:306
Stack trace:
#0 /var/www/html/csr/system/Database/MySQLi/Connection.php(306): mysqli->query()
#1 /var/www/html/csr/system/Database/BaseConnection.php(692): CodeIgniter\Database\MySQLi\Connection->execute()
#2 /var/www/html/csr/system/Database/BaseConnection.php(606): CodeIgniter\Database\BaseConnection->simpleQuery()
#3 /var/www/html/csr/system/Database/BaseBuilder.php(1615): CodeIgniter\Database\BaseConnection->query()
#4 /var/www/html/csr/app/Controllers/Depan.php(73): CodeIgniter\Database\BaseBuilder->get()
#5 /var/www/html/csr/system/CodeIgniter.php(919): App\Controllers\Depan->kegiatan_search()
#6 /var/www/html/csr/system/CodeIgniter.php(494): CodeIgniter\CodeIgniter->runController()
#7 /var/www/html/csr/system/CodeIgniter.php(353): CodeIgniter\CodeIgniter->handleRequest()
#8 /var/www/html/csr/public/index.php(79): CodeIgniter\CodeIgniter->run()
#9 {main}
CRITICAL - 2024-01-22 13:26:52 --> Unknown column 'id_urusan' in 'where clause'
in SYSTEMPATH/Database/BaseConnection.php on line 646.
 1 SYSTEMPATH/Database/BaseBuilder.php(1615): CodeIgniter\Database\BaseConnection->query()
 2 APPPATH/Controllers/Depan.php(73): CodeIgniter\Database\BaseBuilder->get()
 3 SYSTEMPATH/CodeIgniter.php(919): App\Controllers\Depan->kegiatan_search()
 4 SYSTEMPATH/CodeIgniter.php(494): CodeIgniter\CodeIgniter->runController()
 5 SYSTEMPATH/CodeIgniter.php(353): CodeIgniter\CodeIgniter->handleRequest()
 6 FCPATH/index.php(79): CodeIgniter\CodeIgniter->run()
