WARNING - 2024-09-17 07:51:03 --> [DEPRECATED] strtoupper(): Passing null to parameter #1 ($string) of type string is deprecated in APPPATH\Views\depan\kegiatan.php on line 115.
 1 APPPATH\Views\depan\kegiatan.php(115): strtoupper(null)
 2 SYSTEMPATH\View\View.php(226): include('C:\\laragon\\www\\csr\\app\\Views\\depan\\kegiatan.php')
 3 SYSTEMPATH\View\View.php(229): CodeIgniter\View\View->CodeIgniter\View\{closure}()
 4 SYSTEMPATH\Common.php(1188): CodeIgniter\View\View->render('depan/kegiatan', [], true)
 5 APPPATH\Controllers\Depan.php(56): view('depan/kegiatan', [...])
 6 SYSTEMPATH\CodeIgniter.php(919): App\Controllers\Depan->kegiatan()
 7 SYSTEMPATH\CodeIgniter.php(494): CodeIgniter\CodeIgniter->runController(Object(App\Controllers\Depan))
 8 SYSTEMPATH\CodeIgniter.php(353): CodeIgniter\CodeIgniter->handleRequest(null, Object(Config\Cache), false)
 9 FCPATH\index.php(79): CodeIgniter\CodeIgniter->run()
WARNING - 2024-09-17 07:51:03 --> [DEPRECATED] strtoupper(): Passing null to parameter #1 ($string) of type string is deprecated in APPPATH\Views\depan\kegiatan.php on line 115.
 1 APPPATH\Views\depan\kegiatan.php(115): strtoupper(null)
 2 SYSTEMPATH\View\View.php(226): include('C:\\laragon\\www\\csr\\app\\Views\\depan\\kegiatan.php')
 3 SYSTEMPATH\View\View.php(229): CodeIgniter\View\View->CodeIgniter\View\{closure}()
 4 SYSTEMPATH\Common.php(1188): CodeIgniter\View\View->render('depan/kegiatan', [], true)
 5 APPPATH\Controllers\Depan.php(56): view('depan/kegiatan', [...])
 6 SYSTEMPATH\CodeIgniter.php(919): App\Controllers\Depan->kegiatan()
 7 SYSTEMPATH\CodeIgniter.php(494): CodeIgniter\CodeIgniter->runController(Object(App\Controllers\Depan))
 8 SYSTEMPATH\CodeIgniter.php(353): CodeIgniter\CodeIgniter->handleRequest(null, Object(Config\Cache), false)
 9 FCPATH\index.php(79): CodeIgniter\CodeIgniter->run()
WARNING - 2024-09-17 07:51:03 --> [DEPRECATED] strtoupper(): Passing null to parameter #1 ($string) of type string is deprecated in APPPATH\Views\depan\kegiatan.php on line 115.
 1 APPPATH\Views\depan\kegiatan.php(115): strtoupper(null)
 2 SYSTEMPATH\View\View.php(226): include('C:\\laragon\\www\\csr\\app\\Views\\depan\\kegiatan.php')
 3 SYSTEMPATH\View\View.php(229): CodeIgniter\View\View->CodeIgniter\View\{closure}()
 4 SYSTEMPATH\Common.php(1188): CodeIgniter\View\View->render('depan/kegiatan', [], true)
 5 APPPATH\Controllers\Depan.php(56): view('depan/kegiatan', [...])
 6 SYSTEMPATH\CodeIgniter.php(919): App\Controllers\Depan->kegiatan()
 7 SYSTEMPATH\CodeIgniter.php(494): CodeIgniter\CodeIgniter->runController(Object(App\Controllers\Depan))
 8 SYSTEMPATH\CodeIgniter.php(353): CodeIgniter\CodeIgniter->handleRequest(null, Object(Config\Cache), false)
 9 FCPATH\index.php(79): CodeIgniter\CodeIgniter->run()
WARNING - 2024-09-17 07:51:03 --> [DEPRECATED] strtoupper(): Passing null to parameter #1 ($string) of type string is deprecated in APPPATH\Views\depan\kegiatan.php on line 115.
 1 APPPATH\Views\depan\kegiatan.php(115): strtoupper(null)
 2 SYSTEMPATH\View\View.php(226): include('C:\\laragon\\www\\csr\\app\\Views\\depan\\kegiatan.php')
 3 SYSTEMPATH\View\View.php(229): CodeIgniter\View\View->CodeIgniter\View\{closure}()
 4 SYSTEMPATH\Common.php(1188): CodeIgniter\View\View->render('depan/kegiatan', [], true)
 5 APPPATH\Controllers\Depan.php(56): view('depan/kegiatan', [...])
 6 SYSTEMPATH\CodeIgniter.php(919): App\Controllers\Depan->kegiatan()
 7 SYSTEMPATH\CodeIgniter.php(494): CodeIgniter\CodeIgniter->runController(Object(App\Controllers\Depan))
 8 SYSTEMPATH\CodeIgniter.php(353): CodeIgniter\CodeIgniter->handleRequest(null, Object(Config\Cache), false)
 9 FCPATH\index.php(79): CodeIgniter\CodeIgniter->run()
WARNING - 2024-09-17 07:51:03 --> [DEPRECATED] strtoupper(): Passing null to parameter #1 ($string) of type string is deprecated in APPPATH\Views\depan\kegiatan.php on line 115.
 1 APPPATH\Views\depan\kegiatan.php(115): strtoupper(null)
 2 SYSTEMPATH\View\View.php(226): include('C:\\laragon\\www\\csr\\app\\Views\\depan\\kegiatan.php')
 3 SYSTEMPATH\View\View.php(229): CodeIgniter\View\View->CodeIgniter\View\{closure}()
 4 SYSTEMPATH\Common.php(1188): CodeIgniter\View\View->render('depan/kegiatan', [], true)
 5 APPPATH\Controllers\Depan.php(56): view('depan/kegiatan', [...])
 6 SYSTEMPATH\CodeIgniter.php(919): App\Controllers\Depan->kegiatan()
 7 SYSTEMPATH\CodeIgniter.php(494): CodeIgniter\CodeIgniter->runController(Object(App\Controllers\Depan))
 8 SYSTEMPATH\CodeIgniter.php(353): CodeIgniter\CodeIgniter->handleRequest(null, Object(Config\Cache), false)
 9 FCPATH\index.php(79): CodeIgniter\CodeIgniter->run()
WARNING - 2024-09-17 07:51:03 --> [DEPRECATED] strtoupper(): Passing null to parameter #1 ($string) of type string is deprecated in APPPATH\Views\depan\kegiatan.php on line 115.
 1 APPPATH\Views\depan\kegiatan.php(115): strtoupper(null)
 2 SYSTEMPATH\View\View.php(226): include('C:\\laragon\\www\\csr\\app\\Views\\depan\\kegiatan.php')
 3 SYSTEMPATH\View\View.php(229): CodeIgniter\View\View->CodeIgniter\View\{closure}()
 4 SYSTEMPATH\Common.php(1188): CodeIgniter\View\View->render('depan/kegiatan', [], true)
 5 APPPATH\Controllers\Depan.php(56): view('depan/kegiatan', [...])
 6 SYSTEMPATH\CodeIgniter.php(919): App\Controllers\Depan->kegiatan()
 7 SYSTEMPATH\CodeIgniter.php(494): CodeIgniter\CodeIgniter->runController(Object(App\Controllers\Depan))
 8 SYSTEMPATH\CodeIgniter.php(353): CodeIgniter\CodeIgniter->handleRequest(null, Object(Config\Cache), false)
 9 FCPATH\index.php(79): CodeIgniter\CodeIgniter->run()
WARNING - 2024-09-17 07:51:03 --> [DEPRECATED] strtoupper(): Passing null to parameter #1 ($string) of type string is deprecated in APPPATH\Views\depan\kegiatan.php on line 115.
 1 APPPATH\Views\depan\kegiatan.php(115): strtoupper(null)
 2 SYSTEMPATH\View\View.php(226): include('C:\\laragon\\www\\csr\\app\\Views\\depan\\kegiatan.php')
 3 SYSTEMPATH\View\View.php(229): CodeIgniter\View\View->CodeIgniter\View\{closure}()
 4 SYSTEMPATH\Common.php(1188): CodeIgniter\View\View->render('depan/kegiatan', [], true)
 5 APPPATH\Controllers\Depan.php(56): view('depan/kegiatan', [...])
 6 SYSTEMPATH\CodeIgniter.php(919): App\Controllers\Depan->kegiatan()
 7 SYSTEMPATH\CodeIgniter.php(494): CodeIgniter\CodeIgniter->runController(Object(App\Controllers\Depan))
 8 SYSTEMPATH\CodeIgniter.php(353): CodeIgniter\CodeIgniter->handleRequest(null, Object(Config\Cache), false)
 9 FCPATH\index.php(79): CodeIgniter\CodeIgniter->run()
WARNING - 2024-09-17 07:51:03 --> [DEPRECATED] strtoupper(): Passing null to parameter #1 ($string) of type string is deprecated in APPPATH\Views\depan\kegiatan.php on line 115.
 1 APPPATH\Views\depan\kegiatan.php(115): strtoupper(null)
 2 SYSTEMPATH\View\View.php(226): include('C:\\laragon\\www\\csr\\app\\Views\\depan\\kegiatan.php')
 3 SYSTEMPATH\View\View.php(229): CodeIgniter\View\View->CodeIgniter\View\{closure}()
 4 SYSTEMPATH\Common.php(1188): CodeIgniter\View\View->render('depan/kegiatan', [], true)
 5 APPPATH\Controllers\Depan.php(56): view('depan/kegiatan', [...])
 6 SYSTEMPATH\CodeIgniter.php(919): App\Controllers\Depan->kegiatan()
 7 SYSTEMPATH\CodeIgniter.php(494): CodeIgniter\CodeIgniter->runController(Object(App\Controllers\Depan))
 8 SYSTEMPATH\CodeIgniter.php(353): CodeIgniter\CodeIgniter->handleRequest(null, Object(Config\Cache), false)
 9 FCPATH\index.php(79): CodeIgniter\CodeIgniter->run()
WARNING - 2024-09-17 07:51:03 --> [DEPRECATED] strtoupper(): Passing null to parameter #1 ($string) of type string is deprecated in APPPATH\Views\depan\kegiatan.php on line 115.
 1 APPPATH\Views\depan\kegiatan.php(115): strtoupper(null)
 2 SYSTEMPATH\View\View.php(226): include('C:\\laragon\\www\\csr\\app\\Views\\depan\\kegiatan.php')
 3 SYSTEMPATH\View\View.php(229): CodeIgniter\View\View->CodeIgniter\View\{closure}()
 4 SYSTEMPATH\Common.php(1188): CodeIgniter\View\View->render('depan/kegiatan', [], true)
 5 APPPATH\Controllers\Depan.php(56): view('depan/kegiatan', [...])
 6 SYSTEMPATH\CodeIgniter.php(919): App\Controllers\Depan->kegiatan()
 7 SYSTEMPATH\CodeIgniter.php(494): CodeIgniter\CodeIgniter->runController(Object(App\Controllers\Depan))
 8 SYSTEMPATH\CodeIgniter.php(353): CodeIgniter\CodeIgniter->handleRequest(null, Object(Config\Cache), false)
 9 FCPATH\index.php(79): CodeIgniter\CodeIgniter->run()
WARNING - 2024-09-17 07:51:03 --> [DEPRECATED] strtoupper(): Passing null to parameter #1 ($string) of type string is deprecated in APPPATH\Views\depan\kegiatan.php on line 115.
 1 APPPATH\Views\depan\kegiatan.php(115): strtoupper(null)
 2 SYSTEMPATH\View\View.php(226): include('C:\\laragon\\www\\csr\\app\\Views\\depan\\kegiatan.php')
 3 SYSTEMPATH\View\View.php(229): CodeIgniter\View\View->CodeIgniter\View\{closure}()
 4 SYSTEMPATH\Common.php(1188): CodeIgniter\View\View->render('depan/kegiatan', [], true)
 5 APPPATH\Controllers\Depan.php(56): view('depan/kegiatan', [...])
 6 SYSTEMPATH\CodeIgniter.php(919): App\Controllers\Depan->kegiatan()
 7 SYSTEMPATH\CodeIgniter.php(494): CodeIgniter\CodeIgniter->runController(Object(App\Controllers\Depan))
 8 SYSTEMPATH\CodeIgniter.php(353): CodeIgniter\CodeIgniter->handleRequest(null, Object(Config\Cache), false)
 9 FCPATH\index.php(79): CodeIgniter\CodeIgniter->run()
WARNING - 2024-09-17 07:51:03 --> [DEPRECATED] strtoupper(): Passing null to parameter #1 ($string) of type string is deprecated in APPPATH\Views\depan\kegiatan.php on line 115.
 1 APPPATH\Views\depan\kegiatan.php(115): strtoupper(null)
 2 SYSTEMPATH\View\View.php(226): include('C:\\laragon\\www\\csr\\app\\Views\\depan\\kegiatan.php')
 3 SYSTEMPATH\View\View.php(229): CodeIgniter\View\View->CodeIgniter\View\{closure}()
 4 SYSTEMPATH\Common.php(1188): CodeIgniter\View\View->render('depan/kegiatan', [], true)
 5 APPPATH\Controllers\Depan.php(56): view('depan/kegiatan', [...])
 6 SYSTEMPATH\CodeIgniter.php(919): App\Controllers\Depan->kegiatan()
 7 SYSTEMPATH\CodeIgniter.php(494): CodeIgniter\CodeIgniter->runController(Object(App\Controllers\Depan))
 8 SYSTEMPATH\CodeIgniter.php(353): CodeIgniter\CodeIgniter->handleRequest(null, Object(Config\Cache), false)
 9 FCPATH\index.php(79): CodeIgniter\CodeIgniter->run()
WARNING - 2024-09-17 07:51:03 --> [DEPRECATED] strtoupper(): Passing null to parameter #1 ($string) of type string is deprecated in APPPATH\Views\depan\kegiatan.php on line 115.
 1 APPPATH\Views\depan\kegiatan.php(115): strtoupper(null)
 2 SYSTEMPATH\View\View.php(226): include('C:\\laragon\\www\\csr\\app\\Views\\depan\\kegiatan.php')
 3 SYSTEMPATH\View\View.php(229): CodeIgniter\View\View->CodeIgniter\View\{closure}()
 4 SYSTEMPATH\Common.php(1188): CodeIgniter\View\View->render('depan/kegiatan', [], true)
 5 APPPATH\Controllers\Depan.php(56): view('depan/kegiatan', [...])
 6 SYSTEMPATH\CodeIgniter.php(919): App\Controllers\Depan->kegiatan()
 7 SYSTEMPATH\CodeIgniter.php(494): CodeIgniter\CodeIgniter->runController(Object(App\Controllers\Depan))
 8 SYSTEMPATH\CodeIgniter.php(353): CodeIgniter\CodeIgniter->handleRequest(null, Object(Config\Cache), false)
 9 FCPATH\index.php(79): CodeIgniter\CodeIgniter->run()
WARNING - 2024-09-17 07:51:03 --> [DEPRECATED] strtoupper(): Passing null to parameter #1 ($string) of type string is deprecated in APPPATH\Views\depan\kegiatan.php on line 115.
 1 APPPATH\Views\depan\kegiatan.php(115): strtoupper(null)
 2 SYSTEMPATH\View\View.php(226): include('C:\\laragon\\www\\csr\\app\\Views\\depan\\kegiatan.php')
 3 SYSTEMPATH\View\View.php(229): CodeIgniter\View\View->CodeIgniter\View\{closure}()
 4 SYSTEMPATH\Common.php(1188): CodeIgniter\View\View->render('depan/kegiatan', [], true)
 5 APPPATH\Controllers\Depan.php(56): view('depan/kegiatan', [...])
 6 SYSTEMPATH\CodeIgniter.php(919): App\Controllers\Depan->kegiatan()
 7 SYSTEMPATH\CodeIgniter.php(494): CodeIgniter\CodeIgniter->runController(Object(App\Controllers\Depan))
 8 SYSTEMPATH\CodeIgniter.php(353): CodeIgniter\CodeIgniter->handleRequest(null, Object(Config\Cache), false)
 9 FCPATH\index.php(79): CodeIgniter\CodeIgniter->run()
INFO - 2024-09-17 07:53:47 --> Session: Class initialized using 'CodeIgniter\Session\Handlers\FileHandler' driver.
INFO - 2024-09-17 07:53:48 --> Session: Class initialized using 'CodeIgniter\Session\Handlers\FileHandler' driver.
INFO - 2024-09-17 07:53:54 --> Session: Class initialized using 'CodeIgniter\Session\Handlers\FileHandler' driver.
INFO - 2024-09-17 07:53:57 --> Session: Class initialized using 'CodeIgniter\Session\Handlers\FileHandler' driver.
INFO - 2024-09-17 07:54:31 --> Session: Class initialized using 'CodeIgniter\Session\Handlers\FileHandler' driver.
INFO - 2024-09-17 07:54:33 --> Session: Class initialized using 'CodeIgniter\Session\Handlers\FileHandler' driver.
INFO - 2024-09-17 07:55:25 --> Session: Class initialized using 'CodeIgniter\Session\Handlers\FileHandler' driver.
INFO - 2024-09-17 07:58:21 --> Session: Class initialized using 'CodeIgniter\Session\Handlers\FileHandler' driver.
INFO - 2024-09-17 07:58:34 --> Session: Class initialized using 'CodeIgniter\Session\Handlers\FileHandler' driver.
INFO - 2024-09-17 07:58:39 --> Session: Class initialized using 'CodeIgniter\Session\Handlers\FileHandler' driver.
INFO - 2024-09-17 07:58:39 --> Session: Class initialized using 'CodeIgniter\Session\Handlers\FileHandler' driver.
INFO - 2024-09-17 07:58:42 --> Session: Class initialized using 'CodeIgniter\Session\Handlers\FileHandler' driver.
