INFO - 2023-12-06 01:51:36 --> Session: Class initialized using 'CodeIgniter\Session\Handlers\FileHandler' driver.
INFO - 2023-12-06 02:20:22 --> Session: Class initialized using 'CodeIgniter\Session\Handlers\FileHandler' driver.
INFO - 2023-12-06 02:20:30 --> Session: Class initialized using 'CodeIgniter\Session\Handlers\FileHandler' driver.
INFO - 2023-12-06 02:20:31 --> Session: Class initialized using 'CodeIgniter\Session\Handlers\FileHandler' driver.
INFO - 2023-12-06 02:20:34 --> Session: Class initialized using 'CodeIgniter\Session\Handlers\FileHandler' driver.
INFO - 2023-12-06 02:20:46 --> Session: Class initialized using 'CodeIgniter\Session\Handlers\FileHandler' driver.
INFO - 2023-12-06 02:20:51 --> Session: Class initialized using 'CodeIgniter\Session\Handlers\FileHandler' driver.
INFO - 2023-12-06 02:20:51 --> Session: Class initialized using 'CodeIgniter\Session\Handlers\FileHandler' driver.
INFO - 2023-12-06 02:20:54 --> Session: Class initialized using 'CodeIgniter\Session\Handlers\FileHandler' driver.
INFO - 2023-12-06 02:21:08 --> Session: Class initialized using 'CodeIgniter\Session\Handlers\FileHandler' driver.
INFO - 2023-12-06 03:26:26 --> Session: Class initialized using 'CodeIgniter\Session\Handlers\FileHandler' driver.
INFO - 2023-12-06 03:43:13 --> Session: Class initialized using 'CodeIgniter\Session\Handlers\FileHandler' driver.
INFO - 2023-12-06 03:43:31 --> Session: Class initialized using 'CodeIgniter\Session\Handlers\FileHandler' driver.
INFO - 2023-12-06 03:54:52 --> Session: Class initialized using 'CodeIgniter\Session\Handlers\FileHandler' driver.
INFO - 2023-12-06 03:57:29 --> Session: Class initialized using 'CodeIgniter\Session\Handlers\FileHandler' driver.
INFO - 2023-12-06 03:57:29 --> Session: Class initialized using 'CodeIgniter\Session\Handlers\FileHandler' driver.
INFO - 2023-12-06 04:00:04 --> Session: Class initialized using 'CodeIgniter\Session\Handlers\FileHandler' driver.
INFO - 2023-12-06 04:00:23 --> Session: Class initialized using 'CodeIgniter\Session\Handlers\FileHandler' driver.
INFO - 2023-12-06 04:00:34 --> Session: Class initialized using 'CodeIgniter\Session\Handlers\FileHandler' driver.
INFO - 2023-12-06 04:01:34 --> Session: Class initialized using 'CodeIgniter\Session\Handlers\FileHandler' driver.
INFO - 2023-12-06 04:02:05 --> Session: Class initialized using 'CodeIgniter\Session\Handlers\FileHandler' driver.
INFO - 2023-12-06 04:05:22 --> Session: Class initialized using 'CodeIgniter\Session\Handlers\FileHandler' driver.
INFO - 2023-12-06 04:07:19 --> Session: Class initialized using 'CodeIgniter\Session\Handlers\FileHandler' driver.
INFO - 2023-12-06 04:07:37 --> Session: Class initialized using 'CodeIgniter\Session\Handlers\FileHandler' driver.
INFO - 2023-12-06 04:08:05 --> Session: Class initialized using 'CodeIgniter\Session\Handlers\FileHandler' driver.
INFO - 2023-12-06 04:10:02 --> Session: Class initialized using 'CodeIgniter\Session\Handlers\FileHandler' driver.
INFO - 2023-12-06 04:10:13 --> Session: Class initialized using 'CodeIgniter\Session\Handlers\FileHandler' driver.
INFO - 2023-12-06 04:10:16 --> Session: Class initialized using 'CodeIgniter\Session\Handlers\FileHandler' driver.
INFO - 2023-12-06 04:12:55 --> Session: Class initialized using 'CodeIgniter\Session\Handlers\FileHandler' driver.
CRITICAL - 2023-12-06 04:12:59 --> Trying to access array offset on value of type null
in APPPATH\Views\admin\publikasi\publikasi_edit.php on line 29.
 1 APPPATH\Views\admin\publikasi\publikasi_edit.php(29): CodeIgniter\Debug\Exceptions->errorHandler(8, 'Trying to access array offset on value of type null', 'D:\\laragon\\www\\csr\\app\\Views\\admin\\publikasi\\publikasi_edit.php', 29, [...])
 2 SYSTEMPATH\View\View.php(226): include('D:\\laragon\\www\\csr\\app\\Views\\admin\\publikasi\\publikasi_edit.php')
 3 SYSTEMPATH\View\View.php(229): CodeIgniter\View\View->CodeIgniter\View\{closure}()
 4 SYSTEMPATH\Common.php(1188): CodeIgniter\View\View->render('admin/publikasi/publikasi_edit', [], true)
 5 APPPATH\Controllers\Publikasi.php(63): view('admin/publikasi/publikasi_edit', [...])
 6 SYSTEMPATH\CodeIgniter.php(919): App\Controllers\Publikasi->publikasi_edit('$2y$10$8Qbr', 'FH7WpE7j9nVGlahW.mzf3HFjiI02dFRwZRHOUWOeSwqfPV9W')
 7 SYSTEMPATH\CodeIgniter.php(494): CodeIgniter\CodeIgniter->runController(Object(App\Controllers\Publikasi))
 8 SYSTEMPATH\CodeIgniter.php(353): CodeIgniter\CodeIgniter->handleRequest(null, Object(Config\Cache), false)
 9 FCPATH\index.php(79): CodeIgniter\CodeIgniter->run()
INFO - 2023-12-06 04:13:20 --> Session: Class initialized using 'CodeIgniter\Session\Handlers\FileHandler' driver.
INFO - 2023-12-06 04:13:22 --> Session: Class initialized using 'CodeIgniter\Session\Handlers\FileHandler' driver.
INFO - 2023-12-06 04:13:25 --> Session: Class initialized using 'CodeIgniter\Session\Handlers\FileHandler' driver.
INFO - 2023-12-06 04:14:31 --> Session: Class initialized using 'CodeIgniter\Session\Handlers\FileHandler' driver.
INFO - 2023-12-06 04:14:57 --> Session: Class initialized using 'CodeIgniter\Session\Handlers\FileHandler' driver.
INFO - 2023-12-06 04:15:04 --> Session: Class initialized using 'CodeIgniter\Session\Handlers\FileHandler' driver.
INFO - 2023-12-06 06:42:44 --> Session: Class initialized using 'CodeIgniter\Session\Handlers\FileHandler' driver.
INFO - 2023-12-06 06:45:27 --> Session: Class initialized using 'CodeIgniter\Session\Handlers\FileHandler' driver.
INFO - 2023-12-06 06:45:29 --> Session: Class initialized using 'CodeIgniter\Session\Handlers\FileHandler' driver.
INFO - 2023-12-06 06:45:33 --> Session: Class initialized using 'CodeIgniter\Session\Handlers\FileHandler' driver.
INFO - 2023-12-06 06:45:40 --> Session: Class initialized using 'CodeIgniter\Session\Handlers\FileHandler' driver.
INFO - 2023-12-06 06:45:43 --> Session: Class initialized using 'CodeIgniter\Session\Handlers\FileHandler' driver.
INFO - 2023-12-06 06:45:47 --> Session: Class initialized using 'CodeIgniter\Session\Handlers\FileHandler' driver.
INFO - 2023-12-06 06:45:51 --> Session: Class initialized using 'CodeIgniter\Session\Handlers\FileHandler' driver.
INFO - 2023-12-06 06:46:10 --> Session: Class initialized using 'CodeIgniter\Session\Handlers\FileHandler' driver.
CRITICAL - 2023-12-06 06:54:51 --> date_default_timezone_set(): Timezone ID 'Aasi/Jakarta' is invalid
in SYSTEMPATH\CodeIgniter.php on line 217.
 1 [internal function]: CodeIgniter\Debug\Exceptions->errorHandler(8, 'date_default_timezone_set(): Timezone ID \'Aasi/Jakarta\' is invalid', 'D:\\laragon\\www\\csr\\system\\CodeIgniter.php', 217, [])
 2 SYSTEMPATH\CodeIgniter.php(217): date_default_timezone_set('Aasi/Jakarta')
 3 FCPATH\index.php(67): CodeIgniter\CodeIgniter->initialize()
INFO - 2023-12-06 13:55:13 --> Session: Class initialized using 'CodeIgniter\Session\Handlers\FileHandler' driver.
INFO - 2023-12-06 13:55:13 --> Session: Class initialized using 'CodeIgniter\Session\Handlers\FileHandler' driver.
INFO - 2023-12-06 14:00:25 --> Session: Class initialized using 'CodeIgniter\Session\Handlers\FileHandler' driver.
INFO - 2023-12-06 14:00:29 --> Session: Class initialized using 'CodeIgniter\Session\Handlers\FileHandler' driver.
INFO - 2023-12-06 14:00:49 --> Session: Class initialized using 'CodeIgniter\Session\Handlers\FileHandler' driver.
INFO - 2023-12-06 14:01:49 --> Session: Class initialized using 'CodeIgniter\Session\Handlers\FileHandler' driver.
INFO - 2023-12-06 14:01:54 --> Session: Class initialized using 'CodeIgniter\Session\Handlers\FileHandler' driver.
INFO - 2023-12-06 14:01:59 --> Session: Class initialized using 'CodeIgniter\Session\Handlers\FileHandler' driver.
INFO - 2023-12-06 14:01:59 --> Session: Class initialized using 'CodeIgniter\Session\Handlers\FileHandler' driver.
INFO - 2023-12-06 14:02:02 --> Session: Class initialized using 'CodeIgniter\Session\Handlers\FileHandler' driver.
INFO - 2023-12-06 14:02:25 --> Session: Class initialized using 'CodeIgniter\Session\Handlers\FileHandler' driver.
INFO - 2023-12-06 14:02:26 --> Session: Class initialized using 'CodeIgniter\Session\Handlers\FileHandler' driver.
INFO - 2023-12-06 14:05:46 --> Session: Class initialized using 'CodeIgniter\Session\Handlers\FileHandler' driver.
CRITICAL - 2023-12-06 14:05:51 --> Cannot call constructor
in APPPATH\Controllers\Publikasi.php on line 13.
 1 SYSTEMPATH\CodeIgniter.php(891): App\Controllers\Publikasi->__construct()
 2 SYSTEMPATH\CodeIgniter.php(485): CodeIgniter\CodeIgniter->createController()
 3 SYSTEMPATH\CodeIgniter.php(353): CodeIgniter\CodeIgniter->handleRequest(null, Object(Config\Cache), false)
 4 FCPATH\index.php(79): CodeIgniter\CodeIgniter->run()
CRITICAL - 2023-12-06 14:10:10 --> Declaration of App\Controllers\Publikasi::initController() should be compatible with App\Controllers\BaseController::initController(CodeIgniter\HTTP\RequestInterface $request, CodeIgniter\HTTP\ResponseInterface $response, Psr\Log\LoggerInterface $logger)
in APPPATH\Controllers\Publikasi.php on line 11.
 1 APPPATH\Controllers\Publikasi.php(9): CodeIgniter\Debug\Exceptions->errorHandler(2, 'Declaration of App\\Controllers\\Publikasi::initController() should be compatible with App\\Controllers\\BaseController::initController(CodeIgniter\\HTTP\\RequestInterface $request, CodeIgniter\\HTTP\\ResponseInterface $response, Psr\\Log\\LoggerInterface $logger)', 'D:\\laragon\\www\\csr\\app\\Controllers\\Publikasi.php', 11, [...])
 2 SYSTEMPATH\Autoloader\Autoloader.php(306): include_once('D:\\laragon\\www\\csr\\app\\Controllers\\Publikasi.php')
 3 SYSTEMPATH\Autoloader\Autoloader.php(285): CodeIgniter\Autoloader\Autoloader->includeFile('D:\\laragon\\www\\csr\\app\\Controllers\\Publikasi.php')
 4 SYSTEMPATH\Autoloader\Autoloader.php(263): CodeIgniter\Autoloader\Autoloader->loadInNamespace('App\\Controllers\\Publikasi')
 5 [internal function]: CodeIgniter\Autoloader\Autoloader->loadClass('App\\Controllers\\Publikasi')
 6 [internal function]: spl_autoload_call('App\\Controllers\\Publikasi')
 7 SYSTEMPATH\CodeIgniter.php(877): class_exists('\\App\\Controllers\\Publikasi', true)
 8 SYSTEMPATH\CodeIgniter.php(481): CodeIgniter\CodeIgniter->startController()
 9 SYSTEMPATH\CodeIgniter.php(353): CodeIgniter\CodeIgniter->handleRequest(null, Object(Config\Cache), false)
10 FCPATH\index.php(79): CodeIgniter\CodeIgniter->run()
INFO - 2023-12-06 14:12:59 --> Session: Class initialized using 'CodeIgniter\Session\Handlers\FileHandler' driver.
INFO - 2023-12-06 14:13:41 --> Session: Class initialized using 'CodeIgniter\Session\Handlers\FileHandler' driver.
INFO - 2023-12-06 14:14:37 --> Session: Class initialized using 'CodeIgniter\Session\Handlers\FileHandler' driver.
INFO - 2023-12-06 14:15:39 --> Session: Class initialized using 'CodeIgniter\Session\Handlers\FileHandler' driver.
INFO - 2023-12-06 14:16:24 --> Session: Class initialized using 'CodeIgniter\Session\Handlers\FileHandler' driver.
INFO - 2023-12-06 14:16:24 --> Session: Class initialized using 'CodeIgniter\Session\Handlers\FileHandler' driver.
INFO - 2023-12-06 14:16:27 --> Session: Class initialized using 'CodeIgniter\Session\Handlers\FileHandler' driver.
INFO - 2023-12-06 14:16:44 --> Session: Class initialized using 'CodeIgniter\Session\Handlers\FileHandler' driver.
INFO - 2023-12-06 14:16:55 --> Session: Class initialized using 'CodeIgniter\Session\Handlers\FileHandler' driver.
CRITICAL - 2023-12-06 14:19:31 --> Undefined variable: base_url
in APPPATH\Views\depan\home.php on line 85.
 1 APPPATH\Views\depan\home.php(85): CodeIgniter\Debug\Exceptions->errorHandler(8, 'Undefined variable: base_url', 'D:\\laragon\\www\\csr\\app\\Views\\depan\\home.php', 85, [...])
 2 SYSTEMPATH\View\View.php(226): include('D:\\laragon\\www\\csr\\app\\Views\\depan\\home.php')
 3 SYSTEMPATH\View\View.php(229): CodeIgniter\View\View->CodeIgniter\View\{closure}()
 4 SYSTEMPATH\Common.php(1188): CodeIgniter\View\View->render('depan/home', [], true)
 5 APPPATH\Controllers\Depan.php(20): view('depan/home', [...])
 6 SYSTEMPATH\CodeIgniter.php(919): App\Controllers\Depan->index()
 7 SYSTEMPATH\CodeIgniter.php(494): CodeIgniter\CodeIgniter->runController(Object(App\Controllers\Depan))
 8 SYSTEMPATH\CodeIgniter.php(353): CodeIgniter\CodeIgniter->handleRequest(null, Object(Config\Cache), false)
 9 FCPATH\index.php(79): CodeIgniter\CodeIgniter->run()
CRITICAL - 2023-12-06 14:40:04 --> Class 'Time' not found
in APPPATH\Views\depan\home.php on line 82.
 1 SYSTEMPATH\View\View.php(226): include()
 2 SYSTEMPATH\View\View.php(229): CodeIgniter\View\View->CodeIgniter\View\{closure}()
 3 SYSTEMPATH\Common.php(1188): CodeIgniter\View\View->render('depan/home', [], true)
 4 APPPATH\Controllers\Depan.php(20): view('depan/home', [...])
 5 SYSTEMPATH\CodeIgniter.php(919): App\Controllers\Depan->index()
 6 SYSTEMPATH\CodeIgniter.php(494): CodeIgniter\CodeIgniter->runController(Object(App\Controllers\Depan))
 7 SYSTEMPATH\CodeIgniter.php(353): CodeIgniter\CodeIgniter->handleRequest(null, Object(Config\Cache), false)
 8 FCPATH\index.php(79): CodeIgniter\CodeIgniter->run()
CRITICAL - 2023-12-06 14:41:01 --> A non well formed numeric value encountered
in APPPATH\Views\depan\home.php on line 82.
 1 [internal function]: CodeIgniter\Debug\Exceptions->errorHandler(8, 'A non well formed numeric value encountered', 'D:\\laragon\\www\\csr\\app\\Views\\depan\\home.php', 82, [...])
 2 APPPATH\Views\depan\home.php(82): date('Y-m-d', '2023-12-06 03:57:29')
 3 SYSTEMPATH\View\View.php(226): include('D:\\laragon\\www\\csr\\app\\Views\\depan\\home.php')
 4 SYSTEMPATH\View\View.php(229): CodeIgniter\View\View->CodeIgniter\View\{closure}()
 5 SYSTEMPATH\Common.php(1188): CodeIgniter\View\View->render('depan/home', [], true)
 6 APPPATH\Controllers\Depan.php(20): view('depan/home', [...])
 7 SYSTEMPATH\CodeIgniter.php(919): App\Controllers\Depan->index()
 8 SYSTEMPATH\CodeIgniter.php(494): CodeIgniter\CodeIgniter->runController(Object(App\Controllers\Depan))
 9 SYSTEMPATH\CodeIgniter.php(353): CodeIgniter\CodeIgniter->handleRequest(null, Object(Config\Cache), false)
10 FCPATH\index.php(79): CodeIgniter\CodeIgniter->run()
CRITICAL - 2023-12-06 14:42:53 --> Undefined variable: k
in APPPATH\Views\depan\publikasi_detail.php on line 34.
 1 APPPATH\Views\depan\publikasi_detail.php(34): CodeIgniter\Debug\Exceptions->errorHandler(8, 'Undefined variable: k', 'D:\\laragon\\www\\csr\\app\\Views\\depan\\publikasi_detail.php', 34, [...])
 2 SYSTEMPATH\View\View.php(226): include('D:\\laragon\\www\\csr\\app\\Views\\depan\\publikasi_detail.php')
 3 SYSTEMPATH\View\View.php(229): CodeIgniter\View\View->CodeIgniter\View\{closure}()
 4 SYSTEMPATH\Common.php(1188): CodeIgniter\View\View->render('depan/publikasi_detail', [], true)
 5 APPPATH\Controllers\Publikasi.php(193): view('depan/publikasi_detail', [...])
 6 SYSTEMPATH\CodeIgniter.php(919): App\Controllers\Publikasi->publikasi_detail('RgOKdSjA1sOJ8YhVBaDf')
 7 SYSTEMPATH\CodeIgniter.php(494): CodeIgniter\CodeIgniter->runController(Object(App\Controllers\Publikasi))
 8 SYSTEMPATH\CodeIgniter.php(353): CodeIgniter\CodeIgniter->handleRequest(null, Object(Config\Cache), false)
 9 FCPATH\index.php(79): CodeIgniter\CodeIgniter->run()
CRITICAL - 2023-12-06 14:57:25 --> Undefined variable: k
in APPPATH\Views\depan\publikasi_detail.php on line 39.
 1 APPPATH\Views\depan\publikasi_detail.php(39): CodeIgniter\Debug\Exceptions->errorHandler(8, 'Undefined variable: k', 'D:\\laragon\\www\\csr\\app\\Views\\depan\\publikasi_detail.php', 39, [...])
 2 SYSTEMPATH\View\View.php(226): include('D:\\laragon\\www\\csr\\app\\Views\\depan\\publikasi_detail.php')
 3 SYSTEMPATH\View\View.php(229): CodeIgniter\View\View->CodeIgniter\View\{closure}()
 4 SYSTEMPATH\Common.php(1188): CodeIgniter\View\View->render('depan/publikasi_detail', [], true)
 5 APPPATH\Controllers\Publikasi.php(202): view('depan/publikasi_detail', [...])
 6 SYSTEMPATH\CodeIgniter.php(919): App\Controllers\Publikasi->publikasi_detail('RgOKdSjA1sOJ8YhVBaDf')
 7 SYSTEMPATH\CodeIgniter.php(494): CodeIgniter\CodeIgniter->runController(Object(App\Controllers\Publikasi))
 8 SYSTEMPATH\CodeIgniter.php(353): CodeIgniter\CodeIgniter->handleRequest(null, Object(Config\Cache), false)
 9 FCPATH\index.php(79): CodeIgniter\CodeIgniter->run()
ERROR - 2023-12-06 20:09:45 --> Error connecting to the database: mysqli_sql_exception: No connection could be made because the target machine actively refused it.
 in D:\laragon\www\csr\system\Database\MySQLi\Connection.php:185
Stack trace:
#0 D:\laragon\www\csr\system\Database\MySQLi\Connection.php(185): mysqli->real_connect('localhost', 'root', '', 'csr', 3306, '', 0)
#1 D:\laragon\www\csr\system\Database\BaseConnection.php(391): CodeIgniter\Database\MySQLi\Connection->connect(false)
#2 D:\laragon\www\csr\system\Database\BaseConnection.php(574): CodeIgniter\Database\BaseConnection->initialize()
#3 D:\laragon\www\csr\system\Database\BaseBuilder.php(1615): CodeIgniter\Database\BaseConnection->query('SELECT `publika...', Array, false)
#4 D:\laragon\www\csr\app\Controllers\Depan.php(14): CodeIgniter\Database\BaseBuilder->get()
#5 D:\laragon\www\csr\system\CodeIgniter.php(919): App\Controllers\Depan->index()
#6 D:\laragon\www\csr\system\CodeIgniter.php(494): CodeIgniter\CodeIgniter->runController(Object(App\Controllers\Depan))
#7 D:\laragon\www\csr\system\CodeIgniter.php(353): CodeIgniter\CodeIgniter->handleRequest(NULL, Object(Config\Cache), false)
#8 D:\laragon\www\csr\public\index.php(79): CodeIgniter\CodeIgniter->run()
#9 {main}

Next CodeIgniter\Database\Exceptions\DatabaseException: No connection could be made because the target machine actively refused it.
 in D:\laragon\www\csr\system\Database\MySQLi\Connection.php:229
Stack trace:
#0 D:\laragon\www\csr\system\Database\BaseConnection.php(391): CodeIgniter\Database\MySQLi\Connection->connect(false)
#1 D:\laragon\www\csr\system\Database\BaseConnection.php(574): CodeIgniter\Database\BaseConnection->initialize()
#2 D:\laragon\www\csr\system\Database\BaseBuilder.php(1615): CodeIgniter\Database\BaseConnection->query('SELECT `publika...', Array, false)
#3 D:\laragon\www\csr\app\Controllers\Depan.php(14): CodeIgniter\Database\BaseBuilder->get()
#4 D:\laragon\www\csr\system\CodeIgniter.php(919): App\Controllers\Depan->index()
#5 D:\laragon\www\csr\system\CodeIgniter.php(494): CodeIgniter\CodeIgniter->runController(Object(App\Controllers\Depan))
#6 D:\laragon\www\csr\system\CodeIgniter.php(353): CodeIgniter\CodeIgniter->handleRequest(NULL, Object(Config\Cache), false)
#7 D:\laragon\www\csr\public\index.php(79): CodeIgniter\CodeIgniter->run()
#8 {main}
CRITICAL - 2023-12-06 20:09:45 --> Unable to connect to the database.
Main connection [MySQLi]: No connection could be made because the target machine actively refused it.

in SYSTEMPATH\Database\BaseConnection.php on line 427.
 1 SYSTEMPATH\Database\BaseConnection.php(574): CodeIgniter\Database\BaseConnection->initialize()
 2 SYSTEMPATH\Database\BaseBuilder.php(1615): CodeIgniter\Database\BaseConnection->query('SELECT `publikasi`.*
FROM `publikasi`
JOIN `user` ON `publikasi`.`id_user`=`user`.`id`
WHERE `status` = :status:', [...], false)
 3 APPPATH\Controllers\Depan.php(14): CodeIgniter\Database\BaseBuilder->get()
 4 SYSTEMPATH\CodeIgniter.php(919): App\Controllers\Depan->index()
 5 SYSTEMPATH\CodeIgniter.php(494): CodeIgniter\CodeIgniter->runController(Object(App\Controllers\Depan))
 6 SYSTEMPATH\CodeIgniter.php(353): CodeIgniter\CodeIgniter->handleRequest(null, Object(Config\Cache), false)
 7 FCPATH\index.php(79): CodeIgniter\CodeIgniter->run()
INFO - 2023-12-06 20:18:03 --> Session: Class initialized using 'CodeIgniter\Session\Handlers\FileHandler' driver.
INFO - 2023-12-06 20:18:04 --> Session: Class initialized using 'CodeIgniter\Session\Handlers\FileHandler' driver.
INFO - 2023-12-06 20:19:25 --> Session: Class initialized using 'CodeIgniter\Session\Handlers\FileHandler' driver.
CRITICAL - 2023-12-06 20:34:28 --> Trying to access array offset on value of type null
in APPPATH\Views\depan\publikasi_detail.php on line 30.
 1 APPPATH\Views\depan\publikasi_detail.php(30): CodeIgniter\Debug\Exceptions->errorHandler(8, 'Trying to access array offset on value of type null', 'D:\\laragon\\www\\csr\\app\\Views\\depan\\publikasi_detail.php', 30, [...])
 2 SYSTEMPATH\View\View.php(226): include('D:\\laragon\\www\\csr\\app\\Views\\depan\\publikasi_detail.php')
 3 SYSTEMPATH\View\View.php(229): CodeIgniter\View\View->CodeIgniter\View\{closure}()
 4 SYSTEMPATH\Common.php(1188): CodeIgniter\View\View->render('depan/publikasi_detail', [], true)
 5 APPPATH\Controllers\Publikasi.php(203): view('depan/publikasi_detail', [...])
 6 SYSTEMPATH\CodeIgniter.php(919): App\Controllers\Publikasi->publikasi_detail('csu7QO1thGrrDp4O3f8e')
 7 SYSTEMPATH\CodeIgniter.php(494): CodeIgniter\CodeIgniter->runController(Object(App\Controllers\Publikasi))
 8 SYSTEMPATH\CodeIgniter.php(353): CodeIgniter\CodeIgniter->handleRequest(null, Object(Config\Cache), false)
 9 FCPATH\index.php(79): CodeIgniter\CodeIgniter->run()
INFO - 2023-12-06 20:34:58 --> Session: Class initialized using 'CodeIgniter\Session\Handlers\FileHandler' driver.
INFO - 2023-12-06 20:35:02 --> Session: Class initialized using 'CodeIgniter\Session\Handlers\FileHandler' driver.
INFO - 2023-12-06 20:35:09 --> Session: Class initialized using 'CodeIgniter\Session\Handlers\FileHandler' driver.
INFO - 2023-12-06 20:35:16 --> Session: Class initialized using 'CodeIgniter\Session\Handlers\FileHandler' driver.
INFO - 2023-12-06 20:41:23 --> Session: Class initialized using 'CodeIgniter\Session\Handlers\FileHandler' driver.
INFO - 2023-12-06 20:41:31 --> Session: Class initialized using 'CodeIgniter\Session\Handlers\FileHandler' driver.
INFO - 2023-12-06 20:41:34 --> Session: Class initialized using 'CodeIgniter\Session\Handlers\FileHandler' driver.
INFO - 2023-12-06 20:42:11 --> Session: Class initialized using 'CodeIgniter\Session\Handlers\FileHandler' driver.
INFO - 2023-12-06 20:42:36 --> Session: Class initialized using 'CodeIgniter\Session\Handlers\FileHandler' driver.
INFO - 2023-12-06 20:42:45 --> Session: Class initialized using 'CodeIgniter\Session\Handlers\FileHandler' driver.
INFO - 2023-12-06 20:42:45 --> Session: Class initialized using 'CodeIgniter\Session\Handlers\FileHandler' driver.
INFO - 2023-12-06 20:42:49 --> Session: Class initialized using 'CodeIgniter\Session\Handlers\FileHandler' driver.
INFO - 2023-12-06 20:42:58 --> Session: Class initialized using 'CodeIgniter\Session\Handlers\FileHandler' driver.
INFO - 2023-12-06 20:43:14 --> Session: Class initialized using 'CodeIgniter\Session\Handlers\FileHandler' driver.
INFO - 2023-12-06 20:49:17 --> Session: Class initialized using 'CodeIgniter\Session\Handlers\FileHandler' driver.
INFO - 2023-12-06 20:49:22 --> Session: Class initialized using 'CodeIgniter\Session\Handlers\FileHandler' driver.
INFO - 2023-12-06 20:49:23 --> Session: Class initialized using 'CodeIgniter\Session\Handlers\FileHandler' driver.
INFO - 2023-12-06 21:55:06 --> Session: Class initialized using 'CodeIgniter\Session\Handlers\FileHandler' driver.
INFO - 2023-12-06 21:59:01 --> Session: Class initialized using 'CodeIgniter\Session\Handlers\FileHandler' driver.
INFO - 2023-12-06 21:59:13 --> Session: Class initialized using 'CodeIgniter\Session\Handlers\FileHandler' driver.
INFO - 2023-12-06 21:59:56 --> Session: Class initialized using 'CodeIgniter\Session\Handlers\FileHandler' driver.
INFO - 2023-12-06 22:00:52 --> Session: Class initialized using 'CodeIgniter\Session\Handlers\FileHandler' driver.
INFO - 2023-12-06 22:01:36 --> Session: Class initialized using 'CodeIgniter\Session\Handlers\FileHandler' driver.
INFO - 2023-12-06 22:02:10 --> Session: Class initialized using 'CodeIgniter\Session\Handlers\FileHandler' driver.
INFO - 2023-12-06 22:02:36 --> Session: Class initialized using 'CodeIgniter\Session\Handlers\FileHandler' driver.
INFO - 2023-12-06 22:03:04 --> Session: Class initialized using 'CodeIgniter\Session\Handlers\FileHandler' driver.
INFO - 2023-12-06 22:28:18 --> Session: Class initialized using 'CodeIgniter\Session\Handlers\FileHandler' driver.
INFO - 2023-12-06 23:07:42 --> Session: Class initialized using 'CodeIgniter\Session\Handlers\FileHandler' driver.
INFO - 2023-12-06 23:15:18 --> Session: Class initialized using 'CodeIgniter\Session\Handlers\FileHandler' driver.
CRITICAL - 2023-12-06 23:15:18 --> Undefined index: tahun
in APPPATH\Views\admin\kegiatan_csr\kegiatan_csr.php on line 239.
 1 APPPATH\Views\admin\kegiatan_csr\kegiatan_csr.php(239): CodeIgniter\Debug\Exceptions->errorHandler(8, 'Undefined index: tahun', 'D:\\laragon\\www\\csr\\app\\Views\\admin\\kegiatan_csr\\kegiatan_csr.php', 239, [...])
 2 SYSTEMPATH\View\View.php(226): include('D:\\laragon\\www\\csr\\app\\Views\\admin\\kegiatan_csr\\kegiatan_csr.php')
 3 SYSTEMPATH\View\View.php(229): CodeIgniter\View\View->CodeIgniter\View\{closure}()
 4 SYSTEMPATH\Common.php(1188): CodeIgniter\View\View->render('admin/kegiatan_csr/kegiatan_csr', [], true)
 5 APPPATH\Controllers\Kegiatan_Csr.php(38): view('admin/kegiatan_csr/kegiatan_csr', [...])
 6 SYSTEMPATH\CodeIgniter.php(919): App\Controllers\Kegiatan_Csr->index()
 7 SYSTEMPATH\CodeIgniter.php(494): CodeIgniter\CodeIgniter->runController(Object(App\Controllers\Kegiatan_Csr))
 8 SYSTEMPATH\CodeIgniter.php(353): CodeIgniter\CodeIgniter->handleRequest(null, Object(Config\Cache), false)
 9 FCPATH\index.php(79): CodeIgniter\CodeIgniter->run()
INFO - 2023-12-06 23:15:53 --> Session: Class initialized using 'CodeIgniter\Session\Handlers\FileHandler' driver.
CRITICAL - 2023-12-06 23:15:53 --> Undefined index: biaya2
in APPPATH\Views\admin\kegiatan_csr\kegiatan_csr.php on line 248.
 1 APPPATH\Views\admin\kegiatan_csr\kegiatan_csr.php(248): CodeIgniter\Debug\Exceptions->errorHandler(8, 'Undefined index: biaya2', 'D:\\laragon\\www\\csr\\app\\Views\\admin\\kegiatan_csr\\kegiatan_csr.php', 248, [...])
 2 SYSTEMPATH\View\View.php(226): include('D:\\laragon\\www\\csr\\app\\Views\\admin\\kegiatan_csr\\kegiatan_csr.php')
 3 SYSTEMPATH\View\View.php(229): CodeIgniter\View\View->CodeIgniter\View\{closure}()
 4 SYSTEMPATH\Common.php(1188): CodeIgniter\View\View->render('admin/kegiatan_csr/kegiatan_csr', [], true)
 5 APPPATH\Controllers\Kegiatan_Csr.php(38): view('admin/kegiatan_csr/kegiatan_csr', [...])
 6 SYSTEMPATH\CodeIgniter.php(919): App\Controllers\Kegiatan_Csr->index()
 7 SYSTEMPATH\CodeIgniter.php(494): CodeIgniter\CodeIgniter->runController(Object(App\Controllers\Kegiatan_Csr))
 8 SYSTEMPATH\CodeIgniter.php(353): CodeIgniter\CodeIgniter->handleRequest(null, Object(Config\Cache), false)
 9 FCPATH\index.php(79): CodeIgniter\CodeIgniter->run()
INFO - 2023-12-06 23:16:27 --> Session: Class initialized using 'CodeIgniter\Session\Handlers\FileHandler' driver.
INFO - 2023-12-06 23:18:04 --> Session: Class initialized using 'CodeIgniter\Session\Handlers\FileHandler' driver.
INFO - 2023-12-06 23:24:09 --> Session: Class initialized using 'CodeIgniter\Session\Handlers\FileHandler' driver.
INFO - 2023-12-06 23:24:44 --> Session: Class initialized using 'CodeIgniter\Session\Handlers\FileHandler' driver.
INFO - 2023-12-06 23:25:11 --> Session: Class initialized using 'CodeIgniter\Session\Handlers\FileHandler' driver.
INFO - 2023-12-06 23:25:54 --> Session: Class initialized using 'CodeIgniter\Session\Handlers\FileHandler' driver.
INFO - 2023-12-06 23:26:21 --> Session: Class initialized using 'CodeIgniter\Session\Handlers\FileHandler' driver.
INFO - 2023-12-06 23:26:28 --> Session: Class initialized using 'CodeIgniter\Session\Handlers\FileHandler' driver.
CRITICAL - 2023-12-06 23:26:28 --> Undefined variable: ruang_lingkup
in APPPATH\Views\admin\kegiatan_csr\kegiatan_upload_all.php on line 68.
 1 APPPATH\Views\admin\kegiatan_csr\kegiatan_upload_all.php(68): CodeIgniter\Debug\Exceptions->errorHandler(8, 'Undefined variable: ruang_lingkup', 'D:\\laragon\\www\\csr\\app\\Views\\admin\\kegiatan_csr\\kegiatan_upload_all.php', 68, [...])
 2 SYSTEMPATH\View\View.php(226): include('D:\\laragon\\www\\csr\\app\\Views\\admin\\kegiatan_csr\\kegiatan_upload_all.php')
 3 SYSTEMPATH\View\View.php(229): CodeIgniter\View\View->CodeIgniter\View\{closure}()
 4 SYSTEMPATH\Common.php(1188): CodeIgniter\View\View->render('admin/kegiatan_csr/kegiatan_upload_all', [], true)
 5 APPPATH\Controllers\Kegiatan_Csr.php(289): view('admin/kegiatan_csr/kegiatan_upload_all', [...])
 6 SYSTEMPATH\CodeIgniter.php(919): App\Controllers\Kegiatan_Csr->kegiatan_upload_all()
 7 SYSTEMPATH\CodeIgniter.php(494): CodeIgniter\CodeIgniter->runController(Object(App\Controllers\Kegiatan_Csr))
 8 SYSTEMPATH\CodeIgniter.php(353): CodeIgniter\CodeIgniter->handleRequest(null, Object(Config\Cache), false)
 9 FCPATH\index.php(79): CodeIgniter\CodeIgniter->run()
INFO - 2023-12-06 23:27:02 --> Session: Class initialized using 'CodeIgniter\Session\Handlers\FileHandler' driver.
INFO - 2023-12-06 23:27:13 --> Session: Class initialized using 'CodeIgniter\Session\Handlers\FileHandler' driver.
INFO - 2023-12-06 23:27:20 --> Session: Class initialized using 'CodeIgniter\Session\Handlers\FileHandler' driver.
INFO - 2023-12-06 23:28:22 --> Session: Class initialized using 'CodeIgniter\Session\Handlers\FileHandler' driver.
INFO - 2023-12-06 23:28:55 --> Session: Class initialized using 'CodeIgniter\Session\Handlers\FileHandler' driver.
INFO - 2023-12-06 23:28:59 --> Session: Class initialized using 'CodeIgniter\Session\Handlers\FileHandler' driver.
INFO - 2023-12-06 23:29:09 --> Session: Class initialized using 'CodeIgniter\Session\Handlers\FileHandler' driver.
INFO - 2023-12-06 23:29:22 --> Session: Class initialized using 'CodeIgniter\Session\Handlers\FileHandler' driver.
INFO - 2023-12-06 23:29:48 --> Session: Class initialized using 'CodeIgniter\Session\Handlers\FileHandler' driver.
INFO - 2023-12-06 23:29:50 --> Session: Class initialized using 'CodeIgniter\Session\Handlers\FileHandler' driver.
INFO - 2023-12-06 23:30:13 --> Session: Class initialized using 'CodeIgniter\Session\Handlers\FileHandler' driver.
INFO - 2023-12-06 23:30:26 --> Session: Class initialized using 'CodeIgniter\Session\Handlers\FileHandler' driver.
INFO - 2023-12-06 23:30:45 --> Session: Class initialized using 'CodeIgniter\Session\Handlers\FileHandler' driver.
INFO - 2023-12-06 23:32:42 --> Session: Class initialized using 'CodeIgniter\Session\Handlers\FileHandler' driver.
INFO - 2023-12-06 23:32:45 --> Session: Class initialized using 'CodeIgniter\Session\Handlers\FileHandler' driver.
INFO - 2023-12-06 23:33:35 --> Session: Class initialized using 'CodeIgniter\Session\Handlers\FileHandler' driver.
INFO - 2023-12-06 23:33:37 --> Session: Class initialized using 'CodeIgniter\Session\Handlers\FileHandler' driver.
INFO - 2023-12-06 23:33:48 --> Session: Class initialized using 'CodeIgniter\Session\Handlers\FileHandler' driver.
INFO - 2023-12-06 23:35:27 --> Session: Class initialized using 'CodeIgniter\Session\Handlers\FileHandler' driver.
INFO - 2023-12-06 23:35:31 --> Session: Class initialized using 'CodeIgniter\Session\Handlers\FileHandler' driver.
INFO - 2023-12-06 23:35:36 --> Session: Class initialized using 'CodeIgniter\Session\Handlers\FileHandler' driver.
INFO - 2023-12-06 23:35:43 --> Session: Class initialized using 'CodeIgniter\Session\Handlers\FileHandler' driver.
INFO - 2023-12-06 23:35:48 --> Session: Class initialized using 'CodeIgniter\Session\Handlers\FileHandler' driver.
INFO - 2023-12-06 23:36:00 --> Session: Class initialized using 'CodeIgniter\Session\Handlers\FileHandler' driver.
INFO - 2023-12-06 23:36:02 --> Session: Class initialized using 'CodeIgniter\Session\Handlers\FileHandler' driver.
ERROR - 2023-12-06 23:36:16 --> mysqli_sql_exception: Column 'sumber_usulan' cannot be null in D:\laragon\www\csr\system\Database\MySQLi\Connection.php:306
Stack trace:
#0 D:\laragon\www\csr\system\Database\MySQLi\Connection.php(306): mysqli->query('INSERT INTO `ke...', 0)
#1 D:\laragon\www\csr\system\Database\BaseConnection.php(692): CodeIgniter\Database\MySQLi\Connection->execute('INSERT INTO `ke...')
#2 D:\laragon\www\csr\system\Database\BaseConnection.php(606): CodeIgniter\Database\BaseConnection->simpleQuery('INSERT INTO `ke...')
#3 D:\laragon\www\csr\system\Database\BaseBuilder.php(2308): CodeIgniter\Database\BaseConnection->query('INSERT INTO `ke...', Array, false)
#4 D:\laragon\www\csr\app\Controllers\Kegiatan_Csr.php(270): CodeIgniter\Database\BaseBuilder->insert(Array)
#5 D:\laragon\www\csr\system\CodeIgniter.php(919): App\Controllers\Kegiatan_Csr->kegiatan_upload()
#6 D:\laragon\www\csr\system\CodeIgniter.php(494): CodeIgniter\CodeIgniter->runController(Object(App\Controllers\Kegiatan_Csr))
#7 D:\laragon\www\csr\system\CodeIgniter.php(353): CodeIgniter\CodeIgniter->handleRequest(NULL, Object(Config\Cache), false)
#8 D:\laragon\www\csr\public\index.php(79): CodeIgniter\CodeIgniter->run()
#9 {main}
CRITICAL - 2023-12-06 23:36:16 --> Column 'sumber_usulan' cannot be null
in SYSTEMPATH\Database\BaseConnection.php on line 646.
 1 SYSTEMPATH\Database\BaseBuilder.php(2308): CodeIgniter\Database\BaseConnection->query('INSERT INTO `kegiatan_upload` (`tahun`, `id_ruang`, `ruang_lingkup`, `id_urusan`, `urusan_bidang`, `program_kegiatan`, `permasalahan`, `alamat`, `id_kalurahan`, `kalurahan`, `id_kapanewon`, `kapanewon`, `biaya`, `biaya2`, `keterangan`, `sumber_usulan`, `opd`) VALUES (:tahun:, :id_ruang:, :ruang_lingkup:, :id_urusan:, :urusan_bidang:, :program_kegiatan:, :permasalahan:, :alamat:, :id_kalurahan:, :kalurahan:, :id_kapanewon:, :kapanewon:, :biaya:, :biaya2:, :keterangan:, :sumber_usulan:, :opd:)', [...], false)
 2 APPPATH\Controllers\Kegiatan_Csr.php(270): CodeIgniter\Database\BaseBuilder->insert([...])
 3 SYSTEMPATH\CodeIgniter.php(919): App\Controllers\Kegiatan_Csr->kegiatan_upload()
 4 SYSTEMPATH\CodeIgniter.php(494): CodeIgniter\CodeIgniter->runController(Object(App\Controllers\Kegiatan_Csr))
 5 SYSTEMPATH\CodeIgniter.php(353): CodeIgniter\CodeIgniter->handleRequest(null, Object(Config\Cache), false)
 6 FCPATH\index.php(79): CodeIgniter\CodeIgniter->run()
ERROR - 2023-12-06 23:36:46 --> mysqli_sql_exception: Column 'keterangan' cannot be null in D:\laragon\www\csr\system\Database\MySQLi\Connection.php:306
Stack trace:
#0 D:\laragon\www\csr\system\Database\MySQLi\Connection.php(306): mysqli->query('INSERT INTO `ke...', 0)
#1 D:\laragon\www\csr\system\Database\BaseConnection.php(692): CodeIgniter\Database\MySQLi\Connection->execute('INSERT INTO `ke...')
#2 D:\laragon\www\csr\system\Database\BaseConnection.php(606): CodeIgniter\Database\BaseConnection->simpleQuery('INSERT INTO `ke...')
#3 D:\laragon\www\csr\system\Database\BaseBuilder.php(2308): CodeIgniter\Database\BaseConnection->query('INSERT INTO `ke...', Array, false)
#4 D:\laragon\www\csr\app\Controllers\Kegiatan_Csr.php(270): CodeIgniter\Database\BaseBuilder->insert(Array)
#5 D:\laragon\www\csr\system\CodeIgniter.php(919): App\Controllers\Kegiatan_Csr->kegiatan_upload()
#6 D:\laragon\www\csr\system\CodeIgniter.php(494): CodeIgniter\CodeIgniter->runController(Object(App\Controllers\Kegiatan_Csr))
#7 D:\laragon\www\csr\system\CodeIgniter.php(353): CodeIgniter\CodeIgniter->handleRequest(NULL, Object(Config\Cache), false)
#8 D:\laragon\www\csr\public\index.php(79): CodeIgniter\CodeIgniter->run()
#9 {main}
CRITICAL - 2023-12-06 23:36:46 --> Column 'keterangan' cannot be null
in SYSTEMPATH\Database\BaseConnection.php on line 646.
 1 SYSTEMPATH\Database\BaseBuilder.php(2308): CodeIgniter\Database\BaseConnection->query('INSERT INTO `kegiatan_upload` (`tahun`, `id_ruang`, `ruang_lingkup`, `id_urusan`, `urusan_bidang`, `program_kegiatan`, `permasalahan`, `alamat`, `id_kalurahan`, `kalurahan`, `id_kapanewon`, `kapanewon`, `biaya`, `biaya2`, `keterangan`, `sumber_usulan`, `opd`) VALUES (:tahun:, :id_ruang:, :ruang_lingkup:, :id_urusan:, :urusan_bidang:, :program_kegiatan:, :permasalahan:, :alamat:, :id_kalurahan:, :kalurahan:, :id_kapanewon:, :kapanewon:, :biaya:, :biaya2:, :keterangan:, :sumber_usulan:, :opd:)', [...], false)
 2 APPPATH\Controllers\Kegiatan_Csr.php(270): CodeIgniter\Database\BaseBuilder->insert([...])
 3 SYSTEMPATH\CodeIgniter.php(919): App\Controllers\Kegiatan_Csr->kegiatan_upload()
 4 SYSTEMPATH\CodeIgniter.php(494): CodeIgniter\CodeIgniter->runController(Object(App\Controllers\Kegiatan_Csr))
 5 SYSTEMPATH\CodeIgniter.php(353): CodeIgniter\CodeIgniter->handleRequest(null, Object(Config\Cache), false)
 6 FCPATH\index.php(79): CodeIgniter\CodeIgniter->run()
INFO - 2023-12-06 23:37:54 --> Session: Class initialized using 'CodeIgniter\Session\Handlers\FileHandler' driver.
CRITICAL - 2023-12-06 23:37:54 --> number_format() expects parameter 1 to be float, string given
in APPPATH\Views\admin\kegiatan_csr\kegiatan_upload_all.php on line 85.
 1 [internal function]: CodeIgniter\Debug\Exceptions->errorHandler(2, 'number_format() expects parameter 1 to be float, string given', 'D:\\laragon\\www\\csr\\app\\Views\\admin\\kegiatan_csr\\kegiatan_upload_all.php', 85, [...])
 2 APPPATH\Views\admin\kegiatan_csr\kegiatan_upload_all.php(85): number_format('', 0, ',', '.')
 3 SYSTEMPATH\View\View.php(226): include('D:\\laragon\\www\\csr\\app\\Views\\admin\\kegiatan_csr\\kegiatan_upload_all.php')
 4 SYSTEMPATH\View\View.php(229): CodeIgniter\View\View->CodeIgniter\View\{closure}()
 5 SYSTEMPATH\Common.php(1188): CodeIgniter\View\View->render('admin/kegiatan_csr/kegiatan_upload_all', [], true)
 6 APPPATH\Controllers\Kegiatan_Csr.php(289): view('admin/kegiatan_csr/kegiatan_upload_all', [...])
 7 SYSTEMPATH\CodeIgniter.php(919): App\Controllers\Kegiatan_Csr->kegiatan_upload_all()
 8 SYSTEMPATH\CodeIgniter.php(494): CodeIgniter\CodeIgniter->runController(Object(App\Controllers\Kegiatan_Csr))
 9 SYSTEMPATH\CodeIgniter.php(353): CodeIgniter\CodeIgniter->handleRequest(null, Object(Config\Cache), false)
10 FCPATH\index.php(79): CodeIgniter\CodeIgniter->run()
INFO - 2023-12-06 23:39:27 --> Session: Class initialized using 'CodeIgniter\Session\Handlers\FileHandler' driver.
INFO - 2023-12-06 23:40:16 --> Session: Class initialized using 'CodeIgniter\Session\Handlers\FileHandler' driver.
CRITICAL - 2023-12-06 23:40:16 --> number_format() expects parameter 1 to be float, string given
in APPPATH\Views\admin\kegiatan_csr\kegiatan_upload_all.php on line 91.
 1 [internal function]: CodeIgniter\Debug\Exceptions->errorHandler(2, 'number_format() expects parameter 1 to be float, string given', 'D:\\laragon\\www\\csr\\app\\Views\\admin\\kegiatan_csr\\kegiatan_upload_all.php', 91, [...])
 2 APPPATH\Views\admin\kegiatan_csr\kegiatan_upload_all.php(91): number_format('', 0, ',', '.')
 3 SYSTEMPATH\View\View.php(226): include('D:\\laragon\\www\\csr\\app\\Views\\admin\\kegiatan_csr\\kegiatan_upload_all.php')
 4 SYSTEMPATH\View\View.php(229): CodeIgniter\View\View->CodeIgniter\View\{closure}()
 5 SYSTEMPATH\Common.php(1188): CodeIgniter\View\View->render('admin/kegiatan_csr/kegiatan_upload_all', [], true)
 6 APPPATH\Controllers\Kegiatan_Csr.php(289): view('admin/kegiatan_csr/kegiatan_upload_all', [...])
 7 SYSTEMPATH\CodeIgniter.php(919): App\Controllers\Kegiatan_Csr->kegiatan_upload_all()
 8 SYSTEMPATH\CodeIgniter.php(494): CodeIgniter\CodeIgniter->runController(Object(App\Controllers\Kegiatan_Csr))
 9 SYSTEMPATH\CodeIgniter.php(353): CodeIgniter\CodeIgniter->handleRequest(null, Object(Config\Cache), false)
10 FCPATH\index.php(79): CodeIgniter\CodeIgniter->run()
INFO - 2023-12-06 23:40:52 --> Session: Class initialized using 'CodeIgniter\Session\Handlers\FileHandler' driver.
INFO - 2023-12-06 23:45:38 --> Session: Class initialized using 'CodeIgniter\Session\Handlers\FileHandler' driver.
INFO - 2023-12-06 23:46:01 --> Session: Class initialized using 'CodeIgniter\Session\Handlers\FileHandler' driver.
INFO - 2023-12-06 23:46:13 --> Session: Class initialized using 'CodeIgniter\Session\Handlers\FileHandler' driver.
INFO - 2023-12-06 23:46:15 --> Session: Class initialized using 'CodeIgniter\Session\Handlers\FileHandler' driver.
INFO - 2023-12-06 23:46:23 --> Session: Class initialized using 'CodeIgniter\Session\Handlers\FileHandler' driver.
INFO - 2023-12-06 23:46:28 --> Session: Class initialized using 'CodeIgniter\Session\Handlers\FileHandler' driver.
INFO - 2023-12-06 23:46:44 --> Session: Class initialized using 'CodeIgniter\Session\Handlers\FileHandler' driver.
INFO - 2023-12-06 23:50:29 --> Session: Class initialized using 'CodeIgniter\Session\Handlers\FileHandler' driver.
INFO - 2023-12-06 23:52:15 --> Session: Class initialized using 'CodeIgniter\Session\Handlers\FileHandler' driver.
INFO - 2023-12-06 23:52:28 --> Session: Class initialized using 'CodeIgniter\Session\Handlers\FileHandler' driver.
INFO - 2023-12-06 23:54:50 --> Session: Class initialized using 'CodeIgniter\Session\Handlers\FileHandler' driver.
INFO - 2023-12-06 23:55:04 --> Session: Class initialized using 'CodeIgniter\Session\Handlers\FileHandler' driver.
INFO - 2023-12-06 23:55:56 --> Session: Class initialized using 'CodeIgniter\Session\Handlers\FileHandler' driver.
INFO - 2023-12-06 23:56:16 --> Session: Class initialized using 'CodeIgniter\Session\Handlers\FileHandler' driver.
INFO - 2023-12-06 23:56:25 --> Session: Class initialized using 'CodeIgniter\Session\Handlers\FileHandler' driver.
INFO - 2023-12-06 23:56:34 --> Session: Class initialized using 'CodeIgniter\Session\Handlers\FileHandler' driver.
INFO - 2023-12-06 23:56:39 --> Session: Class initialized using 'CodeIgniter\Session\Handlers\FileHandler' driver.
INFO - 2023-12-06 23:56:44 --> Session: Class initialized using 'CodeIgniter\Session\Handlers\FileHandler' driver.
INFO - 2023-12-06 23:57:12 --> Session: Class initialized using 'CodeIgniter\Session\Handlers\FileHandler' driver.
INFO - 2023-12-06 23:57:54 --> Session: Class initialized using 'CodeIgniter\Session\Handlers\FileHandler' driver.
INFO - 2023-12-06 23:59:56 --> Session: Class initialized using 'CodeIgniter\Session\Handlers\FileHandler' driver.
