CRITICAL - 2024-08-26 10:01:26 --> Undefined index: sumber_usulan
in APPPATH\Views\depan\kegiatan_search.php on line 27.
 1 APPPATH\Views\depan\kegiatan_search.php(27): CodeIgniter\Debug\Exceptions->errorHandler(8, 'Undefined index: sumber_usulan', 'C:\\laragon\\www\\csr\\app\\Views\\depan\\kegiatan_search.php', 27, [...])
 2 SYSTEMPATH\View\View.php(226): include('C:\\laragon\\www\\csr\\app\\Views\\depan\\kegiatan_search.php')
 3 SYSTEMPATH\View\View.php(229): CodeIgniter\View\View->CodeIgniter\View\{closure}()
 4 SYSTEMPATH\Common.php(1188): CodeIgniter\View\View->render('depan/kegiatan_search', [], true)
 5 APPPATH\Controllers\Depan.php(80): view('depan/kegiatan_search', [...])
 6 SYSTEMPATH\CodeIgniter.php(919): App\Controllers\Depan->kegiatan_search()
 7 SYSTEMPATH\CodeIgniter.php(494): CodeIgniter\CodeIgniter->runController(Object(App\Controllers\Depan))
 8 SYSTEMPATH\CodeIgniter.php(353): CodeIgniter\CodeIgniter->handleRequest(null, Object(Config\Cache), false)
 9 FCPATH\index.php(79): CodeIgniter\CodeIgniter->run()
CRITICAL - 2024-08-26 10:01:40 --> Undefined index: sumber_usulan
in APPPATH\Views\depan\kegiatan_search.php on line 27.
 1 APPPATH\Views\depan\kegiatan_search.php(27): CodeIgniter\Debug\Exceptions->errorHandler(8, 'Undefined index: sumber_usulan', 'C:\\laragon\\www\\csr\\app\\Views\\depan\\kegiatan_search.php', 27, [...])
 2 SYSTEMPATH\View\View.php(226): include('C:\\laragon\\www\\csr\\app\\Views\\depan\\kegiatan_search.php')
 3 SYSTEMPATH\View\View.php(229): CodeIgniter\View\View->CodeIgniter\View\{closure}()
 4 SYSTEMPATH\Common.php(1188): CodeIgniter\View\View->render('depan/kegiatan_search', [], true)
 5 APPPATH\Controllers\Depan.php(80): view('depan/kegiatan_search', [...])
 6 SYSTEMPATH\CodeIgniter.php(919): App\Controllers\Depan->kegiatan_search()
 7 SYSTEMPATH\CodeIgniter.php(494): CodeIgniter\CodeIgniter->runController(Object(App\Controllers\Depan))
 8 SYSTEMPATH\CodeIgniter.php(353): CodeIgniter\CodeIgniter->handleRequest(null, Object(Config\Cache), false)
 9 FCPATH\index.php(79): CodeIgniter\CodeIgniter->run()
CRITICAL - 2024-08-26 10:05:49 --> Undefined index: sumber_usulan
in APPPATH\Views\depan\kegiatan_search.php on line 27.
 1 APPPATH\Views\depan\kegiatan_search.php(27): CodeIgniter\Debug\Exceptions->errorHandler(8, 'Undefined index: sumber_usulan', 'C:\\laragon\\www\\csr\\app\\Views\\depan\\kegiatan_search.php', 27, [...])
 2 SYSTEMPATH\View\View.php(226): include('C:\\laragon\\www\\csr\\app\\Views\\depan\\kegiatan_search.php')
 3 SYSTEMPATH\View\View.php(229): CodeIgniter\View\View->CodeIgniter\View\{closure}()
 4 SYSTEMPATH\Common.php(1188): CodeIgniter\View\View->render('depan/kegiatan_search', [], true)
 5 APPPATH\Controllers\Depan.php(80): view('depan/kegiatan_search', [...])
 6 SYSTEMPATH\CodeIgniter.php(919): App\Controllers\Depan->kegiatan_search()
 7 SYSTEMPATH\CodeIgniter.php(494): CodeIgniter\CodeIgniter->runController(Object(App\Controllers\Depan))
 8 SYSTEMPATH\CodeIgniter.php(353): CodeIgniter\CodeIgniter->handleRequest(null, Object(Config\Cache), false)
 9 FCPATH\index.php(79): CodeIgniter\CodeIgniter->run()
CRITICAL - 2024-08-26 10:07:21 --> Undefined index: sumber_usulan
in APPPATH\Views\depan\kegiatan_search.php on line 27.
 1 APPPATH\Views\depan\kegiatan_search.php(27): CodeIgniter\Debug\Exceptions->errorHandler(8, 'Undefined index: sumber_usulan', 'C:\\laragon\\www\\csr\\app\\Views\\depan\\kegiatan_search.php', 27, [...])
 2 SYSTEMPATH\View\View.php(226): include('C:\\laragon\\www\\csr\\app\\Views\\depan\\kegiatan_search.php')
 3 SYSTEMPATH\View\View.php(229): CodeIgniter\View\View->CodeIgniter\View\{closure}()
 4 SYSTEMPATH\Common.php(1188): CodeIgniter\View\View->render('depan/kegiatan_search', [], true)
 5 APPPATH\Controllers\Depan.php(80): view('depan/kegiatan_search', [...])
 6 SYSTEMPATH\CodeIgniter.php(919): App\Controllers\Depan->kegiatan_search()
 7 SYSTEMPATH\CodeIgniter.php(494): CodeIgniter\CodeIgniter->runController(Object(App\Controllers\Depan))
 8 SYSTEMPATH\CodeIgniter.php(353): CodeIgniter\CodeIgniter->handleRequest(null, Object(Config\Cache), false)
 9 FCPATH\index.php(79): CodeIgniter\CodeIgniter->run()
CRITICAL - 2024-08-26 10:13:48 --> Undefined index: sumber_usulan
in APPPATH\Views\depan\kegiatan_search.php on line 27.
 1 APPPATH\Views\depan\kegiatan_search.php(27): CodeIgniter\Debug\Exceptions->errorHandler(8, 'Undefined index: sumber_usulan', 'C:\\laragon\\www\\csr\\app\\Views\\depan\\kegiatan_search.php', 27, [...])
 2 SYSTEMPATH\View\View.php(226): include('C:\\laragon\\www\\csr\\app\\Views\\depan\\kegiatan_search.php')
 3 SYSTEMPATH\View\View.php(229): CodeIgniter\View\View->CodeIgniter\View\{closure}()
 4 SYSTEMPATH\Common.php(1188): CodeIgniter\View\View->render('depan/kegiatan_search', [], true)
 5 APPPATH\Controllers\Depan.php(80): view('depan/kegiatan_search', [...])
 6 SYSTEMPATH\CodeIgniter.php(919): App\Controllers\Depan->kegiatan_search()
 7 SYSTEMPATH\CodeIgniter.php(494): CodeIgniter\CodeIgniter->runController(Object(App\Controllers\Depan))
 8 SYSTEMPATH\CodeIgniter.php(353): CodeIgniter\CodeIgniter->handleRequest(null, Object(Config\Cache), false)
 9 FCPATH\index.php(79): CodeIgniter\CodeIgniter->run()
CRITICAL - 2024-08-26 10:13:48 --> Undefined index: sumber_usulan
in APPPATH\Views\depan\kegiatan_search.php on line 27.
 1 APPPATH\Views\depan\kegiatan_search.php(27): CodeIgniter\Debug\Exceptions->errorHandler(8, 'Undefined index: sumber_usulan', 'C:\\laragon\\www\\csr\\app\\Views\\depan\\kegiatan_search.php', 27, [...])
 2 SYSTEMPATH\View\View.php(226): include('C:\\laragon\\www\\csr\\app\\Views\\depan\\kegiatan_search.php')
 3 SYSTEMPATH\View\View.php(229): CodeIgniter\View\View->CodeIgniter\View\{closure}()
 4 SYSTEMPATH\Common.php(1188): CodeIgniter\View\View->render('depan/kegiatan_search', [], true)
 5 APPPATH\Controllers\Depan.php(80): view('depan/kegiatan_search', [...])
 6 SYSTEMPATH\CodeIgniter.php(919): App\Controllers\Depan->kegiatan_search()
 7 SYSTEMPATH\CodeIgniter.php(494): CodeIgniter\CodeIgniter->runController(Object(App\Controllers\Depan))
 8 SYSTEMPATH\CodeIgniter.php(353): CodeIgniter\CodeIgniter->handleRequest(null, Object(Config\Cache), false)
 9 FCPATH\index.php(79): CodeIgniter\CodeIgniter->run()
CRITICAL - 2024-08-26 10:13:53 --> Undefined index: sumber_usulan
in APPPATH\Views\depan\kegiatan_search.php on line 27.
 1 APPPATH\Views\depan\kegiatan_search.php(27): CodeIgniter\Debug\Exceptions->errorHandler(8, 'Undefined index: sumber_usulan', 'C:\\laragon\\www\\csr\\app\\Views\\depan\\kegiatan_search.php', 27, [...])
 2 SYSTEMPATH\View\View.php(226): include('C:\\laragon\\www\\csr\\app\\Views\\depan\\kegiatan_search.php')
 3 SYSTEMPATH\View\View.php(229): CodeIgniter\View\View->CodeIgniter\View\{closure}()
 4 SYSTEMPATH\Common.php(1188): CodeIgniter\View\View->render('depan/kegiatan_search', [], true)
 5 APPPATH\Controllers\Depan.php(80): view('depan/kegiatan_search', [...])
 6 SYSTEMPATH\CodeIgniter.php(919): App\Controllers\Depan->kegiatan_search()
 7 SYSTEMPATH\CodeIgniter.php(494): CodeIgniter\CodeIgniter->runController(Object(App\Controllers\Depan))
 8 SYSTEMPATH\CodeIgniter.php(353): CodeIgniter\CodeIgniter->handleRequest(null, Object(Config\Cache), false)
 9 FCPATH\index.php(79): CodeIgniter\CodeIgniter->run()
CRITICAL - 2024-08-26 10:13:53 --> Undefined index: sumber_usulan
in APPPATH\Views\depan\kegiatan_search.php on line 27.
 1 APPPATH\Views\depan\kegiatan_search.php(27): CodeIgniter\Debug\Exceptions->errorHandler(8, 'Undefined index: sumber_usulan', 'C:\\laragon\\www\\csr\\app\\Views\\depan\\kegiatan_search.php', 27, [...])
 2 SYSTEMPATH\View\View.php(226): include('C:\\laragon\\www\\csr\\app\\Views\\depan\\kegiatan_search.php')
 3 SYSTEMPATH\View\View.php(229): CodeIgniter\View\View->CodeIgniter\View\{closure}()
 4 SYSTEMPATH\Common.php(1188): CodeIgniter\View\View->render('depan/kegiatan_search', [], true)
 5 APPPATH\Controllers\Depan.php(80): view('depan/kegiatan_search', [...])
 6 SYSTEMPATH\CodeIgniter.php(919): App\Controllers\Depan->kegiatan_search()
 7 SYSTEMPATH\CodeIgniter.php(494): CodeIgniter\CodeIgniter->runController(Object(App\Controllers\Depan))
 8 SYSTEMPATH\CodeIgniter.php(353): CodeIgniter\CodeIgniter->handleRequest(null, Object(Config\Cache), false)
 9 FCPATH\index.php(79): CodeIgniter\CodeIgniter->run()
CRITICAL - 2024-08-26 10:14:04 --> Undefined index: sumber_usulan
in APPPATH\Views\depan\kegiatan_search.php on line 27.
 1 APPPATH\Views\depan\kegiatan_search.php(27): CodeIgniter\Debug\Exceptions->errorHandler(8, 'Undefined index: sumber_usulan', 'C:\\laragon\\www\\csr\\app\\Views\\depan\\kegiatan_search.php', 27, [...])
 2 SYSTEMPATH\View\View.php(226): include('C:\\laragon\\www\\csr\\app\\Views\\depan\\kegiatan_search.php')
 3 SYSTEMPATH\View\View.php(229): CodeIgniter\View\View->CodeIgniter\View\{closure}()
 4 SYSTEMPATH\Common.php(1188): CodeIgniter\View\View->render('depan/kegiatan_search', [], true)
 5 APPPATH\Controllers\Depan.php(80): view('depan/kegiatan_search', [...])
 6 SYSTEMPATH\CodeIgniter.php(919): App\Controllers\Depan->kegiatan_search()
 7 SYSTEMPATH\CodeIgniter.php(494): CodeIgniter\CodeIgniter->runController(Object(App\Controllers\Depan))
 8 SYSTEMPATH\CodeIgniter.php(353): CodeIgniter\CodeIgniter->handleRequest(null, Object(Config\Cache), false)
 9 FCPATH\index.php(79): CodeIgniter\CodeIgniter->run()
CRITICAL - 2024-08-26 10:14:51 --> Undefined index: sumber_usulan
in APPPATH\Views\depan\kegiatan_search.php on line 27.
 1 APPPATH\Views\depan\kegiatan_search.php(27): CodeIgniter\Debug\Exceptions->errorHandler(8, 'Undefined index: sumber_usulan', 'C:\\laragon\\www\\csr\\app\\Views\\depan\\kegiatan_search.php', 27, [...])
 2 SYSTEMPATH\View\View.php(226): include('C:\\laragon\\www\\csr\\app\\Views\\depan\\kegiatan_search.php')
 3 SYSTEMPATH\View\View.php(229): CodeIgniter\View\View->CodeIgniter\View\{closure}()
 4 SYSTEMPATH\Common.php(1188): CodeIgniter\View\View->render('depan/kegiatan_search', [], true)
 5 APPPATH\Controllers\Depan.php(80): view('depan/kegiatan_search', [...])
 6 SYSTEMPATH\CodeIgniter.php(919): App\Controllers\Depan->kegiatan_search()
 7 SYSTEMPATH\CodeIgniter.php(494): CodeIgniter\CodeIgniter->runController(Object(App\Controllers\Depan))
 8 SYSTEMPATH\CodeIgniter.php(353): CodeIgniter\CodeIgniter->handleRequest(null, Object(Config\Cache), false)
 9 FCPATH\index.php(79): CodeIgniter\CodeIgniter->run()
CRITICAL - 2024-08-26 10:15:06 --> Undefined index: sumber_usulan
in APPPATH\Views\depan\kegiatan_search.php on line 27.
 1 APPPATH\Views\depan\kegiatan_search.php(27): CodeIgniter\Debug\Exceptions->errorHandler(8, 'Undefined index: sumber_usulan', 'C:\\laragon\\www\\csr\\app\\Views\\depan\\kegiatan_search.php', 27, [...])
 2 SYSTEMPATH\View\View.php(226): include('C:\\laragon\\www\\csr\\app\\Views\\depan\\kegiatan_search.php')
 3 SYSTEMPATH\View\View.php(229): CodeIgniter\View\View->CodeIgniter\View\{closure}()
 4 SYSTEMPATH\Common.php(1188): CodeIgniter\View\View->render('depan/kegiatan_search', [], true)
 5 APPPATH\Controllers\Depan.php(80): view('depan/kegiatan_search', [...])
 6 SYSTEMPATH\CodeIgniter.php(919): App\Controllers\Depan->kegiatan_search()
 7 SYSTEMPATH\CodeIgniter.php(494): CodeIgniter\CodeIgniter->runController(Object(App\Controllers\Depan))
 8 SYSTEMPATH\CodeIgniter.php(353): CodeIgniter\CodeIgniter->handleRequest(null, Object(Config\Cache), false)
 9 FCPATH\index.php(79): CodeIgniter\CodeIgniter->run()
CRITICAL - 2024-08-26 10:17:25 --> Undefined index: sumber_usulan
in APPPATH\Views\depan\kegiatan_search.php on line 27.
 1 APPPATH\Views\depan\kegiatan_search.php(27): CodeIgniter\Debug\Exceptions->errorHandler(8, 'Undefined index: sumber_usulan', 'C:\\laragon\\www\\csr\\app\\Views\\depan\\kegiatan_search.php', 27, [...])
 2 SYSTEMPATH\View\View.php(226): include('C:\\laragon\\www\\csr\\app\\Views\\depan\\kegiatan_search.php')
 3 SYSTEMPATH\View\View.php(229): CodeIgniter\View\View->CodeIgniter\View\{closure}()
 4 SYSTEMPATH\Common.php(1188): CodeIgniter\View\View->render('depan/kegiatan_search', [], true)
 5 APPPATH\Controllers\Depan.php(80): view('depan/kegiatan_search', [...])
 6 SYSTEMPATH\CodeIgniter.php(919): App\Controllers\Depan->kegiatan_search()
 7 SYSTEMPATH\CodeIgniter.php(494): CodeIgniter\CodeIgniter->runController(Object(App\Controllers\Depan))
 8 SYSTEMPATH\CodeIgniter.php(353): CodeIgniter\CodeIgniter->handleRequest(null, Object(Config\Cache), false)
 9 FCPATH\index.php(79): CodeIgniter\CodeIgniter->run()
CRITICAL - 2024-08-26 10:17:45 --> Undefined index: sumber_usulan
in APPPATH\Views\depan\kegiatan_search.php on line 27.
 1 APPPATH\Views\depan\kegiatan_search.php(27): CodeIgniter\Debug\Exceptions->errorHandler(8, 'Undefined index: sumber_usulan', 'C:\\laragon\\www\\csr\\app\\Views\\depan\\kegiatan_search.php', 27, [...])
 2 SYSTEMPATH\View\View.php(226): include('C:\\laragon\\www\\csr\\app\\Views\\depan\\kegiatan_search.php')
 3 SYSTEMPATH\View\View.php(229): CodeIgniter\View\View->CodeIgniter\View\{closure}()
 4 SYSTEMPATH\Common.php(1188): CodeIgniter\View\View->render('depan/kegiatan_search', [], true)
 5 APPPATH\Controllers\Depan.php(80): view('depan/kegiatan_search', [...])
 6 SYSTEMPATH\CodeIgniter.php(919): App\Controllers\Depan->kegiatan_search()
 7 SYSTEMPATH\CodeIgniter.php(494): CodeIgniter\CodeIgniter->runController(Object(App\Controllers\Depan))
 8 SYSTEMPATH\CodeIgniter.php(353): CodeIgniter\CodeIgniter->handleRequest(null, Object(Config\Cache), false)
 9 FCPATH\index.php(79): CodeIgniter\CodeIgniter->run()
CRITICAL - 2024-08-26 10:18:09 --> Undefined index: sumber_usulan
in APPPATH\Views\depan\kegiatan_search.php on line 27.
 1 APPPATH\Views\depan\kegiatan_search.php(27): CodeIgniter\Debug\Exceptions->errorHandler(8, 'Undefined index: sumber_usulan', 'C:\\laragon\\www\\csr\\app\\Views\\depan\\kegiatan_search.php', 27, [...])
 2 SYSTEMPATH\View\View.php(226): include('C:\\laragon\\www\\csr\\app\\Views\\depan\\kegiatan_search.php')
 3 SYSTEMPATH\View\View.php(229): CodeIgniter\View\View->CodeIgniter\View\{closure}()
 4 SYSTEMPATH\Common.php(1188): CodeIgniter\View\View->render('depan/kegiatan_search', [], true)
 5 APPPATH\Controllers\Depan.php(80): view('depan/kegiatan_search', [...])
 6 SYSTEMPATH\CodeIgniter.php(919): App\Controllers\Depan->kegiatan_search()
 7 SYSTEMPATH\CodeIgniter.php(494): CodeIgniter\CodeIgniter->runController(Object(App\Controllers\Depan))
 8 SYSTEMPATH\CodeIgniter.php(353): CodeIgniter\CodeIgniter->handleRequest(null, Object(Config\Cache), false)
 9 FCPATH\index.php(79): CodeIgniter\CodeIgniter->run()
