INFO - 2024-08-29 09:12:02 --> Session: Class initialized using 'CodeIgniter\Session\Handlers\FileHandler' driver.
INFO - 2024-08-29 09:12:02 --> Session: Class initialized using 'CodeIgniter\Session\Handlers\FileHandler' driver.
INFO - 2024-08-29 09:12:08 --> Session: Class initialized using 'CodeIgniter\Session\Handlers\FileHandler' driver.
INFO - 2024-08-29 09:22:09 --> Session: Class initialized using 'CodeIgniter\Session\Handlers\FileHandler' driver.
INFO - 2024-08-29 09:22:58 --> Session: Class initialized using 'CodeIgniter\Session\Handlers\FileHandler' driver.
INFO - 2024-08-29 09:23:02 --> Session: Class initialized using 'CodeIgniter\Session\Handlers\FileHandler' driver.
INFO - 2024-08-29 09:31:39 --> Session: Class initialized using 'CodeIgniter\Session\Handlers\FileHandler' driver.
INFO - 2024-08-29 09:32:46 --> Session: Class initialized using 'CodeIgniter\Session\Handlers\FileHandler' driver.
INFO - 2024-08-29 09:32:48 --> Session: Class initialized using 'CodeIgniter\Session\Handlers\FileHandler' driver.
INFO - 2024-08-29 09:39:12 --> Session: Class initialized using 'CodeIgniter\Session\Handlers\FileHandler' driver.
INFO - 2024-08-29 09:39:30 --> Session: Class initialized using 'CodeIgniter\Session\Handlers\FileHandler' driver.
INFO - 2024-08-29 09:44:44 --> Session: Class initialized using 'CodeIgniter\Session\Handlers\FileHandler' driver.
INFO - 2024-08-29 09:45:49 --> Session: Class initialized using 'CodeIgniter\Session\Handlers\FileHandler' driver.
INFO - 2024-08-29 09:47:32 --> Session: Class initialized using 'CodeIgniter\Session\Handlers\FileHandler' driver.
INFO - 2024-08-29 11:05:35 --> Session: Class initialized using 'CodeIgniter\Session\Handlers\FileHandler' driver.
INFO - 2024-08-29 11:05:35 --> Session: Class initialized using 'CodeIgniter\Session\Handlers\FileHandler' driver.
INFO - 2024-08-29 11:05:38 --> Session: Class initialized using 'CodeIgniter\Session\Handlers\FileHandler' driver.
ERROR - 2024-08-29 11:11:18 --> mysqli_sql_exception: Column 'alamat' cannot be null in C:\laragon\www\csr\system\Database\MySQLi\Connection.php:306
Stack trace:
#0 C:\laragon\www\csr\system\Database\MySQLi\Connection.php(306): mysqli->query('INSERT INTO `ke...', 0)
#1 C:\laragon\www\csr\system\Database\BaseConnection.php(692): CodeIgniter\Database\MySQLi\Connection->execute('INSERT INTO `ke...')
#2 C:\laragon\www\csr\system\Database\BaseConnection.php(606): CodeIgniter\Database\BaseConnection->simpleQuery('INSERT INTO `ke...')
#3 C:\laragon\www\csr\system\Database\BaseBuilder.php(2308): CodeIgniter\Database\BaseConnection->query('INSERT INTO `ke...', Array, false)
#4 C:\laragon\www\csr\app\Controllers\Kegiatan_Csr.php(276): CodeIgniter\Database\BaseBuilder->insert(Array)
#5 C:\laragon\www\csr\system\CodeIgniter.php(919): App\Controllers\Kegiatan_Csr->kegiatan_upload()
#6 C:\laragon\www\csr\system\CodeIgniter.php(494): CodeIgniter\CodeIgniter->runController(Object(App\Controllers\Kegiatan_Csr))
#7 C:\laragon\www\csr\system\CodeIgniter.php(353): CodeIgniter\CodeIgniter->handleRequest(NULL, Object(Config\Cache), false)
#8 C:\laragon\www\csr\public\index.php(79): CodeIgniter\CodeIgniter->run()
#9 {main}
CRITICAL - 2024-08-29 11:11:18 --> Column 'alamat' cannot be null
in SYSTEMPATH\Database\BaseConnection.php on line 646.
 1 SYSTEMPATH\Database\BaseBuilder.php(2308): CodeIgniter\Database\BaseConnection->query('INSERT INTO `kegiatan_upload` (`tahun`, `id_ruang`, `ruang_lingkup`, `id_urusan`, `urusan_bidang`, `program_kegiatan`, `alamat`, `id_kalurahan`, `kalurahan`, `id_kapanewon`, `kapanewon`, `biaya`, `volume`, `satuan`, `opd`) VALUES (:tahun:, :id_ruang:, :ruang_lingkup:, :id_urusan:, :urusan_bidang:, :program_kegiatan:, :alamat:, :id_kalurahan:, :kalurahan:, :id_kapanewon:, :kapanewon:, :biaya:, :volume:, :satuan:, :opd:)', [...], false)
 2 APPPATH\Controllers\Kegiatan_Csr.php(276): CodeIgniter\Database\BaseBuilder->insert([...])
 3 SYSTEMPATH\CodeIgniter.php(919): App\Controllers\Kegiatan_Csr->kegiatan_upload()
 4 SYSTEMPATH\CodeIgniter.php(494): CodeIgniter\CodeIgniter->runController(Object(App\Controllers\Kegiatan_Csr))
 5 SYSTEMPATH\CodeIgniter.php(353): CodeIgniter\CodeIgniter->handleRequest(null, Object(Config\Cache), false)
 6 FCPATH\index.php(79): CodeIgniter\CodeIgniter->run()
INFO - 2024-08-29 11:15:21 --> Session: Class initialized using 'CodeIgniter\Session\Handlers\FileHandler' driver.
INFO - 2024-08-29 11:15:23 --> Session: Class initialized using 'CodeIgniter\Session\Handlers\FileHandler' driver.
ERROR - 2024-08-29 11:15:31 --> mysqli_sql_exception: Column 'alamat' cannot be null in C:\laragon\www\csr\system\Database\MySQLi\Connection.php:306
Stack trace:
#0 C:\laragon\www\csr\system\Database\MySQLi\Connection.php(306): mysqli->query('INSERT INTO `ke...', 0)
#1 C:\laragon\www\csr\system\Database\BaseConnection.php(692): CodeIgniter\Database\MySQLi\Connection->execute('INSERT INTO `ke...')
#2 C:\laragon\www\csr\system\Database\BaseConnection.php(606): CodeIgniter\Database\BaseConnection->simpleQuery('INSERT INTO `ke...')
#3 C:\laragon\www\csr\system\Database\BaseBuilder.php(2308): CodeIgniter\Database\BaseConnection->query('INSERT INTO `ke...', Array, false)
#4 C:\laragon\www\csr\app\Controllers\Kegiatan_Csr.php(276): CodeIgniter\Database\BaseBuilder->insert(Array)
#5 C:\laragon\www\csr\system\CodeIgniter.php(919): App\Controllers\Kegiatan_Csr->kegiatan_upload()
#6 C:\laragon\www\csr\system\CodeIgniter.php(494): CodeIgniter\CodeIgniter->runController(Object(App\Controllers\Kegiatan_Csr))
#7 C:\laragon\www\csr\system\CodeIgniter.php(353): CodeIgniter\CodeIgniter->handleRequest(NULL, Object(Config\Cache), false)
#8 C:\laragon\www\csr\public\index.php(79): CodeIgniter\CodeIgniter->run()
#9 {main}
CRITICAL - 2024-08-29 11:15:31 --> Column 'alamat' cannot be null
in SYSTEMPATH\Database\BaseConnection.php on line 646.
 1 SYSTEMPATH\Database\BaseBuilder.php(2308): CodeIgniter\Database\BaseConnection->query('INSERT INTO `kegiatan_upload` (`tahun`, `id_ruang`, `ruang_lingkup`, `id_urusan`, `urusan_bidang`, `program_kegiatan`, `alamat`, `id_kalurahan`, `kalurahan`, `id_kapanewon`, `kapanewon`, `biaya`, `volume`, `satuan`, `opd`) VALUES (:tahun:, :id_ruang:, :ruang_lingkup:, :id_urusan:, :urusan_bidang:, :program_kegiatan:, :alamat:, :id_kalurahan:, :kalurahan:, :id_kapanewon:, :kapanewon:, :biaya:, :volume:, :satuan:, :opd:)', [...], false)
 2 APPPATH\Controllers\Kegiatan_Csr.php(276): CodeIgniter\Database\BaseBuilder->insert([...])
 3 SYSTEMPATH\CodeIgniter.php(919): App\Controllers\Kegiatan_Csr->kegiatan_upload()
 4 SYSTEMPATH\CodeIgniter.php(494): CodeIgniter\CodeIgniter->runController(Object(App\Controllers\Kegiatan_Csr))
 5 SYSTEMPATH\CodeIgniter.php(353): CodeIgniter\CodeIgniter->handleRequest(null, Object(Config\Cache), false)
 6 FCPATH\index.php(79): CodeIgniter\CodeIgniter->run()
INFO - 2024-08-29 11:18:07 --> Session: Class initialized using 'CodeIgniter\Session\Handlers\FileHandler' driver.
INFO - 2024-08-29 11:18:09 --> Session: Class initialized using 'CodeIgniter\Session\Handlers\FileHandler' driver.
INFO - 2024-08-29 11:18:17 --> Session: Class initialized using 'CodeIgniter\Session\Handlers\FileHandler' driver.
CRITICAL - 2024-08-29 11:18:17 --> A non well formed numeric value encountered
in APPPATH\Views\admin\kegiatan_csr\kegiatan_upload_all.php on line 83.
 1 [internal function]: CodeIgniter\Debug\Exceptions->errorHandler(8, 'A non well formed numeric value encountered', 'C:\\laragon\\www\\csr\\app\\Views\\admin\\kegiatan_csr\\kegiatan_upload_all.php', 83, [...])
 2 APPPATH\Views\admin\kegiatan_csr\kegiatan_upload_all.php(83): number_format('  600000000 ', 0, ',', '.')
 3 SYSTEMPATH\View\View.php(226): include('C:\\laragon\\www\\csr\\app\\Views\\admin\\kegiatan_csr\\kegiatan_upload_all.php')
 4 SYSTEMPATH\View\View.php(229): CodeIgniter\View\View->CodeIgniter\View\{closure}()
 5 SYSTEMPATH\Common.php(1188): CodeIgniter\View\View->render('admin/kegiatan_csr/kegiatan_upload_all', [], true)
 6 APPPATH\Controllers\Kegiatan_Csr.php(300): view('admin/kegiatan_csr/kegiatan_upload_all', [...])
 7 SYSTEMPATH\CodeIgniter.php(919): App\Controllers\Kegiatan_Csr->kegiatan_upload_all()
 8 SYSTEMPATH\CodeIgniter.php(494): CodeIgniter\CodeIgniter->runController(Object(App\Controllers\Kegiatan_Csr))
 9 SYSTEMPATH\CodeIgniter.php(353): CodeIgniter\CodeIgniter->handleRequest(null, Object(Config\Cache), false)
10 FCPATH\index.php(79): CodeIgniter\CodeIgniter->run()
INFO - 2024-08-29 11:21:07 --> Session: Class initialized using 'CodeIgniter\Session\Handlers\FileHandler' driver.
INFO - 2024-08-29 11:21:09 --> Session: Class initialized using 'CodeIgniter\Session\Handlers\FileHandler' driver.
CRITICAL - 2024-08-29 11:21:09 --> A non well formed numeric value encountered
in APPPATH\Views\admin\kegiatan_csr\kegiatan_upload_all.php on line 83.
 1 [internal function]: CodeIgniter\Debug\Exceptions->errorHandler(8, 'A non well formed numeric value encountered', 'C:\\laragon\\www\\csr\\app\\Views\\admin\\kegiatan_csr\\kegiatan_upload_all.php', 83, [...])
 2 APPPATH\Views\admin\kegiatan_csr\kegiatan_upload_all.php(83): number_format('  600000000 ', 0, ',', '.')
 3 SYSTEMPATH\View\View.php(226): include('C:\\laragon\\www\\csr\\app\\Views\\admin\\kegiatan_csr\\kegiatan_upload_all.php')
 4 SYSTEMPATH\View\View.php(229): CodeIgniter\View\View->CodeIgniter\View\{closure}()
 5 SYSTEMPATH\Common.php(1188): CodeIgniter\View\View->render('admin/kegiatan_csr/kegiatan_upload_all', [], true)
 6 APPPATH\Controllers\Kegiatan_Csr.php(300): view('admin/kegiatan_csr/kegiatan_upload_all', [...])
 7 SYSTEMPATH\CodeIgniter.php(919): App\Controllers\Kegiatan_Csr->kegiatan_upload_all()
 8 SYSTEMPATH\CodeIgniter.php(494): CodeIgniter\CodeIgniter->runController(Object(App\Controllers\Kegiatan_Csr))
 9 SYSTEMPATH\CodeIgniter.php(353): CodeIgniter\CodeIgniter->handleRequest(null, Object(Config\Cache), false)
10 FCPATH\index.php(79): CodeIgniter\CodeIgniter->run()
INFO - 2024-08-29 11:21:16 --> Session: Class initialized using 'CodeIgniter\Session\Handlers\FileHandler' driver.
CRITICAL - 2024-08-29 11:21:16 --> A non well formed numeric value encountered
in APPPATH\Views\admin\kegiatan_csr\kegiatan_upload_all.php on line 83.
 1 [internal function]: CodeIgniter\Debug\Exceptions->errorHandler(8, 'A non well formed numeric value encountered', 'C:\\laragon\\www\\csr\\app\\Views\\admin\\kegiatan_csr\\kegiatan_upload_all.php', 83, [...])
 2 APPPATH\Views\admin\kegiatan_csr\kegiatan_upload_all.php(83): number_format('  600000000 ', 0, ',', '.')
 3 SYSTEMPATH\View\View.php(226): include('C:\\laragon\\www\\csr\\app\\Views\\admin\\kegiatan_csr\\kegiatan_upload_all.php')
 4 SYSTEMPATH\View\View.php(229): CodeIgniter\View\View->CodeIgniter\View\{closure}()
 5 SYSTEMPATH\Common.php(1188): CodeIgniter\View\View->render('admin/kegiatan_csr/kegiatan_upload_all', [], true)
 6 APPPATH\Controllers\Kegiatan_Csr.php(300): view('admin/kegiatan_csr/kegiatan_upload_all', [...])
 7 SYSTEMPATH\CodeIgniter.php(919): App\Controllers\Kegiatan_Csr->kegiatan_upload_all()
 8 SYSTEMPATH\CodeIgniter.php(494): CodeIgniter\CodeIgniter->runController(Object(App\Controllers\Kegiatan_Csr))
 9 SYSTEMPATH\CodeIgniter.php(353): CodeIgniter\CodeIgniter->handleRequest(null, Object(Config\Cache), false)
10 FCPATH\index.php(79): CodeIgniter\CodeIgniter->run()
INFO - 2024-08-29 11:23:20 --> Session: Class initialized using 'CodeIgniter\Session\Handlers\FileHandler' driver.
INFO - 2024-08-29 11:23:36 --> Session: Class initialized using 'CodeIgniter\Session\Handlers\FileHandler' driver.
INFO - 2024-08-29 11:23:56 --> Session: Class initialized using 'CodeIgniter\Session\Handlers\FileHandler' driver.
INFO - 2024-08-29 11:24:03 --> Session: Class initialized using 'CodeIgniter\Session\Handlers\FileHandler' driver.
INFO - 2024-08-29 11:24:07 --> Session: Class initialized using 'CodeIgniter\Session\Handlers\FileHandler' driver.
INFO - 2024-08-29 11:24:09 --> Session: Class initialized using 'CodeIgniter\Session\Handlers\FileHandler' driver.
INFO - 2024-08-29 11:35:16 --> Session: Class initialized using 'CodeIgniter\Session\Handlers\FileHandler' driver.
INFO - 2024-08-29 11:35:30 --> Session: Class initialized using 'CodeIgniter\Session\Handlers\FileHandler' driver.
INFO - 2024-08-29 11:35:33 --> Session: Class initialized using 'CodeIgniter\Session\Handlers\FileHandler' driver.
INFO - 2024-08-29 11:37:00 --> Session: Class initialized using 'CodeIgniter\Session\Handlers\FileHandler' driver.
INFO - 2024-08-29 11:37:07 --> Session: Class initialized using 'CodeIgniter\Session\Handlers\FileHandler' driver.
INFO - 2024-08-29 11:37:13 --> Session: Class initialized using 'CodeIgniter\Session\Handlers\FileHandler' driver.
INFO - 2024-08-29 11:37:20 --> Session: Class initialized using 'CodeIgniter\Session\Handlers\FileHandler' driver.
INFO - 2024-08-29 11:37:36 --> Session: Class initialized using 'CodeIgniter\Session\Handlers\FileHandler' driver.
INFO - 2024-08-29 11:37:38 --> Session: Class initialized using 'CodeIgniter\Session\Handlers\FileHandler' driver.
INFO - 2024-08-29 11:38:27 --> Session: Class initialized using 'CodeIgniter\Session\Handlers\FileHandler' driver.
INFO - 2024-08-29 11:39:28 --> Session: Class initialized using 'CodeIgniter\Session\Handlers\FileHandler' driver.
INFO - 2024-08-29 11:41:47 --> Session: Class initialized using 'CodeIgniter\Session\Handlers\FileHandler' driver.
INFO - 2024-08-29 11:45:30 --> Session: Class initialized using 'CodeIgniter\Session\Handlers\FileHandler' driver.
INFO - 2024-08-29 13:25:46 --> Session: Class initialized using 'CodeIgniter\Session\Handlers\FileHandler' driver.
INFO - 2024-08-29 13:25:53 --> Session: Class initialized using 'CodeIgniter\Session\Handlers\FileHandler' driver.
INFO - 2024-08-29 13:25:56 --> Session: Class initialized using 'CodeIgniter\Session\Handlers\FileHandler' driver.
CRITICAL - 2024-08-29 13:26:59 --> Trying to access array offset on value of type null
in APPPATH\Controllers\Kegiatan_Csr.php on line 255.
 1 APPPATH\Controllers\Kegiatan_Csr.php(255): CodeIgniter\Debug\Exceptions->errorHandler(8, 'Trying to access array offset on value of type null', 'C:\\laragon\\www\\csr\\app\\Controllers\\Kegiatan_Csr.php', 255, [...])
 2 SYSTEMPATH\CodeIgniter.php(919): App\Controllers\Kegiatan_Csr->kegiatan_upload()
 3 SYSTEMPATH\CodeIgniter.php(494): CodeIgniter\CodeIgniter->runController(Object(App\Controllers\Kegiatan_Csr))
 4 SYSTEMPATH\CodeIgniter.php(353): CodeIgniter\CodeIgniter->handleRequest(null, Object(Config\Cache), false)
 5 FCPATH\index.php(79): CodeIgniter\CodeIgniter->run()
INFO - 2024-08-29 13:28:12 --> Session: Class initialized using 'CodeIgniter\Session\Handlers\FileHandler' driver.
INFO - 2024-08-29 13:28:15 --> Session: Class initialized using 'CodeIgniter\Session\Handlers\FileHandler' driver.
INFO - 2024-08-29 13:28:21 --> Session: Class initialized using 'CodeIgniter\Session\Handlers\FileHandler' driver.
INFO - 2024-08-29 13:28:23 --> Session: Class initialized using 'CodeIgniter\Session\Handlers\FileHandler' driver.
CRITICAL - 2024-08-29 13:28:35 --> Trying to access array offset on value of type null
in APPPATH\Controllers\Kegiatan_Csr.php on line 255.
 1 APPPATH\Controllers\Kegiatan_Csr.php(255): CodeIgniter\Debug\Exceptions->errorHandler(8, 'Trying to access array offset on value of type null', 'C:\\laragon\\www\\csr\\app\\Controllers\\Kegiatan_Csr.php', 255, [...])
 2 SYSTEMPATH\CodeIgniter.php(919): App\Controllers\Kegiatan_Csr->kegiatan_upload()
 3 SYSTEMPATH\CodeIgniter.php(494): CodeIgniter\CodeIgniter->runController(Object(App\Controllers\Kegiatan_Csr))
 4 SYSTEMPATH\CodeIgniter.php(353): CodeIgniter\CodeIgniter->handleRequest(null, Object(Config\Cache), false)
 5 FCPATH\index.php(79): CodeIgniter\CodeIgniter->run()
INFO - 2024-08-29 13:29:03 --> Session: Class initialized using 'CodeIgniter\Session\Handlers\FileHandler' driver.
INFO - 2024-08-29 13:29:06 --> Session: Class initialized using 'CodeIgniter\Session\Handlers\FileHandler' driver.
INFO - 2024-08-29 13:29:08 --> Session: Class initialized using 'CodeIgniter\Session\Handlers\FileHandler' driver.
INFO - 2024-08-29 13:29:10 --> Session: Class initialized using 'CodeIgniter\Session\Handlers\FileHandler' driver.
CRITICAL - 2024-08-29 13:29:17 --> Trying to access array offset on value of type null
in APPPATH\Controllers\Kegiatan_Csr.php on line 255.
 1 APPPATH\Controllers\Kegiatan_Csr.php(255): CodeIgniter\Debug\Exceptions->errorHandler(8, 'Trying to access array offset on value of type null', 'C:\\laragon\\www\\csr\\app\\Controllers\\Kegiatan_Csr.php', 255, [...])
 2 SYSTEMPATH\CodeIgniter.php(919): App\Controllers\Kegiatan_Csr->kegiatan_upload()
 3 SYSTEMPATH\CodeIgniter.php(494): CodeIgniter\CodeIgniter->runController(Object(App\Controllers\Kegiatan_Csr))
 4 SYSTEMPATH\CodeIgniter.php(353): CodeIgniter\CodeIgniter->handleRequest(null, Object(Config\Cache), false)
 5 FCPATH\index.php(79): CodeIgniter\CodeIgniter->run()
INFO - 2024-08-29 13:29:34 --> Session: Class initialized using 'CodeIgniter\Session\Handlers\FileHandler' driver.
INFO - 2024-08-29 13:29:37 --> Session: Class initialized using 'CodeIgniter\Session\Handlers\FileHandler' driver.
INFO - 2024-08-29 13:29:52 --> Session: Class initialized using 'CodeIgniter\Session\Handlers\FileHandler' driver.
INFO - 2024-08-29 13:31:41 --> Session: Class initialized using 'CodeIgniter\Session\Handlers\FileHandler' driver.
INFO - 2024-08-29 13:31:51 --> Session: Class initialized using 'CodeIgniter\Session\Handlers\FileHandler' driver.
INFO - 2024-08-29 13:31:54 --> Session: Class initialized using 'CodeIgniter\Session\Handlers\FileHandler' driver.
CRITICAL - 2024-08-29 13:32:05 --> Trying to access array offset on value of type null
in APPPATH\Controllers\Kegiatan_Csr.php on line 255.
 1 APPPATH\Controllers\Kegiatan_Csr.php(255): CodeIgniter\Debug\Exceptions->errorHandler(8, 'Trying to access array offset on value of type null', 'C:\\laragon\\www\\csr\\app\\Controllers\\Kegiatan_Csr.php', 255, [...])
 2 SYSTEMPATH\CodeIgniter.php(919): App\Controllers\Kegiatan_Csr->kegiatan_upload()
 3 SYSTEMPATH\CodeIgniter.php(494): CodeIgniter\CodeIgniter->runController(Object(App\Controllers\Kegiatan_Csr))
 4 SYSTEMPATH\CodeIgniter.php(353): CodeIgniter\CodeIgniter->handleRequest(null, Object(Config\Cache), false)
 5 FCPATH\index.php(79): CodeIgniter\CodeIgniter->run()
INFO - 2024-08-29 13:32:46 --> Session: Class initialized using 'CodeIgniter\Session\Handlers\FileHandler' driver.
INFO - 2024-08-29 13:32:48 --> Session: Class initialized using 'CodeIgniter\Session\Handlers\FileHandler' driver.
INFO - 2024-08-29 13:32:50 --> Session: Class initialized using 'CodeIgniter\Session\Handlers\FileHandler' driver.
INFO - 2024-08-29 13:32:54 --> Session: Class initialized using 'CodeIgniter\Session\Handlers\FileHandler' driver.
INFO - 2024-08-29 13:33:02 --> Session: Class initialized using 'CodeIgniter\Session\Handlers\FileHandler' driver.
INFO - 2024-08-29 13:33:07 --> Session: Class initialized using 'CodeIgniter\Session\Handlers\FileHandler' driver.
INFO - 2024-08-29 13:33:54 --> Session: Class initialized using 'CodeIgniter\Session\Handlers\FileHandler' driver.
CRITICAL - 2024-08-29 13:34:01 --> Trying to access array offset on value of type null
in APPPATH\Controllers\Kegiatan_Csr.php on line 255.
 1 APPPATH\Controllers\Kegiatan_Csr.php(255): CodeIgniter\Debug\Exceptions->errorHandler(8, 'Trying to access array offset on value of type null', 'C:\\laragon\\www\\csr\\app\\Controllers\\Kegiatan_Csr.php', 255, [...])
 2 SYSTEMPATH\CodeIgniter.php(919): App\Controllers\Kegiatan_Csr->kegiatan_upload()
 3 SYSTEMPATH\CodeIgniter.php(494): CodeIgniter\CodeIgniter->runController(Object(App\Controllers\Kegiatan_Csr))
 4 SYSTEMPATH\CodeIgniter.php(353): CodeIgniter\CodeIgniter->handleRequest(null, Object(Config\Cache), false)
 5 FCPATH\index.php(79): CodeIgniter\CodeIgniter->run()
INFO - 2024-08-29 13:34:38 --> Session: Class initialized using 'CodeIgniter\Session\Handlers\FileHandler' driver.
CRITICAL - 2024-08-29 13:34:46 --> Trying to access array offset on value of type null
in APPPATH\Controllers\Kegiatan_Csr.php on line 255.
 1 APPPATH\Controllers\Kegiatan_Csr.php(255): CodeIgniter\Debug\Exceptions->errorHandler(8, 'Trying to access array offset on value of type null', 'C:\\laragon\\www\\csr\\app\\Controllers\\Kegiatan_Csr.php', 255, [...])
 2 SYSTEMPATH\CodeIgniter.php(919): App\Controllers\Kegiatan_Csr->kegiatan_upload()
 3 SYSTEMPATH\CodeIgniter.php(494): CodeIgniter\CodeIgniter->runController(Object(App\Controllers\Kegiatan_Csr))
 4 SYSTEMPATH\CodeIgniter.php(353): CodeIgniter\CodeIgniter->handleRequest(null, Object(Config\Cache), false)
 5 FCPATH\index.php(79): CodeIgniter\CodeIgniter->run()
INFO - 2024-08-29 13:35:08 --> Session: Class initialized using 'CodeIgniter\Session\Handlers\FileHandler' driver.
CRITICAL - 2024-08-29 13:35:15 --> Trying to access array offset on value of type null
in APPPATH\Controllers\Kegiatan_Csr.php on line 255.
 1 APPPATH\Controllers\Kegiatan_Csr.php(255): CodeIgniter\Debug\Exceptions->errorHandler(8, 'Trying to access array offset on value of type null', 'C:\\laragon\\www\\csr\\app\\Controllers\\Kegiatan_Csr.php', 255, [...])
 2 SYSTEMPATH\CodeIgniter.php(919): App\Controllers\Kegiatan_Csr->kegiatan_upload()
 3 SYSTEMPATH\CodeIgniter.php(494): CodeIgniter\CodeIgniter->runController(Object(App\Controllers\Kegiatan_Csr))
 4 SYSTEMPATH\CodeIgniter.php(353): CodeIgniter\CodeIgniter->handleRequest(null, Object(Config\Cache), false)
 5 FCPATH\index.php(79): CodeIgniter\CodeIgniter->run()
INFO - 2024-08-29 13:35:18 --> Session: Class initialized using 'CodeIgniter\Session\Handlers\FileHandler' driver.
INFO - 2024-08-29 13:38:42 --> Session: Class initialized using 'CodeIgniter\Session\Handlers\FileHandler' driver.
INFO - 2024-08-29 13:38:45 --> Session: Class initialized using 'CodeIgniter\Session\Handlers\FileHandler' driver.
INFO - 2024-08-29 13:39:12 --> Session: Class initialized using 'CodeIgniter\Session\Handlers\FileHandler' driver.
CRITICAL - 2024-08-29 13:39:20 --> Trying to access array offset on value of type null
in APPPATH\Controllers\Kegiatan_Csr.php on line 255.
 1 APPPATH\Controllers\Kegiatan_Csr.php(255): CodeIgniter\Debug\Exceptions->errorHandler(8, 'Trying to access array offset on value of type null', 'C:\\laragon\\www\\csr\\app\\Controllers\\Kegiatan_Csr.php', 255, [...])
 2 SYSTEMPATH\CodeIgniter.php(919): App\Controllers\Kegiatan_Csr->kegiatan_upload()
 3 SYSTEMPATH\CodeIgniter.php(494): CodeIgniter\CodeIgniter->runController(Object(App\Controllers\Kegiatan_Csr))
 4 SYSTEMPATH\CodeIgniter.php(353): CodeIgniter\CodeIgniter->handleRequest(null, Object(Config\Cache), false)
 5 FCPATH\index.php(79): CodeIgniter\CodeIgniter->run()
INFO - 2024-08-29 13:40:04 --> Session: Class initialized using 'CodeIgniter\Session\Handlers\FileHandler' driver.
INFO - 2024-08-29 13:40:06 --> Session: Class initialized using 'CodeIgniter\Session\Handlers\FileHandler' driver.
INFO - 2024-08-29 13:40:09 --> Session: Class initialized using 'CodeIgniter\Session\Handlers\FileHandler' driver.
INFO - 2024-08-29 13:40:11 --> Session: Class initialized using 'CodeIgniter\Session\Handlers\FileHandler' driver.
INFO - 2024-08-29 13:40:25 --> Session: Class initialized using 'CodeIgniter\Session\Handlers\FileHandler' driver.
INFO - 2024-08-29 13:40:29 --> Session: Class initialized using 'CodeIgniter\Session\Handlers\FileHandler' driver.
INFO - 2024-08-29 13:40:32 --> Session: Class initialized using 'CodeIgniter\Session\Handlers\FileHandler' driver.
INFO - 2024-08-29 13:40:34 --> Session: Class initialized using 'CodeIgniter\Session\Handlers\FileHandler' driver.
ERROR - 2024-08-29 13:41:12 --> mysqli_sql_exception: Column 'kalurahan' cannot be null in C:\laragon\www\csr\system\Database\MySQLi\Connection.php:306
Stack trace:
#0 C:\laragon\www\csr\system\Database\MySQLi\Connection.php(306): mysqli->query('INSERT INTO `ke...', 0)
#1 C:\laragon\www\csr\system\Database\BaseConnection.php(692): CodeIgniter\Database\MySQLi\Connection->execute('INSERT INTO `ke...')
#2 C:\laragon\www\csr\system\Database\BaseConnection.php(606): CodeIgniter\Database\BaseConnection->simpleQuery('INSERT INTO `ke...')
#3 C:\laragon\www\csr\system\Database\BaseBuilder.php(2308): CodeIgniter\Database\BaseConnection->query('INSERT INTO `ke...', Array, false)
#4 C:\laragon\www\csr\app\Controllers\Kegiatan_Csr.php(286): CodeIgniter\Database\BaseBuilder->insert(Array)
#5 C:\laragon\www\csr\system\CodeIgniter.php(919): App\Controllers\Kegiatan_Csr->kegiatan_upload()
#6 C:\laragon\www\csr\system\CodeIgniter.php(494): CodeIgniter\CodeIgniter->runController(Object(App\Controllers\Kegiatan_Csr))
#7 C:\laragon\www\csr\system\CodeIgniter.php(353): CodeIgniter\CodeIgniter->handleRequest(NULL, Object(Config\Cache), false)
#8 C:\laragon\www\csr\public\index.php(79): CodeIgniter\CodeIgniter->run()
#9 {main}
CRITICAL - 2024-08-29 13:41:12 --> Column 'kalurahan' cannot be null
in SYSTEMPATH\Database\BaseConnection.php on line 646.
 1 SYSTEMPATH\Database\BaseBuilder.php(2308): CodeIgniter\Database\BaseConnection->query('INSERT INTO `kegiatan_upload` (`tahun`, `id_ruang`, `ruang_lingkup`, `id_urusan`, `urusan_bidang`, `program_kegiatan`, `alamat`, `id_kalurahan`, `kalurahan`, `id_kapanewon`, `kapanewon`, `biaya`, `volume`, `satuan`, `opd`) VALUES (:tahun:, :id_ruang:, :ruang_lingkup:, :id_urusan:, :urusan_bidang:, :program_kegiatan:, :alamat:, :id_kalurahan:, :kalurahan:, :id_kapanewon:, :kapanewon:, :biaya:, :volume:, :satuan:, :opd:)', [...], false)
 2 APPPATH\Controllers\Kegiatan_Csr.php(286): CodeIgniter\Database\BaseBuilder->insert([...])
 3 SYSTEMPATH\CodeIgniter.php(919): App\Controllers\Kegiatan_Csr->kegiatan_upload()
 4 SYSTEMPATH\CodeIgniter.php(494): CodeIgniter\CodeIgniter->runController(Object(App\Controllers\Kegiatan_Csr))
 5 SYSTEMPATH\CodeIgniter.php(353): CodeIgniter\CodeIgniter->handleRequest(null, Object(Config\Cache), false)
 6 FCPATH\index.php(79): CodeIgniter\CodeIgniter->run()
INFO - 2024-08-29 13:41:26 --> Session: Class initialized using 'CodeIgniter\Session\Handlers\FileHandler' driver.
INFO - 2024-08-29 13:41:28 --> Session: Class initialized using 'CodeIgniter\Session\Handlers\FileHandler' driver.
INFO - 2024-08-29 13:41:30 --> Session: Class initialized using 'CodeIgniter\Session\Handlers\FileHandler' driver.
INFO - 2024-08-29 13:43:44 --> Session: Class initialized using 'CodeIgniter\Session\Handlers\FileHandler' driver.
INFO - 2024-08-29 13:43:47 --> Session: Class initialized using 'CodeIgniter\Session\Handlers\FileHandler' driver.
INFO - 2024-08-29 13:43:48 --> Session: Class initialized using 'CodeIgniter\Session\Handlers\FileHandler' driver.
INFO - 2024-08-29 13:43:56 --> Session: Class initialized using 'CodeIgniter\Session\Handlers\FileHandler' driver.
INFO - 2024-08-29 13:44:01 --> Session: Class initialized using 'CodeIgniter\Session\Handlers\FileHandler' driver.
INFO - 2024-08-29 13:52:43 --> Session: Class initialized using 'CodeIgniter\Session\Handlers\FileHandler' driver.
INFO - 2024-08-29 13:52:45 --> Session: Class initialized using 'CodeIgniter\Session\Handlers\FileHandler' driver.
INFO - 2024-08-29 13:52:48 --> Session: Class initialized using 'CodeIgniter\Session\Handlers\FileHandler' driver.
INFO - 2024-08-29 13:52:49 --> Session: Class initialized using 'CodeIgniter\Session\Handlers\FileHandler' driver.
INFO - 2024-08-29 13:52:51 --> Session: Class initialized using 'CodeIgniter\Session\Handlers\FileHandler' driver.
CRITICAL - 2024-08-29 13:53:42 --> Trying to access array offset on value of type null
in APPPATH\Controllers\Kegiatan_Csr.php on line 255.
 1 APPPATH\Controllers\Kegiatan_Csr.php(255): CodeIgniter\Debug\Exceptions->errorHandler(8, 'Trying to access array offset on value of type null', 'C:\\laragon\\www\\csr\\app\\Controllers\\Kegiatan_Csr.php', 255, [...])
 2 SYSTEMPATH\CodeIgniter.php(919): App\Controllers\Kegiatan_Csr->kegiatan_upload()
 3 SYSTEMPATH\CodeIgniter.php(494): CodeIgniter\CodeIgniter->runController(Object(App\Controllers\Kegiatan_Csr))
 4 SYSTEMPATH\CodeIgniter.php(353): CodeIgniter\CodeIgniter->handleRequest(null, Object(Config\Cache), false)
 5 FCPATH\index.php(79): CodeIgniter\CodeIgniter->run()
INFO - 2024-08-29 13:54:23 --> Session: Class initialized using 'CodeIgniter\Session\Handlers\FileHandler' driver.
INFO - 2024-08-29 13:54:26 --> Session: Class initialized using 'CodeIgniter\Session\Handlers\FileHandler' driver.
INFO - 2024-08-29 13:54:31 --> Session: Class initialized using 'CodeIgniter\Session\Handlers\FileHandler' driver.
INFO - 2024-08-29 13:54:34 --> Session: Class initialized using 'CodeIgniter\Session\Handlers\FileHandler' driver.
CRITICAL - 2024-08-29 13:54:40 --> Trying to access array offset on value of type null
in APPPATH\Controllers\Kegiatan_Csr.php on line 255.
 1 APPPATH\Controllers\Kegiatan_Csr.php(255): CodeIgniter\Debug\Exceptions->errorHandler(8, 'Trying to access array offset on value of type null', 'C:\\laragon\\www\\csr\\app\\Controllers\\Kegiatan_Csr.php', 255, [...])
 2 SYSTEMPATH\CodeIgniter.php(919): App\Controllers\Kegiatan_Csr->kegiatan_upload()
 3 SYSTEMPATH\CodeIgniter.php(494): CodeIgniter\CodeIgniter->runController(Object(App\Controllers\Kegiatan_Csr))
 4 SYSTEMPATH\CodeIgniter.php(353): CodeIgniter\CodeIgniter->handleRequest(null, Object(Config\Cache), false)
 5 FCPATH\index.php(79): CodeIgniter\CodeIgniter->run()
INFO - 2024-08-29 13:57:53 --> Session: Class initialized using 'CodeIgniter\Session\Handlers\FileHandler' driver.
INFO - 2024-08-29 13:57:56 --> Session: Class initialized using 'CodeIgniter\Session\Handlers\FileHandler' driver.
INFO - 2024-08-29 13:57:58 --> Session: Class initialized using 'CodeIgniter\Session\Handlers\FileHandler' driver.
INFO - 2024-08-29 13:58:06 --> Session: Class initialized using 'CodeIgniter\Session\Handlers\FileHandler' driver.
INFO - 2024-08-29 13:58:09 --> Session: Class initialized using 'CodeIgniter\Session\Handlers\FileHandler' driver.
INFO - 2024-08-29 13:58:43 --> Session: Class initialized using 'CodeIgniter\Session\Handlers\FileHandler' driver.
INFO - 2024-08-29 13:58:47 --> Session: Class initialized using 'CodeIgniter\Session\Handlers\FileHandler' driver.
INFO - 2024-08-29 13:59:30 --> Session: Class initialized using 'CodeIgniter\Session\Handlers\FileHandler' driver.
CRITICAL - 2024-08-29 13:59:38 --> Trying to access array offset on value of type null
in APPPATH\Controllers\Kegiatan_Csr.php on line 255.
 1 APPPATH\Controllers\Kegiatan_Csr.php(255): CodeIgniter\Debug\Exceptions->errorHandler(8, 'Trying to access array offset on value of type null', 'C:\\laragon\\www\\csr\\app\\Controllers\\Kegiatan_Csr.php', 255, [...])
 2 SYSTEMPATH\CodeIgniter.php(919): App\Controllers\Kegiatan_Csr->kegiatan_upload()
 3 SYSTEMPATH\CodeIgniter.php(494): CodeIgniter\CodeIgniter->runController(Object(App\Controllers\Kegiatan_Csr))
 4 SYSTEMPATH\CodeIgniter.php(353): CodeIgniter\CodeIgniter->handleRequest(null, Object(Config\Cache), false)
 5 FCPATH\index.php(79): CodeIgniter\CodeIgniter->run()
INFO - 2024-08-29 13:59:44 --> Session: Class initialized using 'CodeIgniter\Session\Handlers\FileHandler' driver.
INFO - 2024-08-29 13:59:47 --> Session: Class initialized using 'CodeIgniter\Session\Handlers\FileHandler' driver.
INFO - 2024-08-29 14:01:04 --> Session: Class initialized using 'CodeIgniter\Session\Handlers\FileHandler' driver.
INFO - 2024-08-29 14:01:07 --> Session: Class initialized using 'CodeIgniter\Session\Handlers\FileHandler' driver.
INFO - 2024-08-29 14:01:44 --> Session: Class initialized using 'CodeIgniter\Session\Handlers\FileHandler' driver.
INFO - 2024-08-29 14:01:51 --> Session: Class initialized using 'CodeIgniter\Session\Handlers\FileHandler' driver.
CRITICAL - 2024-08-29 14:03:17 --> Trying to access array offset on value of type null
in APPPATH\Controllers\Kegiatan_Csr.php on line 255.
 1 APPPATH\Controllers\Kegiatan_Csr.php(255): CodeIgniter\Debug\Exceptions->errorHandler(8, 'Trying to access array offset on value of type null', 'C:\\laragon\\www\\csr\\app\\Controllers\\Kegiatan_Csr.php', 255, [...])
 2 SYSTEMPATH\CodeIgniter.php(919): App\Controllers\Kegiatan_Csr->kegiatan_upload()
 3 SYSTEMPATH\CodeIgniter.php(494): CodeIgniter\CodeIgniter->runController(Object(App\Controllers\Kegiatan_Csr))
 4 SYSTEMPATH\CodeIgniter.php(353): CodeIgniter\CodeIgniter->handleRequest(null, Object(Config\Cache), false)
 5 FCPATH\index.php(79): CodeIgniter\CodeIgniter->run()
INFO - 2024-08-29 14:03:25 --> Session: Class initialized using 'CodeIgniter\Session\Handlers\FileHandler' driver.
INFO - 2024-08-29 14:03:29 --> Session: Class initialized using 'CodeIgniter\Session\Handlers\FileHandler' driver.
INFO - 2024-08-29 14:06:44 --> Session: Class initialized using 'CodeIgniter\Session\Handlers\FileHandler' driver.
INFO - 2024-08-29 14:06:46 --> Session: Class initialized using 'CodeIgniter\Session\Handlers\FileHandler' driver.
INFO - 2024-08-29 14:07:19 --> Session: Class initialized using 'CodeIgniter\Session\Handlers\FileHandler' driver.
INFO - 2024-08-29 14:07:20 --> Session: Class initialized using 'CodeIgniter\Session\Handlers\FileHandler' driver.
INFO - 2024-08-29 14:07:23 --> Session: Class initialized using 'CodeIgniter\Session\Handlers\FileHandler' driver.
INFO - 2024-08-29 14:07:37 --> Session: Class initialized using 'CodeIgniter\Session\Handlers\FileHandler' driver.
INFO - 2024-08-29 14:07:40 --> Session: Class initialized using 'CodeIgniter\Session\Handlers\FileHandler' driver.
INFO - 2024-08-29 14:09:26 --> Session: Class initialized using 'CodeIgniter\Session\Handlers\FileHandler' driver.
INFO - 2024-08-29 14:09:29 --> Session: Class initialized using 'CodeIgniter\Session\Handlers\FileHandler' driver.
CRITICAL - 2024-08-29 14:10:22 --> Trying to access array offset on value of type null
in APPPATH\Controllers\Kegiatan_Csr.php on line 255.
 1 APPPATH\Controllers\Kegiatan_Csr.php(255): CodeIgniter\Debug\Exceptions->errorHandler(8, 'Trying to access array offset on value of type null', 'C:\\laragon\\www\\csr\\app\\Controllers\\Kegiatan_Csr.php', 255, [...])
 2 SYSTEMPATH\CodeIgniter.php(919): App\Controllers\Kegiatan_Csr->kegiatan_upload()
 3 SYSTEMPATH\CodeIgniter.php(494): CodeIgniter\CodeIgniter->runController(Object(App\Controllers\Kegiatan_Csr))
 4 SYSTEMPATH\CodeIgniter.php(353): CodeIgniter\CodeIgniter->handleRequest(null, Object(Config\Cache), false)
 5 FCPATH\index.php(79): CodeIgniter\CodeIgniter->run()
INFO - 2024-08-29 14:10:29 --> Session: Class initialized using 'CodeIgniter\Session\Handlers\FileHandler' driver.
INFO - 2024-08-29 14:10:32 --> Session: Class initialized using 'CodeIgniter\Session\Handlers\FileHandler' driver.
INFO - 2024-08-29 14:18:46 --> Session: Class initialized using 'CodeIgniter\Session\Handlers\FileHandler' driver.
INFO - 2024-08-29 14:18:50 --> Session: Class initialized using 'CodeIgniter\Session\Handlers\FileHandler' driver.
INFO - 2024-08-29 14:19:02 --> Session: Class initialized using 'CodeIgniter\Session\Handlers\FileHandler' driver.
