CRITICAL - 2023-09-07 04:01:41 --> Call to undefined method CodeIgniter\Database\MySQLi\Result::groupBy()
in APPPATH\Controllers\Admin.php on line 19.
 1 SYSTEMPATH\CodeIgniter.php(919): App\Controllers\Admin->kegiatan_csr()
 2 SYSTEMPATH\CodeIgniter.php(494): CodeIgniter\CodeIgniter->runController(Object(App\Controllers\Admin))
 3 SYSTEMPATH\CodeIgniter.php(353): CodeIgniter\CodeIgniter->handleRequest(null, Object(Config\Cache), false)
 4 FCPATH\index.php(79): CodeIgniter\CodeIgniter->run()
ERROR - 2023-09-07 04:02:07 --> mysqli_sql_exception: Expression #2 of SELECT list is not in GROUP BY clause and contains nonaggregated column 'csr.kalurahan.nm_kapanewon' which is not functionally dependent on columns in GROUP BY clause; this is incompatible with sql_mode=only_full_group_by in D:\laragon\www\csr\system\Database\MySQLi\Connection.php:306
Stack trace:
#0 D:\laragon\www\csr\system\Database\MySQLi\Connection.php(306): mysqli->query('SELECT `id_kapa...', 0)
#1 D:\laragon\www\csr\system\Database\BaseConnection.php(692): CodeIgniter\Database\MySQLi\Connection->execute('SELECT `id_kapa...')
#2 D:\laragon\www\csr\system\Database\BaseConnection.php(606): CodeIgniter\Database\BaseConnection->simpleQuery('SELECT `id_kapa...')
#3 D:\laragon\www\csr\system\Database\BaseBuilder.php(1615): CodeIgniter\Database\BaseConnection->query('SELECT `id_kapa...', Array, false)
#4 D:\laragon\www\csr\app\Controllers\Admin.php(20): CodeIgniter\Database\BaseBuilder->get()
#5 D:\laragon\www\csr\system\CodeIgniter.php(919): App\Controllers\Admin->kegiatan_csr()
#6 D:\laragon\www\csr\system\CodeIgniter.php(494): CodeIgniter\CodeIgniter->runController(Object(App\Controllers\Admin))
#7 D:\laragon\www\csr\system\CodeIgniter.php(353): CodeIgniter\CodeIgniter->handleRequest(NULL, Object(Config\Cache), false)
#8 D:\laragon\www\csr\public\index.php(79): CodeIgniter\CodeIgniter->run()
#9 {main}
CRITICAL - 2023-09-07 04:02:07 --> Expression #2 of SELECT list is not in GROUP BY clause and contains nonaggregated column 'csr.kalurahan.nm_kapanewon' which is not functionally dependent on columns in GROUP BY clause; this is incompatible with sql_mode=only_full_group_by
in SYSTEMPATH\Database\BaseConnection.php on line 646.
 1 SYSTEMPATH\Database\BaseBuilder.php(1615): CodeIgniter\Database\BaseConnection->query('SELECT `id_kapanewon`, `nm_kapanewon`
FROM `kalurahan`
GROUP BY `id_kapanewon`', [], false)
 2 APPPATH\Controllers\Admin.php(20): CodeIgniter\Database\BaseBuilder->get()
 3 SYSTEMPATH\CodeIgniter.php(919): App\Controllers\Admin->kegiatan_csr()
 4 SYSTEMPATH\CodeIgniter.php(494): CodeIgniter\CodeIgniter->runController(Object(App\Controllers\Admin))
 5 SYSTEMPATH\CodeIgniter.php(353): CodeIgniter\CodeIgniter->handleRequest(null, Object(Config\Cache), false)
 6 FCPATH\index.php(79): CodeIgniter\CodeIgniter->run()
ERROR - 2023-09-07 04:03:10 --> mysqli_sql_exception: Unknown column 'kalurahanid_kapanewon' in 'group statement' in D:\laragon\www\csr\system\Database\MySQLi\Connection.php:306
Stack trace:
#0 D:\laragon\www\csr\system\Database\MySQLi\Connection.php(306): mysqli->query('SELECT `kalurah...', 0)
#1 D:\laragon\www\csr\system\Database\BaseConnection.php(692): CodeIgniter\Database\MySQLi\Connection->execute('SELECT `kalurah...')
#2 D:\laragon\www\csr\system\Database\BaseConnection.php(606): CodeIgniter\Database\BaseConnection->simpleQuery('SELECT `kalurah...')
#3 D:\laragon\www\csr\system\Database\BaseBuilder.php(1615): CodeIgniter\Database\BaseConnection->query('SELECT `kalurah...', Array, false)
#4 D:\laragon\www\csr\app\Controllers\Admin.php(20): CodeIgniter\Database\BaseBuilder->get()
#5 D:\laragon\www\csr\system\CodeIgniter.php(919): App\Controllers\Admin->kegiatan_csr()
#6 D:\laragon\www\csr\system\CodeIgniter.php(494): CodeIgniter\CodeIgniter->runController(Object(App\Controllers\Admin))
#7 D:\laragon\www\csr\system\CodeIgniter.php(353): CodeIgniter\CodeIgniter->handleRequest(NULL, Object(Config\Cache), false)
#8 D:\laragon\www\csr\public\index.php(79): CodeIgniter\CodeIgniter->run()
#9 {main}
CRITICAL - 2023-09-07 04:03:10 --> Unknown column 'kalurahanid_kapanewon' in 'group statement'
in SYSTEMPATH\Database\BaseConnection.php on line 646.
 1 SYSTEMPATH\Database\BaseBuilder.php(1615): CodeIgniter\Database\BaseConnection->query('SELECT `kalurahan`.`id_kapanewon`, `kalurahan`.`nm_kapanewon`
FROM `kalurahan`
GROUP BY `kalurahanid_kapanewon`', [], false)
 2 APPPATH\Controllers\Admin.php(20): CodeIgniter\Database\BaseBuilder->get()
 3 SYSTEMPATH\CodeIgniter.php(919): App\Controllers\Admin->kegiatan_csr()
 4 SYSTEMPATH\CodeIgniter.php(494): CodeIgniter\CodeIgniter->runController(Object(App\Controllers\Admin))
 5 SYSTEMPATH\CodeIgniter.php(353): CodeIgniter\CodeIgniter->handleRequest(null, Object(Config\Cache), false)
 6 FCPATH\index.php(79): CodeIgniter\CodeIgniter->run()
ERROR - 2023-09-07 04:03:17 --> mysqli_sql_exception: Expression #2 of SELECT list is not in GROUP BY clause and contains nonaggregated column 'csr.kalurahan.nm_kapanewon' which is not functionally dependent on columns in GROUP BY clause; this is incompatible with sql_mode=only_full_group_by in D:\laragon\www\csr\system\Database\MySQLi\Connection.php:306
Stack trace:
#0 D:\laragon\www\csr\system\Database\MySQLi\Connection.php(306): mysqli->query('SELECT `kalurah...', 0)
#1 D:\laragon\www\csr\system\Database\BaseConnection.php(692): CodeIgniter\Database\MySQLi\Connection->execute('SELECT `kalurah...')
#2 D:\laragon\www\csr\system\Database\BaseConnection.php(606): CodeIgniter\Database\BaseConnection->simpleQuery('SELECT `kalurah...')
#3 D:\laragon\www\csr\system\Database\BaseBuilder.php(1615): CodeIgniter\Database\BaseConnection->query('SELECT `kalurah...', Array, false)
#4 D:\laragon\www\csr\app\Controllers\Admin.php(20): CodeIgniter\Database\BaseBuilder->get()
#5 D:\laragon\www\csr\system\CodeIgniter.php(919): App\Controllers\Admin->kegiatan_csr()
#6 D:\laragon\www\csr\system\CodeIgniter.php(494): CodeIgniter\CodeIgniter->runController(Object(App\Controllers\Admin))
#7 D:\laragon\www\csr\system\CodeIgniter.php(353): CodeIgniter\CodeIgniter->handleRequest(NULL, Object(Config\Cache), false)
#8 D:\laragon\www\csr\public\index.php(79): CodeIgniter\CodeIgniter->run()
#9 {main}
CRITICAL - 2023-09-07 04:03:17 --> Expression #2 of SELECT list is not in GROUP BY clause and contains nonaggregated column 'csr.kalurahan.nm_kapanewon' which is not functionally dependent on columns in GROUP BY clause; this is incompatible with sql_mode=only_full_group_by
in SYSTEMPATH\Database\BaseConnection.php on line 646.
 1 SYSTEMPATH\Database\BaseBuilder.php(1615): CodeIgniter\Database\BaseConnection->query('SELECT `kalurahan`.`id_kapanewon`, `kalurahan`.`nm_kapanewon`
FROM `kalurahan`
GROUP BY `kalurahan`.`id_kapanewon`', [], false)
 2 APPPATH\Controllers\Admin.php(20): CodeIgniter\Database\BaseBuilder->get()
 3 SYSTEMPATH\CodeIgniter.php(919): App\Controllers\Admin->kegiatan_csr()
 4 SYSTEMPATH\CodeIgniter.php(494): CodeIgniter\CodeIgniter->runController(Object(App\Controllers\Admin))
 5 SYSTEMPATH\CodeIgniter.php(353): CodeIgniter\CodeIgniter->handleRequest(null, Object(Config\Cache), false)
 6 FCPATH\index.php(79): CodeIgniter\CodeIgniter->run()
