ERROR - 2024-01-18 09:18:18 --> Error connecting to the database: mysqli_sql_exception: Access denied for user 'root'@'localhost' (using password: NO) in /var/www/html/csr/system/Database/MySQLi/Connection.php:185
Stack trace:
#0 /var/www/html/csr/system/Database/MySQLi/Connection.php(185): mysqli->real_connect()
#1 /var/www/html/csr/system/Database/BaseConnection.php(391): CodeIgniter\Database\MySQLi\Connection->connect()
#2 /var/www/html/csr/system/Database/BaseConnection.php(574): CodeIgniter\Database\BaseConnection->initialize()
#3 /var/www/html/csr/system/Database/BaseBuilder.php(1615): CodeIgniter\Database\BaseConnection->query()
#4 /var/www/html/csr/app/Controllers/Depan.php(14): CodeIgniter\Database\BaseBuilder->get()
#5 /var/www/html/csr/system/CodeIgniter.php(919): App\Controllers\Depan->index()
#6 /var/www/html/csr/system/CodeIgniter.php(494): CodeIgniter\CodeIgniter->runController()
#7 /var/www/html/csr/system/CodeIgniter.php(353): CodeIgniter\CodeIgniter->handleRequest()
#8 /var/www/html/csr/public/index.php(79): CodeIgniter\CodeIgniter->run()
#9 {main}

Next CodeIgniter\Database\Exceptions\DatabaseException: Access denied for user '****'@'localhost' (using password: NO) in /var/www/html/csr/system/Database/MySQLi/Connection.php:229
Stack trace:
#0 /var/www/html/csr/system/Database/BaseConnection.php(391): CodeIgniter\Database\MySQLi\Connection->connect()
#1 /var/www/html/csr/system/Database/BaseConnection.php(574): CodeIgniter\Database\BaseConnection->initialize()
#2 /var/www/html/csr/system/Database/BaseBuilder.php(1615): CodeIgniter\Database\BaseConnection->query()
#3 /var/www/html/csr/app/Controllers/Depan.php(14): CodeIgniter\Database\BaseBuilder->get()
#4 /var/www/html/csr/system/CodeIgniter.php(919): App\Controllers\Depan->index()
#5 /var/www/html/csr/system/CodeIgniter.php(494): CodeIgniter\CodeIgniter->runController()
#6 /var/www/html/csr/system/CodeIgniter.php(353): CodeIgniter\CodeIgniter->handleRequest()
#7 /var/www/html/csr/public/index.php(79): CodeIgniter\CodeIgniter->run()
#8 {main}
CRITICAL - 2024-01-18 09:18:18 --> Unable to connect to the database.
Main connection [MySQLi]: Access denied for user '****'@'localhost' (using password: NO)
in SYSTEMPATH/Database/BaseConnection.php on line 427.
 1 SYSTEMPATH/Database/BaseConnection.php(574): CodeIgniter\Database\BaseConnection->initialize()
 2 SYSTEMPATH/Database/BaseBuilder.php(1615): CodeIgniter\Database\BaseConnection->query()
 3 APPPATH/Controllers/Depan.php(14): CodeIgniter\Database\BaseBuilder->get()
 4 SYSTEMPATH/CodeIgniter.php(919): App\Controllers\Depan->index()
 5 SYSTEMPATH/CodeIgniter.php(494): CodeIgniter\CodeIgniter->runController()
 6 SYSTEMPATH/CodeIgniter.php(353): CodeIgniter\CodeIgniter->handleRequest()
 7 FCPATH/index.php(79): CodeIgniter\CodeIgniter->run()
ERROR - 2024-01-18 09:37:10 --> Error connecting to the database: mysqli_sql_exception: Access denied for user 'root'@'localhost' (using password: NO) in /var/www/html/csr/system/Database/MySQLi/Connection.php:185
Stack trace:
#0 /var/www/html/csr/system/Database/MySQLi/Connection.php(185): mysqli->real_connect()
#1 /var/www/html/csr/system/Database/BaseConnection.php(391): CodeIgniter\Database\MySQLi\Connection->connect()
#2 /var/www/html/csr/system/Database/BaseConnection.php(574): CodeIgniter\Database\BaseConnection->initialize()
#3 /var/www/html/csr/system/Database/BaseBuilder.php(1615): CodeIgniter\Database\BaseConnection->query()
#4 /var/www/html/csr/app/Controllers/Depan.php(14): CodeIgniter\Database\BaseBuilder->get()
#5 /var/www/html/csr/system/CodeIgniter.php(919): App\Controllers\Depan->index()
#6 /var/www/html/csr/system/CodeIgniter.php(494): CodeIgniter\CodeIgniter->runController()
#7 /var/www/html/csr/system/CodeIgniter.php(353): CodeIgniter\CodeIgniter->handleRequest()
#8 /var/www/html/csr/public/index.php(79): CodeIgniter\CodeIgniter->run()
#9 {main}

Next CodeIgniter\Database\Exceptions\DatabaseException: Access denied for user '****'@'localhost' (using password: NO) in /var/www/html/csr/system/Database/MySQLi/Connection.php:229
Stack trace:
#0 /var/www/html/csr/system/Database/BaseConnection.php(391): CodeIgniter\Database\MySQLi\Connection->connect()
#1 /var/www/html/csr/system/Database/BaseConnection.php(574): CodeIgniter\Database\BaseConnection->initialize()
#2 /var/www/html/csr/system/Database/BaseBuilder.php(1615): CodeIgniter\Database\BaseConnection->query()
#3 /var/www/html/csr/app/Controllers/Depan.php(14): CodeIgniter\Database\BaseBuilder->get()
#4 /var/www/html/csr/system/CodeIgniter.php(919): App\Controllers\Depan->index()
#5 /var/www/html/csr/system/CodeIgniter.php(494): CodeIgniter\CodeIgniter->runController()
#6 /var/www/html/csr/system/CodeIgniter.php(353): CodeIgniter\CodeIgniter->handleRequest()
#7 /var/www/html/csr/public/index.php(79): CodeIgniter\CodeIgniter->run()
#8 {main}
CRITICAL - 2024-01-18 09:37:10 --> Unable to connect to the database.
Main connection [MySQLi]: Access denied for user '****'@'localhost' (using password: NO)
in SYSTEMPATH/Database/BaseConnection.php on line 427.
 1 SYSTEMPATH/Database/BaseConnection.php(574): CodeIgniter\Database\BaseConnection->initialize()
 2 SYSTEMPATH/Database/BaseBuilder.php(1615): CodeIgniter\Database\BaseConnection->query()
 3 APPPATH/Controllers/Depan.php(14): CodeIgniter\Database\BaseBuilder->get()
 4 SYSTEMPATH/CodeIgniter.php(919): App\Controllers\Depan->index()
 5 SYSTEMPATH/CodeIgniter.php(494): CodeIgniter\CodeIgniter->runController()
 6 SYSTEMPATH/CodeIgniter.php(353): CodeIgniter\CodeIgniter->handleRequest()
 7 FCPATH/index.php(79): CodeIgniter\CodeIgniter->run()
INFO - 2024-01-18 09:40:55 --> Session: Class initialized using 'CodeIgniter\Session\Handlers\FileHandler' driver.
INFO - 2024-01-18 09:40:55 --> Session: Class initialized using 'CodeIgniter\Session\Handlers\FileHandler' driver.
INFO - 2024-01-18 09:40:58 --> Session: Class initialized using 'CodeIgniter\Session\Handlers\FileHandler' driver.
INFO - 2024-01-18 09:41:02 --> Session: Class initialized using 'CodeIgniter\Session\Handlers\FileHandler' driver.
INFO - 2024-01-18 09:41:05 --> Session: Class initialized using 'CodeIgniter\Session\Handlers\FileHandler' driver.
INFO - 2024-01-18 09:41:09 --> Session: Class initialized using 'CodeIgniter\Session\Handlers\FileHandler' driver.
INFO - 2024-01-18 10:56:56 --> Session: Class initialized using 'CodeIgniter\Session\Handlers\FileHandler' driver.
INFO - 2024-01-18 10:57:00 --> Session: Class initialized using 'CodeIgniter\Session\Handlers\FileHandler' driver.
INFO - 2024-01-18 10:57:02 --> Session: Class initialized using 'CodeIgniter\Session\Handlers\FileHandler' driver.
INFO - 2024-01-18 11:13:30 --> Session: Class initialized using 'CodeIgniter\Session\Handlers\FileHandler' driver.
INFO - 2024-01-18 13:42:20 --> Session: Class initialized using 'CodeIgniter\Session\Handlers\FileHandler' driver.
CRITICAL - 2024-01-18 13:42:20 --> Return value of App\Controllers\Kegiatan_Csr::index() must be of the type string, object returned
in APPPATH/Controllers/Kegiatan_Csr.php on line 13.
 1 SYSTEMPATH/CodeIgniter.php(919): App\Controllers\Kegiatan_Csr->index()
 2 SYSTEMPATH/CodeIgniter.php(494): CodeIgniter\CodeIgniter->runController()
 3 SYSTEMPATH/CodeIgniter.php(353): CodeIgniter\CodeIgniter->handleRequest()
 4 FCPATH/index.php(79): CodeIgniter\CodeIgniter->run()
